[0.106s] DEBUG:colcon:Command line arguments: ['/usr/bin/colcon', 'build', '--symlink-install']
[0.106s] DEBUG:colcon:Parsed command line arguments: Namespace(log_base=None, log_level=None, verb_name='build', build_base='build', install_base='install', merge_install=False, symlink_install=True, test_result_base=None, continue_on_error=False, executor='parallel', parallel_workers=4, event_handlers=None, ignore_user_meta=False, metas=['./colcon.meta'], base_paths=['.'], packages_ignore=None, packages_ignore_regex=None, paths=None, packages_up_to=None, packages_up_to_regex=None, packages_above=None, packages_above_and_dependencies=None, packages_above_depth=None, packages_select_by_dep=None, packages_skip_by_dep=None, packages_skip_up_to=None, packages_select_build_failed=False, packages_skip_build_finished=False, packages_select_test_failures=False, packages_skip_test_passed=False, packages_select=None, packages_skip=None, packages_select_regex=None, packages_skip_regex=None, packages_start=None, packages_end=None, allow_overriding=[], cmake_args=None, cmake_target=None, cmake_target_skip_unavailable=False, cmake_clean_cache=False, cmake_clean_first=False, cmake_force_configure=False, ament_cmake_args=None, catkin_cmake_args=None, catkin_skip_building_tests=False, mixin_files=None, mixin=None, verb_parser=<colcon_mixin.mixin.mixin_argument.MixinArgumentDecorator object at 0x78aa4fe34e50>, verb_extension=<colcon_core.verb.build.BuildVerb object at 0x78aa4ff65cf0>, main=<bound method BuildVerb.main of <colcon_core.verb.build.BuildVerb object at 0x78aa4ff65cf0>>, mixin_verb=('build',))
[0.280s] Level 1:colcon.colcon_core.package_discovery:discover_packages(colcon_meta) check parameters
[0.280s] Level 1:colcon.colcon_core.package_discovery:discover_packages(recursive) check parameters
[0.280s] Level 1:colcon.colcon_core.package_discovery:discover_packages(ignore) check parameters
[0.280s] Level 1:colcon.colcon_core.package_discovery:discover_packages(path) check parameters
[0.280s] Level 1:colcon.colcon_core.package_discovery:discover_packages(colcon_meta) discover
[0.280s] Level 1:colcon.colcon_core.package_discovery:discover_packages(recursive) discover
[0.280s] INFO:colcon.colcon_core.package_discovery:Crawling recursively for packages in '/home/osama/my_tasks/Test/Osama/1st_task_ws'
[0.281s] Level 1:colcon.colcon_core.package_identification:_identify(.) by extensions ['ignore', 'ignore_ament_install']
[0.281s] Level 1:colcon.colcon_core.package_identification:_identify(.) by extension 'ignore'
[0.281s] Level 1:colcon.colcon_core.package_identification:_identify(.) by extension 'ignore_ament_install'
[0.281s] Level 1:colcon.colcon_core.package_identification:_identify(.) by extensions ['colcon_pkg']
[0.281s] Level 1:colcon.colcon_core.package_identification:_identify(.) by extension 'colcon_pkg'
[0.281s] Level 1:colcon.colcon_core.package_identification:_identify(.) by extensions ['colcon_meta']
[0.281s] Level 1:colcon.colcon_core.package_identification:_identify(.) by extension 'colcon_meta'
[0.281s] Level 1:colcon.colcon_core.package_identification:_identify(.) by extensions ['ros']
[0.281s] Level 1:colcon.colcon_core.package_identification:_identify(.) by extension 'ros'
[0.291s] Level 1:colcon.colcon_core.package_identification:_identify(.) by extensions ['cmake', 'python']
[0.292s] Level 1:colcon.colcon_core.package_identification:_identify(.) by extension 'cmake'
[0.292s] Level 1:colcon.colcon_core.package_identification:_identify(.) by extension 'python'
[0.292s] Level 1:colcon.colcon_core.package_identification:_identify(.) by extensions ['python_setup_py']
[0.292s] Level 1:colcon.colcon_core.package_identification:_identify(.) by extension 'python_setup_py'
[0.292s] Level 1:colcon.colcon_core.package_identification:_identify(build) by extensions ['ignore', 'ignore_ament_install']
[0.292s] Level 1:colcon.colcon_core.package_identification:_identify(build) by extension 'ignore'
[0.292s] Level 1:colcon.colcon_core.package_identification:_identify(build) ignored
[0.292s] Level 1:colcon.colcon_core.package_identification:_identify(install) by extensions ['ignore', 'ignore_ament_install']
[0.292s] Level 1:colcon.colcon_core.package_identification:_identify(install) by extension 'ignore'
[0.292s] Level 1:colcon.colcon_core.package_identification:_identify(install) ignored
[0.292s] Level 1:colcon.colcon_core.package_identification:_identify(log) by extensions ['ignore', 'ignore_ament_install']
[0.292s] Level 1:colcon.colcon_core.package_identification:_identify(log) by extension 'ignore'
[0.292s] Level 1:colcon.colcon_core.package_identification:_identify(log) ignored
[0.292s] Level 1:colcon.colcon_core.package_identification:_identify(src) by extensions ['ignore', 'ignore_ament_install']
[0.293s] Level 1:colcon.colcon_core.package_identification:_identify(src) by extension 'ignore'
[0.293s] Level 1:colcon.colcon_core.package_identification:_identify(src) by extension 'ignore_ament_install'
[0.293s] Level 1:colcon.colcon_core.package_identification:_identify(src) by extensions ['colcon_pkg']
[0.293s] Level 1:colcon.colcon_core.package_identification:_identify(src) by extension 'colcon_pkg'
[0.293s] Level 1:colcon.colcon_core.package_identification:_identify(src) by extensions ['colcon_meta']
[0.293s] Level 1:colcon.colcon_core.package_identification:_identify(src) by extension 'colcon_meta'
[0.293s] Level 1:colcon.colcon_core.package_identification:_identify(src) by extensions ['ros']
[0.293s] Level 1:colcon.colcon_core.package_identification:_identify(src) by extension 'ros'
[0.293s] Level 1:colcon.colcon_core.package_identification:_identify(src) by extensions ['cmake', 'python']
[0.293s] Level 1:colcon.colcon_core.package_identification:_identify(src) by extension 'cmake'
[0.293s] Level 1:colcon.colcon_core.package_identification:_identify(src) by extension 'python'
[0.293s] Level 1:colcon.colcon_core.package_identification:_identify(src) by extensions ['python_setup_py']
[0.293s] Level 1:colcon.colcon_core.package_identification:_identify(src) by extension 'python_setup_py'
[0.293s] Level 1:colcon.colcon_core.package_identification:_identify(src/write_my_name) by extensions ['ignore', 'ignore_ament_install']
[0.293s] Level 1:colcon.colcon_core.package_identification:_identify(src/write_my_name) by extension 'ignore'
[0.293s] Level 1:colcon.colcon_core.package_identification:_identify(src/write_my_name) by extension 'ignore_ament_install'
[0.293s] Level 1:colcon.colcon_core.package_identification:_identify(src/write_my_name) by extensions ['colcon_pkg']
[0.293s] Level 1:colcon.colcon_core.package_identification:_identify(src/write_my_name) by extension 'colcon_pkg'
[0.293s] Level 1:colcon.colcon_core.package_identification:_identify(src/write_my_name) by extensions ['colcon_meta']
[0.293s] Level 1:colcon.colcon_core.package_identification:_identify(src/write_my_name) by extension 'colcon_meta'
[0.294s] Level 1:colcon.colcon_core.package_identification:_identify(src/write_my_name) by extensions ['ros']
[0.294s] Level 1:colcon.colcon_core.package_identification:_identify(src/write_my_name) by extension 'ros'
[0.296s] DEBUG:colcon.colcon_core.package_identification:Package 'src/write_my_name' with type 'ros.ament_python' and name 'write_my_name'
[0.296s] Level 1:colcon.colcon_core.package_discovery:discover_packages(recursive) using defaults
[0.296s] Level 1:colcon.colcon_core.package_discovery:discover_packages(ignore) discover
[0.296s] Level 1:colcon.colcon_core.package_discovery:discover_packages(ignore) using defaults
[0.296s] Level 1:colcon.colcon_core.package_discovery:discover_packages(path) discover
[0.296s] Level 1:colcon.colcon_core.package_discovery:discover_packages(path) using defaults
[0.316s] Level 1:colcon.colcon_core.package_discovery:discover_packages(prefix_path) check parameters
[0.316s] Level 1:colcon.colcon_core.package_discovery:discover_packages(prefix_path) discover
[0.326s] DEBUG:colcon.colcon_installed_package_information.package_discovery:Found 1 installed packages in /home/osama/osama_ws/install
[0.328s] DEBUG:colcon.colcon_installed_package_information.package_discovery:Found 271 installed packages in /opt/ros/humble
[0.329s] Level 1:colcon.colcon_core.package_discovery:discover_packages(prefix_path) using defaults
[0.366s] Level 5:colcon.colcon_core.verb:set package 'write_my_name' build argument 'cmake_args' from command line to 'None'
[0.366s] Level 5:colcon.colcon_core.verb:set package 'write_my_name' build argument 'cmake_target' from command line to 'None'
[0.366s] Level 5:colcon.colcon_core.verb:set package 'write_my_name' build argument 'cmake_target_skip_unavailable' from command line to 'False'
[0.366s] Level 5:colcon.colcon_core.verb:set package 'write_my_name' build argument 'cmake_clean_cache' from command line to 'False'
[0.366s] Level 5:colcon.colcon_core.verb:set package 'write_my_name' build argument 'cmake_clean_first' from command line to 'False'
[0.366s] Level 5:colcon.colcon_core.verb:set package 'write_my_name' build argument 'cmake_force_configure' from command line to 'False'
[0.366s] Level 5:colcon.colcon_core.verb:set package 'write_my_name' build argument 'ament_cmake_args' from command line to 'None'
[0.366s] Level 5:colcon.colcon_core.verb:set package 'write_my_name' build argument 'catkin_cmake_args' from command line to 'None'
[0.366s] Level 5:colcon.colcon_core.verb:set package 'write_my_name' build argument 'catkin_skip_building_tests' from command line to 'False'
[0.366s] DEBUG:colcon.colcon_core.verb:Building package 'write_my_name' with the following arguments: {'ament_cmake_args': None, 'build_base': '/home/osama/my_tasks/Test/Osama/1st_task_ws/build/write_my_name', 'catkin_cmake_args': None, 'catkin_skip_building_tests': False, 'cmake_args': None, 'cmake_clean_cache': False, 'cmake_clean_first': False, 'cmake_force_configure': False, 'cmake_target': None, 'cmake_target_skip_unavailable': False, 'install_base': '/home/osama/my_tasks/Test/Osama/1st_task_ws/install/write_my_name', 'merge_install': False, 'path': '/home/osama/my_tasks/Test/Osama/1st_task_ws/src/write_my_name', 'symlink_install': True, 'test_result_base': None}
[0.366s] INFO:colcon.colcon_core.executor:Executing jobs using 'parallel' executor
[0.367s] DEBUG:colcon.colcon_parallel_executor.executor.parallel:run_until_complete
[0.367s] INFO:colcon.colcon_ros.task.ament_python.build:Building ROS package in '/home/osama/my_tasks/Test/Osama/1st_task_ws/src/write_my_name' with build type 'ament_python'
[0.368s] Level 1:colcon.colcon_core.shell:create_environment_hook('write_my_name', 'ament_prefix_path')
[0.370s] INFO:colcon.colcon_core.plugin_system:Skipping extension 'colcon_core.shell.bat': Not used on non-Windows systems
[0.370s] INFO:colcon.colcon_core.shell:Creating environment hook '/home/osama/my_tasks/Test/Osama/1st_task_ws/install/write_my_name/share/write_my_name/hook/ament_prefix_path.ps1'
[0.371s] INFO:colcon.colcon_core.shell:Creating environment descriptor '/home/osama/my_tasks/Test/Osama/1st_task_ws/install/write_my_name/share/write_my_name/hook/ament_prefix_path.dsv'
[0.371s] INFO:colcon.colcon_core.shell:Creating environment hook '/home/osama/my_tasks/Test/Osama/1st_task_ws/install/write_my_name/share/write_my_name/hook/ament_prefix_path.sh'
[0.372s] INFO:colcon.colcon_core.shell:Skip shell extension 'powershell' for command environment: Not usable outside of PowerShell
[0.372s] DEBUG:colcon.colcon_core.shell:Skip shell extension 'dsv' for command environment
[0.623s] INFO:colcon.colcon_core.task.python.build:Building Python package in '/home/osama/my_tasks/Test/Osama/1st_task_ws/src/write_my_name'
[0.624s] INFO:colcon.colcon_core.shell:Skip shell extension 'powershell' for command environment: Not usable outside of PowerShell
[0.624s] DEBUG:colcon.colcon_core.shell:Skip shell extension 'dsv' for command environment
[0.943s] DEBUG:colcon.colcon_core.event_handler.log_command:Invoking command in '/home/osama/my_tasks/Test/Osama/1st_task_ws/build/write_my_name': PYTHONPATH=/home/osama/my_tasks/Test/Osama/1st_task_ws/build/write_my_name/prefix_override:/usr/lib/python3/dist-packages/colcon_core/task/python/colcon_distutils_commands:/home/osama/my_tasks/Test/Osama/1st_task_ws/install/write_my_name/lib/python3.10/site-packages:${PYTHONPATH} /usr/bin/python3 -W ignore:setup.py install is deprecated -W ignore:easy_install command is deprecated setup.py develop --editable --build-directory /home/osama/my_tasks/Test/Osama/1st_task_ws/build/write_my_name/build --no-deps symlink_data
[1.387s] Level 1:colcon.colcon_core.shell:create_environment_hook('write_my_name', 'pythonpath_develop')
[1.387s] DEBUG:colcon.colcon_core.event_handler.log_command:Invoked command in '/home/osama/my_tasks/Test/Osama/1st_task_ws/build/write_my_name' returned '0': PYTHONPATH=/home/osama/my_tasks/Test/Osama/1st_task_ws/build/write_my_name/prefix_override:/usr/lib/python3/dist-packages/colcon_core/task/python/colcon_distutils_commands:/home/osama/my_tasks/Test/Osama/1st_task_ws/install/write_my_name/lib/python3.10/site-packages:${PYTHONPATH} /usr/bin/python3 -W ignore:setup.py install is deprecated -W ignore:easy_install command is deprecated setup.py develop --editable --build-directory /home/osama/my_tasks/Test/Osama/1st_task_ws/build/write_my_name/build --no-deps symlink_data
[1.388s] INFO:colcon.colcon_core.shell:Creating environment hook '/home/osama/my_tasks/Test/Osama/1st_task_ws/build/write_my_name/share/write_my_name/hook/pythonpath_develop.ps1'
[1.388s] INFO:colcon.colcon_core.shell:Creating environment descriptor '/home/osama/my_tasks/Test/Osama/1st_task_ws/build/write_my_name/share/write_my_name/hook/pythonpath_develop.dsv'
[1.388s] INFO:colcon.colcon_core.shell:Creating environment hook '/home/osama/my_tasks/Test/Osama/1st_task_ws/build/write_my_name/share/write_my_name/hook/pythonpath_develop.sh'
[1.391s] Level 1:colcon.colcon_core.environment:checking '/home/osama/my_tasks/Test/Osama/1st_task_ws/install/write_my_name' for CMake module files
[1.391s] Level 1:colcon.colcon_core.environment:checking '/home/osama/my_tasks/Test/Osama/1st_task_ws/install/write_my_name' for CMake config files
[1.392s] Level 1:colcon.colcon_core.environment:checking '/home/osama/my_tasks/Test/Osama/1st_task_ws/install/write_my_name/lib'
[1.392s] Level 1:colcon.colcon_core.environment:checking '/home/osama/my_tasks/Test/Osama/1st_task_ws/install/write_my_name/bin'
[1.392s] Level 1:colcon.colcon_core.environment:checking '/home/osama/my_tasks/Test/Osama/1st_task_ws/install/write_my_name/lib/pkgconfig/write_my_name.pc'
[1.392s] Level 1:colcon.colcon_core.environment:checking '/home/osama/my_tasks/Test/Osama/1st_task_ws/install/write_my_name/lib/python3.10/site-packages'
[1.392s] Level 1:colcon.colcon_core.shell:create_environment_hook('write_my_name', 'pythonpath')
[1.392s] INFO:colcon.colcon_core.shell:Creating environment hook '/home/osama/my_tasks/Test/Osama/1st_task_ws/install/write_my_name/share/write_my_name/hook/pythonpath.ps1'
[1.393s] INFO:colcon.colcon_core.shell:Creating environment descriptor '/home/osama/my_tasks/Test/Osama/1st_task_ws/install/write_my_name/share/write_my_name/hook/pythonpath.dsv'
[1.393s] INFO:colcon.colcon_core.shell:Creating environment hook '/home/osama/my_tasks/Test/Osama/1st_task_ws/install/write_my_name/share/write_my_name/hook/pythonpath.sh'
[1.393s] Level 1:colcon.colcon_core.environment:checking '/home/osama/my_tasks/Test/Osama/1st_task_ws/install/write_my_name/bin'
[1.393s] Level 1:colcon.colcon_core.environment:create_environment_scripts_only(write_my_name)
[1.394s] INFO:colcon.colcon_core.shell:Creating package script '/home/osama/my_tasks/Test/Osama/1st_task_ws/install/write_my_name/share/write_my_name/package.ps1'
[1.395s] INFO:colcon.colcon_core.shell:Creating package descriptor '/home/osama/my_tasks/Test/Osama/1st_task_ws/install/write_my_name/share/write_my_name/package.dsv'
[1.395s] INFO:colcon.colcon_core.shell:Creating package script '/home/osama/my_tasks/Test/Osama/1st_task_ws/install/write_my_name/share/write_my_name/package.sh'
[1.396s] INFO:colcon.colcon_core.shell:Creating package script '/home/osama/my_tasks/Test/Osama/1st_task_ws/install/write_my_name/share/write_my_name/package.bash'
[1.397s] INFO:colcon.colcon_core.shell:Creating package script '/home/osama/my_tasks/Test/Osama/1st_task_ws/install/write_my_name/share/write_my_name/package.zsh'
[1.398s] Level 1:colcon.colcon_core.environment:create_file_with_runtime_dependencies(/home/osama/my_tasks/Test/Osama/1st_task_ws/install/write_my_name/share/colcon-core/packages/write_my_name)
[1.398s] DEBUG:colcon.colcon_parallel_executor.executor.parallel:closing loop
[1.398s] DEBUG:colcon.colcon_parallel_executor.executor.parallel:loop closed
[1.398s] DEBUG:colcon.colcon_parallel_executor.executor.parallel:run_until_complete finished with '0'
[1.398s] DEBUG:colcon.colcon_core.event_reactor:joining thread
[1.404s] INFO:colcon.colcon_core.plugin_system:Skipping extension 'colcon_notification.desktop_notification.terminal_notifier': Not used on non-Darwin systems
[1.404s] INFO:colcon.colcon_core.plugin_system:Skipping extension 'colcon_notification.desktop_notification.win32': Not used on non-Windows systems
[1.404s] INFO:colcon.colcon_notification.desktop_notification:Sending desktop notification using 'notify2'
[1.415s] DEBUG:colcon.colcon_core.event_reactor:joined thread
[1.416s] INFO:colcon.colcon_core.shell:Creating prefix script '/home/osama/my_tasks/Test/Osama/1st_task_ws/install/local_setup.ps1'
[1.416s] INFO:colcon.colcon_core.shell:Creating prefix util module '/home/osama/my_tasks/Test/Osama/1st_task_ws/install/_local_setup_util_ps1.py'
[1.418s] INFO:colcon.colcon_core.shell:Creating prefix chain script '/home/osama/my_tasks/Test/Osama/1st_task_ws/install/setup.ps1'
[1.419s] INFO:colcon.colcon_core.shell:Creating prefix script '/home/osama/my_tasks/Test/Osama/1st_task_ws/install/local_setup.sh'
[1.419s] INFO:colcon.colcon_core.shell:Creating prefix util module '/home/osama/my_tasks/Test/Osama/1st_task_ws/install/_local_setup_util_sh.py'
[1.420s] INFO:colcon.colcon_core.shell:Creating prefix chain script '/home/osama/my_tasks/Test/Osama/1st_task_ws/install/setup.sh'
[1.421s] INFO:colcon.colcon_core.shell:Creating prefix script '/home/osama/my_tasks/Test/Osama/1st_task_ws/install/local_setup.bash'
[1.421s] INFO:colcon.colcon_core.shell:Creating prefix chain script '/home/osama/my_tasks/Test/Osama/1st_task_ws/install/setup.bash'
[1.423s] INFO:colcon.colcon_core.shell:Creating prefix script '/home/osama/my_tasks/Test/Osama/1st_task_ws/install/local_setup.zsh'
[1.423s] INFO:colcon.colcon_core.shell:Creating prefix chain script '/home/osama/my_tasks/Test/Osama/1st_task_ws/install/setup.zsh'
