running develop
running egg_info
creating write_my_name.egg-info
writing write_my_name.egg-info/PKG-INFO
writing dependency_links to write_my_name.egg-info/dependency_links.txt
writing entry points to write_my_name.egg-info/entry_points.txt
writing requirements to write_my_name.egg-info/requires.txt
writing top-level names to write_my_name.egg-info/top_level.txt
writing manifest file 'write_my_name.egg-info/SOURCES.txt'
reading manifest file 'write_my_name.egg-info/SOURCES.txt'
writing manifest file 'write_my_name.egg-info/SOURCES.txt'
running build_ext
Creating /home/osama/my_tasks/Test/Osama/1st_task_ws/install/write_my_name/lib/python3.10/site-packages/write-my-name.egg-link (link to .)

Installed /home/osama/my_tasks/Test/Osama/1st_task_ws/build/write_my_name
running symlink_data
creating /home/osama/my_tasks/Test/Osama/1st_task_ws/install/write_my_name/share/ament_index
creating /home/osama/my_tasks/Test/Osama/1st_task_ws/install/write_my_name/share/ament_index/resource_index
creating /home/osama/my_tasks/Test/Osama/1st_task_ws/install/write_my_name/share/ament_index/resource_index/packages
symbolically linking /home/osama/my_tasks/Test/Osama/1st_task_ws/build/write_my_name/resource/write_my_name -> /home/osama/my_tasks/Test/Osama/1st_task_ws/install/write_my_name/share/ament_index/resource_index/packages
symbolically linking /home/osama/my_tasks/Test/Osama/1st_task_ws/build/write_my_name/package.xml -> /home/osama/my_tasks/Test/Osama/1st_task_ws/install/write_my_name/share/write_my_name
