[0.503s] Invoking command in '/home/zahaby/Test/Elzahaby/ws/build/zahaby_pkg': PYTHONPATH=/home/zahaby/Test/Elzahaby/ws/build/zahaby_pkg/prefix_override:/usr/lib/python3/dist-packages/colcon_core/task/python/colcon_distutils_commands:/home/zahaby/Test/Elzahaby/ws/install/zahaby_pkg/lib/python3.10/site-packages:${PYTHONPATH} /usr/bin/python3 -W ignore:setup.py install is deprecated -W ignore:easy_install command is deprecated setup.py develop --uninstall --editable --build-directory /home/zahaby/Test/Elzahaby/ws/build/zahaby_pkg/build
[0.711s] running develop
[0.843s] Removing /home/zahaby/Test/Elzahaby/ws/install/zahaby_pkg/lib/python3.10/site-packages/zahaby-pkg.egg-link (link to .)
[0.863s] Invoked command in '/home/zahaby/Test/Elzahaby/ws/build/zahaby_pkg' returned '0': PYTHONPATH=/home/zahaby/Test/Elzahaby/ws/build/zahaby_pkg/prefix_override:/usr/lib/python3/dist-packages/colcon_core/task/python/colcon_distutils_commands:/home/zahaby/Test/Elzahaby/ws/install/zahaby_pkg/lib/python3.10/site-packages:${PYTHONPATH} /usr/bin/python3 -W ignore:setup.py install is deprecated -W ignore:easy_install command is deprecated setup.py develop --uninstall --editable --build-directory /home/zahaby/Test/Elzahaby/ws/build/zahaby_pkg/build
[0.864s] Invoking command in '/home/zahaby/Test/Elzahaby/ws/src/zahaby_pkg': PYTHONPATH=/home/zahaby/Test/Elzahaby/ws/build/zahaby_pkg/prefix_override:/usr/lib/python3/dist-packages/colcon_core/task/python/colcon_distutils_commands:/home/zahaby/Test/Elzahaby/ws/install/zahaby_pkg/lib/python3.10/site-packages:${PYTHONPATH} /usr/bin/python3 -W ignore:setup.py install is deprecated -W ignore:easy_install command is deprecated setup.py egg_info --egg-base ../../build/zahaby_pkg build --build-base /home/zahaby/Test/Elzahaby/ws/build/zahaby_pkg/build install --record /home/zahaby/Test/Elzahaby/ws/build/zahaby_pkg/install.log --single-version-externally-managed install_data --force
[1.060s] running egg_info
[1.060s] writing ../../build/zahaby_pkg/zahaby_pkg.egg-info/PKG-INFO
[1.060s] writing dependency_links to ../../build/zahaby_pkg/zahaby_pkg.egg-info/dependency_links.txt
[1.060s] writing entry points to ../../build/zahaby_pkg/zahaby_pkg.egg-info/entry_points.txt
[1.060s] writing requirements to ../../build/zahaby_pkg/zahaby_pkg.egg-info/requires.txt
[1.060s] writing top-level names to ../../build/zahaby_pkg/zahaby_pkg.egg-info/top_level.txt
[1.062s] reading manifest file '../../build/zahaby_pkg/zahaby_pkg.egg-info/SOURCES.txt'
[1.063s] writing manifest file '../../build/zahaby_pkg/zahaby_pkg.egg-info/SOURCES.txt'
[1.063s] running build
[1.063s] running build_py
[1.063s] copying zahaby_pkg/turt_cont.py -> /home/zahaby/Test/Elzahaby/ws/build/zahaby_pkg/build/lib/zahaby_pkg
[1.063s] running install
[1.064s] running install_lib
[1.064s] creating /home/zahaby/Test/Elzahaby/ws/install/zahaby_pkg/lib/python3.10/site-packages/zahaby_pkg
[1.064s] copying /home/zahaby/Test/Elzahaby/ws/build/zahaby_pkg/build/lib/zahaby_pkg/__init__.py -> /home/zahaby/Test/Elzahaby/ws/install/zahaby_pkg/lib/python3.10/site-packages/zahaby_pkg
[1.064s] copying /home/zahaby/Test/Elzahaby/ws/build/zahaby_pkg/build/lib/zahaby_pkg/turt_cont.py -> /home/zahaby/Test/Elzahaby/ws/install/zahaby_pkg/lib/python3.10/site-packages/zahaby_pkg
[1.065s] byte-compiling /home/zahaby/Test/Elzahaby/ws/install/zahaby_pkg/lib/python3.10/site-packages/zahaby_pkg/__init__.py to __init__.cpython-310.pyc
[1.065s] byte-compiling /home/zahaby/Test/Elzahaby/ws/install/zahaby_pkg/lib/python3.10/site-packages/zahaby_pkg/turt_cont.py to turt_cont.cpython-310.pyc
[1.066s] running install_data
[1.066s] copying resource/zahaby_pkg -> /home/zahaby/Test/Elzahaby/ws/install/zahaby_pkg/share/ament_index/resource_index/packages
[1.066s] copying package.xml -> /home/zahaby/Test/Elzahaby/ws/install/zahaby_pkg/share/zahaby_pkg
[1.066s] running install_egg_info
[1.067s] Copying ../../build/zahaby_pkg/zahaby_pkg.egg-info to /home/zahaby/Test/Elzahaby/ws/install/zahaby_pkg/lib/python3.10/site-packages/zahaby_pkg-0.0.0-py3.10.egg-info
[1.068s] running install_scripts
[1.083s] Installing turt_cont script to /home/zahaby/Test/Elzahaby/ws/install/zahaby_pkg/lib/zahaby_pkg
[1.083s] writing list of installed files to '/home/zahaby/Test/Elzahaby/ws/build/zahaby_pkg/install.log'
[1.102s] Invoked command in '/home/zahaby/Test/Elzahaby/ws/src/zahaby_pkg' returned '0': PYTHONPATH=/home/zahaby/Test/Elzahaby/ws/build/zahaby_pkg/prefix_override:/usr/lib/python3/dist-packages/colcon_core/task/python/colcon_distutils_commands:/home/zahaby/Test/Elzahaby/ws/install/zahaby_pkg/lib/python3.10/site-packages:${PYTHONPATH} /usr/bin/python3 -W ignore:setup.py install is deprecated -W ignore:easy_install command is deprecated setup.py egg_info --egg-base ../../build/zahaby_pkg build --build-base /home/zahaby/Test/Elzahaby/ws/build/zahaby_pkg/build install --record /home/zahaby/Test/Elzahaby/ws/build/zahaby_pkg/install.log --single-version-externally-managed install_data --force
