[0.013s] Invoking command in '/home/ahmedmwafy/Test/Mwafy/ros2_my_ws/build/Letters_Drawing_2': CMAKE_PREFIX_PATH=/opt/ros/humble /usr/bin/cmake --build /home/ahmedmwafy/Test/Mwafy/ros2_my_ws/build/Letters_Drawing_2 -- -j16 -l16
[0.258s] Invoked command in '/home/ahmedmwafy/Test/Mwafy/ros2_my_ws/build/Letters_Drawing_2' returned '0': CMAKE_PREFIX_PATH=/opt/ros/humble /usr/bin/cmake --build /home/ahmedmwafy/Test/Mwafy/ros2_my_ws/build/Letters_Drawing_2 -- -j16 -l16
[0.267s] Invoking command in '/home/ahmedmwafy/Test/Mwafy/ros2_my_ws/build/Letters_Drawing_2': CMAKE_PREFIX_PATH=/opt/ros/humble /usr/bin/cmake --install /home/ahmedmwafy/Test/Mwafy/ros2_my_ws/build/Letters_Drawing_2
[0.274s] -- Install configuration: ""
[0.274s] -- Up-to-date: /home/ahmedmwafy/Test/Mwafy/ros2_my_ws/install/Letters_Drawing_2/share/ament_index/resource_index/package_run_dependencies/Letters_Drawing_2
[0.274s] -- Up-to-date: /home/ahmedmwafy/Test/Mwafy/ros2_my_ws/install/Letters_Drawing_2/share/ament_index/resource_index/parent_prefix_path/Letters_Drawing_2
[0.274s] -- Up-to-date: /home/ahmedmwafy/Test/Mwafy/ros2_my_ws/install/Letters_Drawing_2/share/Letters_Drawing_2/environment/ament_prefix_path.sh
[0.275s] -- Up-to-date: /home/ahmedmwafy/Test/Mwafy/ros2_my_ws/install/Letters_Drawing_2/share/Letters_Drawing_2/environment/ament_prefix_path.dsv
[0.275s] -- Up-to-date: /home/ahmedmwafy/Test/Mwafy/ros2_my_ws/install/Letters_Drawing_2/share/Letters_Drawing_2/environment/path.sh
[0.275s] -- Up-to-date: /home/ahmedmwafy/Test/Mwafy/ros2_my_ws/install/Letters_Drawing_2/share/Letters_Drawing_2/environment/path.dsv
[0.275s] -- Up-to-date: /home/ahmedmwafy/Test/Mwafy/ros2_my_ws/install/Letters_Drawing_2/share/Letters_Drawing_2/local_setup.bash
[0.275s] -- Up-to-date: /home/ahmedmwafy/Test/Mwafy/ros2_my_ws/install/Letters_Drawing_2/share/Letters_Drawing_2/local_setup.sh
[0.275s] -- Up-to-date: /home/ahmedmwafy/Test/Mwafy/ros2_my_ws/install/Letters_Drawing_2/share/Letters_Drawing_2/local_setup.zsh
[0.275s] -- Up-to-date: /home/ahmedmwafy/Test/Mwafy/ros2_my_ws/install/Letters_Drawing_2/share/Letters_Drawing_2/local_setup.dsv
[0.275s] -- Up-to-date: /home/ahmedmwafy/Test/Mwafy/ros2_my_ws/install/Letters_Drawing_2/share/Letters_Drawing_2/package.dsv
[0.275s] -- Up-to-date: /home/ahmedmwafy/Test/Mwafy/ros2_my_ws/install/Letters_Drawing_2/share/ament_index/resource_index/packages/Letters_Drawing_2
[0.275s] -- Up-to-date: /home/ahmedmwafy/Test/Mwafy/ros2_my_ws/install/Letters_Drawing_2/share/Letters_Drawing_2/cmake/Letters_Drawing_2Config.cmake
[0.275s] -- Up-to-date: /home/ahmedmwafy/Test/Mwafy/ros2_my_ws/install/Letters_Drawing_2/share/Letters_Drawing_2/cmake/Letters_Drawing_2Config-version.cmake
[0.275s] -- Up-to-date: /home/ahmedmwafy/Test/Mwafy/ros2_my_ws/install/Letters_Drawing_2/share/Letters_Drawing_2/package.xml
[0.276s] Invoked command in '/home/ahmedmwafy/Test/Mwafy/ros2_my_ws/build/Letters_Drawing_2' returned '0': CMAKE_PREFIX_PATH=/opt/ros/humble /usr/bin/cmake --install /home/ahmedmwafy/Test/Mwafy/ros2_my_ws/build/Letters_Drawing_2
