[0.554s] Invoking command in '/home/ahmedmwafy/Test/Mwafy/ros2_my_ws/src/turtle_control_1': PYTHONPATH=/home/ahmedmwafy/Test/Mwafy/ros2_my_ws/build/turtle_control_1/prefix_override:/usr/lib/python3/dist-packages/colcon_core/task/python/colcon_distutils_commands:/home/ahmedmwafy/Test/Mwafy/ros2_my_ws/install/turtle_control_1/lib/python3.10/site-packages:${PYTHONPATH} /usr/bin/python3 -W ignore:setup.py install is deprecated -W ignore:easy_install command is deprecated setup.py egg_info --egg-base ../../build/turtle_control_1 build --build-base /home/ahmedmwafy/Test/Mwafy/ros2_my_ws/build/turtle_control_1/build install --record /home/ahmedmwafy/Test/Mwafy/ros2_my_ws/build/turtle_control_1/install.log --single-version-externally-managed install_data
[0.784s] running egg_info
[0.784s] writing ../../build/turtle_control_1/turtle_control_1.egg-info/PKG-INFO
[0.784s] writing dependency_links to ../../build/turtle_control_1/turtle_control_1.egg-info/dependency_links.txt
[0.784s] writing entry points to ../../build/turtle_control_1/turtle_control_1.egg-info/entry_points.txt
[0.784s] writing requirements to ../../build/turtle_control_1/turtle_control_1.egg-info/requires.txt
[0.785s] writing top-level names to ../../build/turtle_control_1/turtle_control_1.egg-info/top_level.txt
[0.786s] reading manifest file '../../build/turtle_control_1/turtle_control_1.egg-info/SOURCES.txt'
[0.787s] writing manifest file '../../build/turtle_control_1/turtle_control_1.egg-info/SOURCES.txt'
[0.787s] running build
[0.787s] running build_py
[0.787s] copying turtle_control_1/drawing_H.py -> /home/ahmedmwafy/Test/Mwafy/ros2_my_ws/build/turtle_control_1/build/lib/turtle_control_1
[0.787s] running install
[0.787s] running install_lib
[0.787s] copying /home/ahmedmwafy/Test/Mwafy/ros2_my_ws/build/turtle_control_1/build/lib/turtle_control_1/drawing_H.py -> /home/ahmedmwafy/Test/Mwafy/ros2_my_ws/install/turtle_control_1/lib/python3.10/site-packages/turtle_control_1
[0.788s] byte-compiling /home/ahmedmwafy/Test/Mwafy/ros2_my_ws/install/turtle_control_1/lib/python3.10/site-packages/turtle_control_1/drawing_H.py to drawing_H.cpython-310.pyc
[0.789s] running install_data
[0.789s] running install_egg_info
[0.791s] removing '/home/ahmedmwafy/Test/Mwafy/ros2_my_ws/install/turtle_control_1/lib/python3.10/site-packages/turtle_control_1-0.0.0-py3.10.egg-info' (and everything under it)
[0.791s] Copying ../../build/turtle_control_1/turtle_control_1.egg-info to /home/ahmedmwafy/Test/Mwafy/ros2_my_ws/install/turtle_control_1/lib/python3.10/site-packages/turtle_control_1-0.0.0-py3.10.egg-info
[0.792s] running install_scripts
[0.807s] Installing drawing_A script to /home/ahmedmwafy/Test/Mwafy/ros2_my_ws/install/turtle_control_1/lib/turtle_control_1
[0.807s] Installing drawing_H script to /home/ahmedmwafy/Test/Mwafy/ros2_my_ws/install/turtle_control_1/lib/turtle_control_1
[0.807s] writing list of installed files to '/home/ahmedmwafy/Test/Mwafy/ros2_my_ws/build/turtle_control_1/install.log'
[0.823s] Invoked command in '/home/ahmedmwafy/Test/Mwafy/ros2_my_ws/src/turtle_control_1' returned '0': PYTHONPATH=/home/ahmedmwafy/Test/Mwafy/ros2_my_ws/build/turtle_control_1/prefix_override:/usr/lib/python3/dist-packages/colcon_core/task/python/colcon_distutils_commands:/home/ahmedmwafy/Test/Mwafy/ros2_my_ws/install/turtle_control_1/lib/python3.10/site-packages:${PYTHONPATH} /usr/bin/python3 -W ignore:setup.py install is deprecated -W ignore:easy_install command is deprecated setup.py egg_info --egg-base ../../build/turtle_control_1 build --build-base /home/ahmedmwafy/Test/Mwafy/ros2_my_ws/build/turtle_control_1/build install --record /home/ahmedmwafy/Test/Mwafy/ros2_my_ws/build/turtle_control_1/install.log --single-version-externally-managed install_data
