[0.013s] Invoking command in '/home/ahmedmwafy/Test/Mwafy/ros2_my_ws/build/letters_drawing_2': CMAKE_PREFIX_PATH=${CMAKE_PREFIX_PATH}:/home/ahmedmwafy/Test/Mwafy/ros2_my_ws/install/turtle_control_1:/opt/ros/humble /usr/bin/cmake --build /home/ahmedmwafy/Test/Mwafy/ros2_my_ws/build/letters_drawing_2 -- -j16 -l16
[0.042s] -- Found ament_cmake: 1.3.11 (/opt/ros/humble/share/ament_cmake/cmake)
[0.206s] -- Found rosidl_default_generators: 1.2.0 (/opt/ros/humble/share/rosidl_default_generators/cmake)
[0.207s] -- Using all available rosidl_typesupport_c: rosidl_typesupport_fastrtps_c;rosidl_typesupport_introspection_c
[0.209s] -- Found rosidl_adapter: 3.1.6 (/opt/ros/humble/share/rosidl_adapter/cmake)
[0.235s] -- Using all available rosidl_typesupport_cpp: rosidl_typesupport_fastrtps_cpp;rosidl_typesupport_introspection_cpp
[0.255s] -- Found std_msgs: 4.2.4 (/opt/ros/humble/share/std_msgs/cmake)
[0.275s] -- Found geometry_msgs: 4.2.4 (/opt/ros/humble/share/geometry_msgs/cmake)
[0.558s] -- Found ament_cmake_ros: 0.10.0 (/opt/ros/humble/share/ament_cmake_ros/cmake)
[0.773s] -- Using all available rosidl_typesupport_c: rosidl_typesupport_fastrtps_c;rosidl_typesupport_introspection_c
[1.250s] -- Using all available rosidl_typesupport_cpp: rosidl_typesupport_fastrtps_cpp;rosidl_typesupport_introspection_cpp
[1.285s] -- Found python_cmake_module: 0.10.0 (/opt/ros/humble/share/python_cmake_module/cmake)
[1.321s] -- Using PYTHON_EXECUTABLE: /usr/bin/python3
[1.321s] -- Using PYTHON_INCLUDE_DIRS: /usr/include/python3.10
[1.322s] -- Using PYTHON_LIBRARIES: /usr/lib/x86_64-linux-gnu/libpython3.10.so
[1.387s] -- Configuring done
[1.437s] -- Generating done
[1.454s] -- Build files have been written to: /home/ahmedmwafy/Test/Mwafy/ros2_my_ws/build/letters_drawing_2
[1.486s] [  3%] [34m[1mGenerating C code for ROS interfaces[0m
[1.500s] [  6%] [34m[1mGenerating C++ code for ROS interfaces[0m
[1.512s] [  6%] Built target ament_cmake_python_copy_letters_drawing_2
[1.774s] running egg_info
[1.775s] writing letters_drawing_2.egg-info/PKG-INFO
[1.776s] writing dependency_links to letters_drawing_2.egg-info/dependency_links.txt
[1.776s] writing top-level names to letters_drawing_2.egg-info/top_level.txt
[1.778s] reading manifest file 'letters_drawing_2.egg-info/SOURCES.txt'
[1.778s] writing manifest file 'letters_drawing_2.egg-info/SOURCES.txt'
[1.779s] [35m[1mConsolidate compiler generated dependencies of target letters_drawing_2__rosidl_generator_c[0m
[1.788s] [  6%] Built target letters_drawing_2__cpp
[1.791s] [  9%] [32mBuilding C object CMakeFiles/letters_drawing_2__rosidl_generator_c.dir/rosidl_generator_c/letters_drawing_2/msg/detail/turtle_info__functions.c.o[0m
[1.799s] [ 16%] [34m[1mGenerating C++ type support dispatch for ROS interfaces[0m
[1.799s] [ 16%] [34m[1mGenerating C++ type support for eProsima Fast-RTPS[0m
[1.799s] [ 19%] [34m[1mGenerating C++ introspection for ROS interfaces[0m
[1.804s] [ 19%] Built target ament_cmake_python_build_letters_drawing_2_egg
[1.843s] [ 22%] [32m[1mLinking C shared library libletters_drawing_2__rosidl_generator_c.so[0m
[1.898s] [ 22%] Built target letters_drawing_2__rosidl_generator_c
[1.913s] [ 25%] [34m[1mGenerating C type support for eProsima Fast-RTPS[0m
[1.913s] [ 29%] [34m[1mGenerating C type support dispatch for ROS interfaces[0m
[1.914s] [ 32%] [34m[1mGenerating C introspection for ROS interfaces[0m
[2.062s] [35m[1mConsolidate compiler generated dependencies of target letters_drawing_2__rosidl_typesupport_cpp[0m
[2.075s] [ 35%] [32mBuilding CXX object CMakeFiles/letters_drawing_2__rosidl_typesupport_cpp.dir/rosidl_typesupport_cpp/letters_drawing_2/msg/turtle_info__type_support.cpp.o[0m
[2.082s] [35m[1mConsolidate compiler generated dependencies of target letters_drawing_2__rosidl_typesupport_introspection_cpp[0m
[2.091s] [35m[1mConsolidate compiler generated dependencies of target letters_drawing_2__rosidl_typesupport_fastrtps_cpp[0m
[2.095s] [ 38%] [32mBuilding CXX object CMakeFiles/letters_drawing_2__rosidl_typesupport_introspection_cpp.dir/rosidl_typesupport_introspection_cpp/letters_drawing_2/msg/detail/turtle_info__type_support.cpp.o[0m
[2.104s] [ 41%] [32mBuilding CXX object CMakeFiles/letters_drawing_2__rosidl_typesupport_fastrtps_cpp.dir/rosidl_typesupport_fastrtps_cpp/letters_drawing_2/msg/detail/dds_fastrtps/turtle_info__type_support.cpp.o[0m
[2.156s] [35m[1mConsolidate compiler generated dependencies of target letters_drawing_2__rosidl_typesupport_c[0m
[2.169s] [ 45%] [32mBuilding CXX object CMakeFiles/letters_drawing_2__rosidl_typesupport_c.dir/rosidl_typesupport_c/letters_drawing_2/msg/turtle_info__type_support.cpp.o[0m
[2.183s] [35m[1mConsolidate compiler generated dependencies of target letters_drawing_2__rosidl_typesupport_fastrtps_c[0m
[2.188s] [35m[1mConsolidate compiler generated dependencies of target letters_drawing_2__rosidl_typesupport_introspection_c[0m
[2.197s] [ 48%] [32mBuilding CXX object CMakeFiles/letters_drawing_2__rosidl_typesupport_fastrtps_c.dir/rosidl_typesupport_fastrtps_c/letters_drawing_2/msg/detail/turtle_info__type_support_c.cpp.o[0m
[2.200s] [ 51%] [32mBuilding C object CMakeFiles/letters_drawing_2__rosidl_typesupport_introspection_c.dir/rosidl_typesupport_introspection_c/letters_drawing_2/msg/detail/turtle_info__type_support.c.o[0m
[2.202s] [ 54%] [32m[1mLinking CXX shared library libletters_drawing_2__rosidl_typesupport_c.so[0m
[2.239s] [ 58%] [32m[1mLinking C shared library libletters_drawing_2__rosidl_typesupport_introspection_c.so[0m
[2.246s] [ 58%] Built target letters_drawing_2__rosidl_typesupport_c
[2.272s] [ 58%] Built target letters_drawing_2__rosidl_typesupport_introspection_c
[2.350s] [ 61%] [32m[1mLinking CXX shared library libletters_drawing_2__rosidl_typesupport_cpp.so[0m
[2.392s] [ 61%] Built target letters_drawing_2__rosidl_typesupport_cpp
[2.472s] [ 64%] [32m[1mLinking CXX shared library libletters_drawing_2__rosidl_typesupport_introspection_cpp.so[0m
[2.493s] [ 67%] [32m[1mLinking CXX shared library libletters_drawing_2__rosidl_typesupport_fastrtps_cpp.so[0m
[2.518s] [ 70%] [32m[1mLinking CXX shared library libletters_drawing_2__rosidl_typesupport_fastrtps_c.so[0m
[2.532s] [ 70%] Built target letters_drawing_2__rosidl_typesupport_introspection_cpp
[2.576s] [ 70%] Built target letters_drawing_2__rosidl_typesupport_fastrtps_cpp
[2.620s] [ 70%] Built target letters_drawing_2__rosidl_typesupport_fastrtps_c
[2.649s] [ 70%] Built target letters_drawing_2
[2.678s] [ 74%] [34m[1mGenerating Python code for ROS interfaces[0m
[2.968s] [ 74%] Built target letters_drawing_2__py
[2.978s] [35m[1mConsolidate compiler generated dependencies of target letters_drawing_2__rosidl_generator_py[0m
[2.993s] [ 77%] [32mBuilding C object CMakeFiles/letters_drawing_2__rosidl_generator_py.dir/rosidl_generator_py/letters_drawing_2/msg/_turtle_info_s.c.o[0m
[3.121s] [ 80%] [32m[1mLinking C shared library rosidl_generator_py/letters_drawing_2/libletters_drawing_2__rosidl_generator_py.so[0m
[3.184s] [ 80%] Built target letters_drawing_2__rosidl_generator_py
[3.199s] [35m[1mConsolidate compiler generated dependencies of target letters_drawing_2__rosidl_typesupport_fastrtps_c__pyext[0m
[3.199s] [35m[1mConsolidate compiler generated dependencies of target letters_drawing_2__rosidl_typesupport_c__pyext[0m
[3.199s] [35m[1mConsolidate compiler generated dependencies of target letters_drawing_2__rosidl_typesupport_introspection_c__pyext[0m
[3.216s] [ 83%] [32mBuilding C object CMakeFiles/letters_drawing_2__rosidl_typesupport_fastrtps_c__pyext.dir/rosidl_generator_py/letters_drawing_2/_letters_drawing_2_s.ep.rosidl_typesupport_fastrtps_c.c.o[0m
[3.216s] [ 87%] [32mBuilding C object CMakeFiles/letters_drawing_2__rosidl_typesupport_c__pyext.dir/rosidl_generator_py/letters_drawing_2/_letters_drawing_2_s.ep.rosidl_typesupport_c.c.o[0m
[3.217s] [ 90%] [32mBuilding C object CMakeFiles/letters_drawing_2__rosidl_typesupport_introspection_c__pyext.dir/rosidl_generator_py/letters_drawing_2/_letters_drawing_2_s.ep.rosidl_typesupport_introspection_c.c.o[0m
[3.362s] [ 93%] [32m[1mLinking C shared library rosidl_generator_py/letters_drawing_2/letters_drawing_2_s__rosidl_typesupport_c.cpython-310-x86_64-linux-gnu.so[0m
[3.362s] [ 96%] [32m[1mLinking C shared library rosidl_generator_py/letters_drawing_2/letters_drawing_2_s__rosidl_typesupport_fastrtps_c.cpython-310-x86_64-linux-gnu.so[0m
[3.362s] [100%] [32m[1mLinking C shared library rosidl_generator_py/letters_drawing_2/letters_drawing_2_s__rosidl_typesupport_introspection_c.cpython-310-x86_64-linux-gnu.so[0m
[3.419s] [100%] Built target letters_drawing_2__rosidl_typesupport_c__pyext
[3.420s] [100%] Built target letters_drawing_2__rosidl_typesupport_fastrtps_c__pyext
[3.420s] [100%] Built target letters_drawing_2__rosidl_typesupport_introspection_c__pyext
[3.437s] Invoked command in '/home/ahmedmwafy/Test/Mwafy/ros2_my_ws/build/letters_drawing_2' returned '0': CMAKE_PREFIX_PATH=${CMAKE_PREFIX_PATH}:/home/ahmedmwafy/Test/Mwafy/ros2_my_ws/install/turtle_control_1:/opt/ros/humble /usr/bin/cmake --build /home/ahmedmwafy/Test/Mwafy/ros2_my_ws/build/letters_drawing_2 -- -j16 -l16
[3.451s] Invoking command in '/home/ahmedmwafy/Test/Mwafy/ros2_my_ws/build/letters_drawing_2': CMAKE_PREFIX_PATH=${CMAKE_PREFIX_PATH}:/home/ahmedmwafy/Test/Mwafy/ros2_my_ws/install/turtle_control_1:/opt/ros/humble /usr/bin/cmake --install /home/ahmedmwafy/Test/Mwafy/ros2_my_ws/build/letters_drawing_2
[3.462s] -- Install configuration: ""
[3.462s] -- Installing: /home/ahmedmwafy/Test/Mwafy/ros2_my_ws/install/letters_drawing_2/lib/letters_drawing_2/turtle_publisher.py
[3.462s] -- Up-to-date: /home/ahmedmwafy/Test/Mwafy/ros2_my_ws/install/letters_drawing_2/lib/letters_drawing_2/turtle_subscriber.py
[3.462s] -- Up-to-date: /home/ahmedmwafy/Test/Mwafy/ros2_my_ws/install/letters_drawing_2/share/ament_index/resource_index/rosidl_interfaces/letters_drawing_2
[3.462s] -- Up-to-date: /home/ahmedmwafy/Test/Mwafy/ros2_my_ws/install/letters_drawing_2/include/letters_drawing_2/letters_drawing_2
[3.463s] -- Up-to-date: /home/ahmedmwafy/Test/Mwafy/ros2_my_ws/install/letters_drawing_2/include/letters_drawing_2/letters_drawing_2/msg
[3.463s] -- Up-to-date: /home/ahmedmwafy/Test/Mwafy/ros2_my_ws/install/letters_drawing_2/include/letters_drawing_2/letters_drawing_2/msg/detail
[3.463s] -- Installing: /home/ahmedmwafy/Test/Mwafy/ros2_my_ws/install/letters_drawing_2/include/letters_drawing_2/letters_drawing_2/msg/detail/turtle_info__type_support.h
[3.463s] -- Installing: /home/ahmedmwafy/Test/Mwafy/ros2_my_ws/install/letters_drawing_2/include/letters_drawing_2/letters_drawing_2/msg/detail/turtle_info__functions.c
[3.463s] -- Installing: /home/ahmedmwafy/Test/Mwafy/ros2_my_ws/install/letters_drawing_2/include/letters_drawing_2/letters_drawing_2/msg/detail/turtle_info__struct.h
[3.463s] -- Installing: /home/ahmedmwafy/Test/Mwafy/ros2_my_ws/install/letters_drawing_2/include/letters_drawing_2/letters_drawing_2/msg/detail/turtle_info__functions.h
[3.463s] -- Installing: /home/ahmedmwafy/Test/Mwafy/ros2_my_ws/install/letters_drawing_2/include/letters_drawing_2/letters_drawing_2/msg/turtle_info.h
[3.463s] -- Up-to-date: /home/ahmedmwafy/Test/Mwafy/ros2_my_ws/install/letters_drawing_2/include/letters_drawing_2/letters_drawing_2/msg/rosidl_generator_c__visibility_control.h
[3.464s] -- Up-to-date: /home/ahmedmwafy/Test/Mwafy/ros2_my_ws/install/letters_drawing_2/share/letters_drawing_2/environment/library_path.sh
[3.464s] -- Installing: /home/ahmedmwafy/Test/Mwafy/ros2_my_ws/install/letters_drawing_2/share/letters_drawing_2/environment/library_path.dsv
[3.464s] -- Installing: /home/ahmedmwafy/Test/Mwafy/ros2_my_ws/install/letters_drawing_2/lib/libletters_drawing_2__rosidl_generator_c.so
[3.464s] -- Set runtime path of "/home/ahmedmwafy/Test/Mwafy/ros2_my_ws/install/letters_drawing_2/lib/libletters_drawing_2__rosidl_generator_c.so" to ""
[3.464s] -- Up-to-date: /home/ahmedmwafy/Test/Mwafy/ros2_my_ws/install/letters_drawing_2/include/letters_drawing_2/letters_drawing_2
[3.464s] -- Up-to-date: /home/ahmedmwafy/Test/Mwafy/ros2_my_ws/install/letters_drawing_2/include/letters_drawing_2/letters_drawing_2/msg
[3.464s] -- Up-to-date: /home/ahmedmwafy/Test/Mwafy/ros2_my_ws/install/letters_drawing_2/include/letters_drawing_2/letters_drawing_2/msg/detail
[3.464s] -- Installing: /home/ahmedmwafy/Test/Mwafy/ros2_my_ws/install/letters_drawing_2/include/letters_drawing_2/letters_drawing_2/msg/detail/turtle_info__rosidl_typesupport_fastrtps_c.h
[3.465s] -- Up-to-date: /home/ahmedmwafy/Test/Mwafy/ros2_my_ws/install/letters_drawing_2/include/letters_drawing_2/letters_drawing_2/msg/rosidl_typesupport_fastrtps_c__visibility_control.h
[3.465s] -- Installing: /home/ahmedmwafy/Test/Mwafy/ros2_my_ws/install/letters_drawing_2/lib/libletters_drawing_2__rosidl_typesupport_fastrtps_c.so
[3.465s] -- Set runtime path of "/home/ahmedmwafy/Test/Mwafy/ros2_my_ws/install/letters_drawing_2/lib/libletters_drawing_2__rosidl_typesupport_fastrtps_c.so" to ""
[3.465s] -- Up-to-date: /home/ahmedmwafy/Test/Mwafy/ros2_my_ws/install/letters_drawing_2/include/letters_drawing_2/letters_drawing_2
[3.465s] -- Up-to-date: /home/ahmedmwafy/Test/Mwafy/ros2_my_ws/install/letters_drawing_2/include/letters_drawing_2/letters_drawing_2/msg
[3.465s] -- Up-to-date: /home/ahmedmwafy/Test/Mwafy/ros2_my_ws/install/letters_drawing_2/include/letters_drawing_2/letters_drawing_2/msg/detail
[3.465s] -- Installing: /home/ahmedmwafy/Test/Mwafy/ros2_my_ws/install/letters_drawing_2/include/letters_drawing_2/letters_drawing_2/msg/detail/turtle_info__rosidl_typesupport_introspection_c.h
[3.466s] -- Installing: /home/ahmedmwafy/Test/Mwafy/ros2_my_ws/install/letters_drawing_2/include/letters_drawing_2/letters_drawing_2/msg/detail/turtle_info__type_support.c
[3.466s] -- Up-to-date: /home/ahmedmwafy/Test/Mwafy/ros2_my_ws/install/letters_drawing_2/include/letters_drawing_2/letters_drawing_2/msg/rosidl_typesupport_introspection_c__visibility_control.h
[3.466s] -- Installing: /home/ahmedmwafy/Test/Mwafy/ros2_my_ws/install/letters_drawing_2/lib/libletters_drawing_2__rosidl_typesupport_introspection_c.so
[3.466s] -- Set runtime path of "/home/ahmedmwafy/Test/Mwafy/ros2_my_ws/install/letters_drawing_2/lib/libletters_drawing_2__rosidl_typesupport_introspection_c.so" to ""
[3.466s] -- Installing: /home/ahmedmwafy/Test/Mwafy/ros2_my_ws/install/letters_drawing_2/lib/libletters_drawing_2__rosidl_typesupport_c.so
[3.466s] -- Set runtime path of "/home/ahmedmwafy/Test/Mwafy/ros2_my_ws/install/letters_drawing_2/lib/libletters_drawing_2__rosidl_typesupport_c.so" to ""
[3.466s] -- Up-to-date: /home/ahmedmwafy/Test/Mwafy/ros2_my_ws/install/letters_drawing_2/include/letters_drawing_2/letters_drawing_2
[3.466s] -- Up-to-date: /home/ahmedmwafy/Test/Mwafy/ros2_my_ws/install/letters_drawing_2/include/letters_drawing_2/letters_drawing_2/msg
[3.466s] -- Up-to-date: /home/ahmedmwafy/Test/Mwafy/ros2_my_ws/install/letters_drawing_2/include/letters_drawing_2/letters_drawing_2/msg/detail
[3.466s] -- Installing: /home/ahmedmwafy/Test/Mwafy/ros2_my_ws/install/letters_drawing_2/include/letters_drawing_2/letters_drawing_2/msg/detail/turtle_info__traits.hpp
[3.466s] -- Installing: /home/ahmedmwafy/Test/Mwafy/ros2_my_ws/install/letters_drawing_2/include/letters_drawing_2/letters_drawing_2/msg/detail/turtle_info__type_support.hpp
[3.466s] -- Installing: /home/ahmedmwafy/Test/Mwafy/ros2_my_ws/install/letters_drawing_2/include/letters_drawing_2/letters_drawing_2/msg/detail/turtle_info__builder.hpp
[3.467s] -- Installing: /home/ahmedmwafy/Test/Mwafy/ros2_my_ws/install/letters_drawing_2/include/letters_drawing_2/letters_drawing_2/msg/detail/turtle_info__struct.hpp
[3.467s] -- Up-to-date: /home/ahmedmwafy/Test/Mwafy/ros2_my_ws/install/letters_drawing_2/include/letters_drawing_2/letters_drawing_2/msg/rosidl_generator_cpp__visibility_control.hpp
[3.467s] -- Installing: /home/ahmedmwafy/Test/Mwafy/ros2_my_ws/install/letters_drawing_2/include/letters_drawing_2/letters_drawing_2/msg/turtle_info.hpp
[3.467s] -- Up-to-date: /home/ahmedmwafy/Test/Mwafy/ros2_my_ws/install/letters_drawing_2/include/letters_drawing_2/letters_drawing_2
[3.467s] -- Up-to-date: /home/ahmedmwafy/Test/Mwafy/ros2_my_ws/install/letters_drawing_2/include/letters_drawing_2/letters_drawing_2/msg
[3.467s] -- Up-to-date: /home/ahmedmwafy/Test/Mwafy/ros2_my_ws/install/letters_drawing_2/include/letters_drawing_2/letters_drawing_2/msg/detail
[3.467s] -- Up-to-date: /home/ahmedmwafy/Test/Mwafy/ros2_my_ws/install/letters_drawing_2/include/letters_drawing_2/letters_drawing_2/msg/detail/dds_fastrtps
[3.467s] -- Installing: /home/ahmedmwafy/Test/Mwafy/ros2_my_ws/install/letters_drawing_2/include/letters_drawing_2/letters_drawing_2/msg/detail/turtle_info__rosidl_typesupport_fastrtps_cpp.hpp
[3.467s] -- Up-to-date: /home/ahmedmwafy/Test/Mwafy/ros2_my_ws/install/letters_drawing_2/include/letters_drawing_2/letters_drawing_2/msg/rosidl_typesupport_fastrtps_cpp__visibility_control.h
[3.467s] -- Installing: /home/ahmedmwafy/Test/Mwafy/ros2_my_ws/install/letters_drawing_2/lib/libletters_drawing_2__rosidl_typesupport_fastrtps_cpp.so
[3.467s] -- Set runtime path of "/home/ahmedmwafy/Test/Mwafy/ros2_my_ws/install/letters_drawing_2/lib/libletters_drawing_2__rosidl_typesupport_fastrtps_cpp.so" to ""
[3.467s] -- Up-to-date: /home/ahmedmwafy/Test/Mwafy/ros2_my_ws/install/letters_drawing_2/include/letters_drawing_2/letters_drawing_2
[3.467s] -- Up-to-date: /home/ahmedmwafy/Test/Mwafy/ros2_my_ws/install/letters_drawing_2/include/letters_drawing_2/letters_drawing_2/msg
[3.467s] -- Up-to-date: /home/ahmedmwafy/Test/Mwafy/ros2_my_ws/install/letters_drawing_2/include/letters_drawing_2/letters_drawing_2/msg/detail
[3.467s] -- Installing: /home/ahmedmwafy/Test/Mwafy/ros2_my_ws/install/letters_drawing_2/include/letters_drawing_2/letters_drawing_2/msg/detail/turtle_info__rosidl_typesupport_introspection_cpp.hpp
[3.467s] -- Installing: /home/ahmedmwafy/Test/Mwafy/ros2_my_ws/install/letters_drawing_2/include/letters_drawing_2/letters_drawing_2/msg/detail/turtle_info__type_support.cpp
[3.468s] -- Installing: /home/ahmedmwafy/Test/Mwafy/ros2_my_ws/install/letters_drawing_2/lib/libletters_drawing_2__rosidl_typesupport_introspection_cpp.so
[3.468s] -- Set runtime path of "/home/ahmedmwafy/Test/Mwafy/ros2_my_ws/install/letters_drawing_2/lib/libletters_drawing_2__rosidl_typesupport_introspection_cpp.so" to ""
[3.468s] -- Installing: /home/ahmedmwafy/Test/Mwafy/ros2_my_ws/install/letters_drawing_2/lib/libletters_drawing_2__rosidl_typesupport_cpp.so
[3.468s] -- Set runtime path of "/home/ahmedmwafy/Test/Mwafy/ros2_my_ws/install/letters_drawing_2/lib/libletters_drawing_2__rosidl_typesupport_cpp.so" to ""
[3.468s] -- Up-to-date: /home/ahmedmwafy/Test/Mwafy/ros2_my_ws/install/letters_drawing_2/share/letters_drawing_2/environment/pythonpath.sh
[3.468s] -- Installing: /home/ahmedmwafy/Test/Mwafy/ros2_my_ws/install/letters_drawing_2/share/letters_drawing_2/environment/pythonpath.dsv
[3.468s] -- Up-to-date: /home/ahmedmwafy/Test/Mwafy/ros2_my_ws/install/letters_drawing_2/local/lib/python3.10/dist-packages/letters_drawing_2-0.0.0-py3.10.egg-info
[3.468s] -- Installing: /home/ahmedmwafy/Test/Mwafy/ros2_my_ws/install/letters_drawing_2/local/lib/python3.10/dist-packages/letters_drawing_2-0.0.0-py3.10.egg-info/PKG-INFO
[3.468s] -- Installing: /home/ahmedmwafy/Test/Mwafy/ros2_my_ws/install/letters_drawing_2/local/lib/python3.10/dist-packages/letters_drawing_2-0.0.0-py3.10.egg-info/SOURCES.txt
[3.468s] -- Installing: /home/ahmedmwafy/Test/Mwafy/ros2_my_ws/install/letters_drawing_2/local/lib/python3.10/dist-packages/letters_drawing_2-0.0.0-py3.10.egg-info/top_level.txt
[3.468s] -- Installing: /home/ahmedmwafy/Test/Mwafy/ros2_my_ws/install/letters_drawing_2/local/lib/python3.10/dist-packages/letters_drawing_2-0.0.0-py3.10.egg-info/dependency_links.txt
[3.469s] -- Up-to-date: /home/ahmedmwafy/Test/Mwafy/ros2_my_ws/install/letters_drawing_2/local/lib/python3.10/dist-packages/letters_drawing_2
[3.469s] -- Installing: /home/ahmedmwafy/Test/Mwafy/ros2_my_ws/install/letters_drawing_2/local/lib/python3.10/dist-packages/letters_drawing_2/_letters_drawing_2_s.ep.rosidl_typesupport_introspection_c.c
[3.469s] -- Installing: /home/ahmedmwafy/Test/Mwafy/ros2_my_ws/install/letters_drawing_2/local/lib/python3.10/dist-packages/letters_drawing_2/letters_drawing_2_s__rosidl_typesupport_introspection_c.cpython-310-x86_64-linux-gnu.so
[3.469s] -- Installing: /home/ahmedmwafy/Test/Mwafy/ros2_my_ws/install/letters_drawing_2/local/lib/python3.10/dist-packages/letters_drawing_2/_letters_drawing_2_s.ep.rosidl_typesupport_fastrtps_c.c
[3.469s] -- Installing: /home/ahmedmwafy/Test/Mwafy/ros2_my_ws/install/letters_drawing_2/local/lib/python3.10/dist-packages/letters_drawing_2/letters_drawing_2_s__rosidl_typesupport_fastrtps_c.cpython-310-x86_64-linux-gnu.so
[3.469s] -- Installing: /home/ahmedmwafy/Test/Mwafy/ros2_my_ws/install/letters_drawing_2/local/lib/python3.10/dist-packages/letters_drawing_2/_letters_drawing_2_s.ep.rosidl_typesupport_c.c
[3.469s] -- Installing: /home/ahmedmwafy/Test/Mwafy/ros2_my_ws/install/letters_drawing_2/local/lib/python3.10/dist-packages/letters_drawing_2/libletters_drawing_2__rosidl_generator_py.so
[3.469s] -- Up-to-date: /home/ahmedmwafy/Test/Mwafy/ros2_my_ws/install/letters_drawing_2/local/lib/python3.10/dist-packages/letters_drawing_2/msg
[3.469s] -- Installing: /home/ahmedmwafy/Test/Mwafy/ros2_my_ws/install/letters_drawing_2/local/lib/python3.10/dist-packages/letters_drawing_2/msg/_turtle_info.py
[3.469s] -- Installing: /home/ahmedmwafy/Test/Mwafy/ros2_my_ws/install/letters_drawing_2/local/lib/python3.10/dist-packages/letters_drawing_2/msg/__init__.py
[3.469s] -- Installing: /home/ahmedmwafy/Test/Mwafy/ros2_my_ws/install/letters_drawing_2/local/lib/python3.10/dist-packages/letters_drawing_2/msg/_turtle_info_s.c
[3.469s] -- Installing: /home/ahmedmwafy/Test/Mwafy/ros2_my_ws/install/letters_drawing_2/local/lib/python3.10/dist-packages/letters_drawing_2/__init__.py
[3.469s] -- Installing: /home/ahmedmwafy/Test/Mwafy/ros2_my_ws/install/letters_drawing_2/local/lib/python3.10/dist-packages/letters_drawing_2/letters_drawing_2_s__rosidl_typesupport_c.cpython-310-x86_64-linux-gnu.so
[3.496s] Listing '/home/ahmedmwafy/Test/Mwafy/ros2_my_ws/install/letters_drawing_2/local/lib/python3.10/dist-packages/letters_drawing_2'...
[3.497s] Compiling '/home/ahmedmwafy/Test/Mwafy/ros2_my_ws/install/letters_drawing_2/local/lib/python3.10/dist-packages/letters_drawing_2/__init__.py'...
[3.497s] Listing '/home/ahmedmwafy/Test/Mwafy/ros2_my_ws/install/letters_drawing_2/local/lib/python3.10/dist-packages/letters_drawing_2/msg'...
[3.497s] Compiling '/home/ahmedmwafy/Test/Mwafy/ros2_my_ws/install/letters_drawing_2/local/lib/python3.10/dist-packages/letters_drawing_2/msg/__init__.py'...
[3.497s] Compiling '/home/ahmedmwafy/Test/Mwafy/ros2_my_ws/install/letters_drawing_2/local/lib/python3.10/dist-packages/letters_drawing_2/msg/_turtle_info.py'...
[3.500s] -- Installing: /home/ahmedmwafy/Test/Mwafy/ros2_my_ws/install/letters_drawing_2/local/lib/python3.10/dist-packages/letters_drawing_2/letters_drawing_2_s__rosidl_typesupport_fastrtps_c.cpython-310-x86_64-linux-gnu.so
[3.500s] -- Set runtime path of "/home/ahmedmwafy/Test/Mwafy/ros2_my_ws/install/letters_drawing_2/local/lib/python3.10/dist-packages/letters_drawing_2/letters_drawing_2_s__rosidl_typesupport_fastrtps_c.cpython-310-x86_64-linux-gnu.so" to ""
[3.501s] -- Installing: /home/ahmedmwafy/Test/Mwafy/ros2_my_ws/install/letters_drawing_2/local/lib/python3.10/dist-packages/letters_drawing_2/letters_drawing_2_s__rosidl_typesupport_introspection_c.cpython-310-x86_64-linux-gnu.so
[3.501s] -- Set runtime path of "/home/ahmedmwafy/Test/Mwafy/ros2_my_ws/install/letters_drawing_2/local/lib/python3.10/dist-packages/letters_drawing_2/letters_drawing_2_s__rosidl_typesupport_introspection_c.cpython-310-x86_64-linux-gnu.so" to ""
[3.501s] -- Installing: /home/ahmedmwafy/Test/Mwafy/ros2_my_ws/install/letters_drawing_2/local/lib/python3.10/dist-packages/letters_drawing_2/letters_drawing_2_s__rosidl_typesupport_c.cpython-310-x86_64-linux-gnu.so
[3.501s] -- Set runtime path of "/home/ahmedmwafy/Test/Mwafy/ros2_my_ws/install/letters_drawing_2/local/lib/python3.10/dist-packages/letters_drawing_2/letters_drawing_2_s__rosidl_typesupport_c.cpython-310-x86_64-linux-gnu.so" to ""
[3.501s] -- Installing: /home/ahmedmwafy/Test/Mwafy/ros2_my_ws/install/letters_drawing_2/lib/libletters_drawing_2__rosidl_generator_py.so
[3.501s] -- Set runtime path of "/home/ahmedmwafy/Test/Mwafy/ros2_my_ws/install/letters_drawing_2/lib/libletters_drawing_2__rosidl_generator_py.so" to ""
[3.501s] -- Installing: /home/ahmedmwafy/Test/Mwafy/ros2_my_ws/install/letters_drawing_2/share/letters_drawing_2/msg/TurtleInfo.idl
[3.501s] -- Installing: /home/ahmedmwafy/Test/Mwafy/ros2_my_ws/install/letters_drawing_2/share/letters_drawing_2/msg/TurtleInfo.msg
[3.501s] -- Up-to-date: /home/ahmedmwafy/Test/Mwafy/ros2_my_ws/install/letters_drawing_2/share/ament_index/resource_index/package_run_dependencies/letters_drawing_2
[3.501s] -- Up-to-date: /home/ahmedmwafy/Test/Mwafy/ros2_my_ws/install/letters_drawing_2/share/ament_index/resource_index/parent_prefix_path/letters_drawing_2
[3.502s] -- Up-to-date: /home/ahmedmwafy/Test/Mwafy/ros2_my_ws/install/letters_drawing_2/share/letters_drawing_2/environment/ament_prefix_path.sh
[3.502s] -- Installing: /home/ahmedmwafy/Test/Mwafy/ros2_my_ws/install/letters_drawing_2/share/letters_drawing_2/environment/ament_prefix_path.dsv
[3.502s] -- Up-to-date: /home/ahmedmwafy/Test/Mwafy/ros2_my_ws/install/letters_drawing_2/share/letters_drawing_2/environment/path.sh
[3.502s] -- Installing: /home/ahmedmwafy/Test/Mwafy/ros2_my_ws/install/letters_drawing_2/share/letters_drawing_2/environment/path.dsv
[3.502s] -- Up-to-date: /home/ahmedmwafy/Test/Mwafy/ros2_my_ws/install/letters_drawing_2/share/letters_drawing_2/local_setup.bash
[3.502s] -- Up-to-date: /home/ahmedmwafy/Test/Mwafy/ros2_my_ws/install/letters_drawing_2/share/letters_drawing_2/local_setup.sh
[3.502s] -- Up-to-date: /home/ahmedmwafy/Test/Mwafy/ros2_my_ws/install/letters_drawing_2/share/letters_drawing_2/local_setup.zsh
[3.502s] -- Installing: /home/ahmedmwafy/Test/Mwafy/ros2_my_ws/install/letters_drawing_2/share/letters_drawing_2/local_setup.dsv
[3.502s] -- Installing: /home/ahmedmwafy/Test/Mwafy/ros2_my_ws/install/letters_drawing_2/share/letters_drawing_2/package.dsv
[3.502s] -- Up-to-date: /home/ahmedmwafy/Test/Mwafy/ros2_my_ws/install/letters_drawing_2/share/ament_index/resource_index/packages/letters_drawing_2
[3.502s] -- Up-to-date: /home/ahmedmwafy/Test/Mwafy/ros2_my_ws/install/letters_drawing_2/share/letters_drawing_2/cmake/export_letters_drawing_2__rosidl_generator_cExport.cmake
[3.502s] -- Up-to-date: /home/ahmedmwafy/Test/Mwafy/ros2_my_ws/install/letters_drawing_2/share/letters_drawing_2/cmake/export_letters_drawing_2__rosidl_generator_cExport-noconfig.cmake
[3.502s] -- Up-to-date: /home/ahmedmwafy/Test/Mwafy/ros2_my_ws/install/letters_drawing_2/share/letters_drawing_2/cmake/export_letters_drawing_2__rosidl_typesupport_fastrtps_cExport.cmake
[3.502s] -- Up-to-date: /home/ahmedmwafy/Test/Mwafy/ros2_my_ws/install/letters_drawing_2/share/letters_drawing_2/cmake/export_letters_drawing_2__rosidl_typesupport_fastrtps_cExport-noconfig.cmake
[3.502s] -- Up-to-date: /home/ahmedmwafy/Test/Mwafy/ros2_my_ws/install/letters_drawing_2/share/letters_drawing_2/cmake/letters_drawing_2__rosidl_typesupport_introspection_cExport.cmake
[3.503s] -- Up-to-date: /home/ahmedmwafy/Test/Mwafy/ros2_my_ws/install/letters_drawing_2/share/letters_drawing_2/cmake/letters_drawing_2__rosidl_typesupport_introspection_cExport-noconfig.cmake
[3.503s] -- Up-to-date: /home/ahmedmwafy/Test/Mwafy/ros2_my_ws/install/letters_drawing_2/share/letters_drawing_2/cmake/letters_drawing_2__rosidl_typesupport_cExport.cmake
[3.503s] -- Up-to-date: /home/ahmedmwafy/Test/Mwafy/ros2_my_ws/install/letters_drawing_2/share/letters_drawing_2/cmake/letters_drawing_2__rosidl_typesupport_cExport-noconfig.cmake
[3.503s] -- Up-to-date: /home/ahmedmwafy/Test/Mwafy/ros2_my_ws/install/letters_drawing_2/share/letters_drawing_2/cmake/export_letters_drawing_2__rosidl_generator_cppExport.cmake
[3.503s] -- Up-to-date: /home/ahmedmwafy/Test/Mwafy/ros2_my_ws/install/letters_drawing_2/share/letters_drawing_2/cmake/export_letters_drawing_2__rosidl_typesupport_fastrtps_cppExport.cmake
[3.503s] -- Up-to-date: /home/ahmedmwafy/Test/Mwafy/ros2_my_ws/install/letters_drawing_2/share/letters_drawing_2/cmake/export_letters_drawing_2__rosidl_typesupport_fastrtps_cppExport-noconfig.cmake
[3.503s] -- Up-to-date: /home/ahmedmwafy/Test/Mwafy/ros2_my_ws/install/letters_drawing_2/share/letters_drawing_2/cmake/letters_drawing_2__rosidl_typesupport_introspection_cppExport.cmake
[3.503s] -- Up-to-date: /home/ahmedmwafy/Test/Mwafy/ros2_my_ws/install/letters_drawing_2/share/letters_drawing_2/cmake/letters_drawing_2__rosidl_typesupport_introspection_cppExport-noconfig.cmake
[3.503s] -- Up-to-date: /home/ahmedmwafy/Test/Mwafy/ros2_my_ws/install/letters_drawing_2/share/letters_drawing_2/cmake/letters_drawing_2__rosidl_typesupport_cppExport.cmake
[3.503s] -- Up-to-date: /home/ahmedmwafy/Test/Mwafy/ros2_my_ws/install/letters_drawing_2/share/letters_drawing_2/cmake/letters_drawing_2__rosidl_typesupport_cppExport-noconfig.cmake
[3.503s] -- Up-to-date: /home/ahmedmwafy/Test/Mwafy/ros2_my_ws/install/letters_drawing_2/share/letters_drawing_2/cmake/export_letters_drawing_2__rosidl_generator_pyExport.cmake
[3.503s] -- Up-to-date: /home/ahmedmwafy/Test/Mwafy/ros2_my_ws/install/letters_drawing_2/share/letters_drawing_2/cmake/export_letters_drawing_2__rosidl_generator_pyExport-noconfig.cmake
[3.503s] -- Up-to-date: /home/ahmedmwafy/Test/Mwafy/ros2_my_ws/install/letters_drawing_2/share/letters_drawing_2/cmake/rosidl_cmake-extras.cmake
[3.503s] -- Up-to-date: /home/ahmedmwafy/Test/Mwafy/ros2_my_ws/install/letters_drawing_2/share/letters_drawing_2/cmake/ament_cmake_export_dependencies-extras.cmake
[3.503s] -- Up-to-date: /home/ahmedmwafy/Test/Mwafy/ros2_my_ws/install/letters_drawing_2/share/letters_drawing_2/cmake/ament_cmake_export_include_directories-extras.cmake
[3.503s] -- Up-to-date: /home/ahmedmwafy/Test/Mwafy/ros2_my_ws/install/letters_drawing_2/share/letters_drawing_2/cmake/ament_cmake_export_libraries-extras.cmake
[3.503s] -- Up-to-date: /home/ahmedmwafy/Test/Mwafy/ros2_my_ws/install/letters_drawing_2/share/letters_drawing_2/cmake/ament_cmake_export_targets-extras.cmake
[3.504s] -- Up-to-date: /home/ahmedmwafy/Test/Mwafy/ros2_my_ws/install/letters_drawing_2/share/letters_drawing_2/cmake/rosidl_cmake_export_typesupport_targets-extras.cmake
[3.504s] -- Up-to-date: /home/ahmedmwafy/Test/Mwafy/ros2_my_ws/install/letters_drawing_2/share/letters_drawing_2/cmake/rosidl_cmake_export_typesupport_libraries-extras.cmake
[3.504s] -- Up-to-date: /home/ahmedmwafy/Test/Mwafy/ros2_my_ws/install/letters_drawing_2/share/letters_drawing_2/cmake/letters_drawing_2Config.cmake
[3.504s] -- Up-to-date: /home/ahmedmwafy/Test/Mwafy/ros2_my_ws/install/letters_drawing_2/share/letters_drawing_2/cmake/letters_drawing_2Config-version.cmake
[3.504s] -- Up-to-date: /home/ahmedmwafy/Test/Mwafy/ros2_my_ws/install/letters_drawing_2/share/letters_drawing_2/package.xml
[3.506s] Invoked command in '/home/ahmedmwafy/Test/Mwafy/ros2_my_ws/build/letters_drawing_2' returned '0': CMAKE_PREFIX_PATH=${CMAKE_PREFIX_PATH}:/home/ahmedmwafy/Test/Mwafy/ros2_my_ws/install/turtle_control_1:/opt/ros/humble /usr/bin/cmake --install /home/ahmedmwafy/Test/Mwafy/ros2_my_ws/build/letters_drawing_2
