[0.706s] Invoking command in '/home/zahaby/Test/Elzahaby/ws/build/zahaby_pkg': PYTHONPATH=/home/zahaby/Test/Elzahaby/ws/build/zahaby_pkg/prefix_override:/usr/lib/python3/dist-packages/colcon_core/task/python/colcon_distutils_commands:/home/zahaby/Test/Elzahaby/ws/install/zahaby_pkg/lib/python3.10/site-packages:${PYTHONPATH} /usr/bin/python3 -W ignore:setup.py install is deprecated -W ignore:easy_install command is deprecated setup.py develop --uninstall --editable --build-directory /home/zahaby/Test/Elzahaby/ws/build/zahaby_pkg/build
[1.015s] running develop
[1.203s] Removing /home/zahaby/Test/Elzahaby/ws/install/zahaby_pkg/lib/python3.10/site-packages/zahaby-pkg.egg-link (link to .)
[1.238s] Invoked command in '/home/zahaby/Test/Elzahaby/ws/build/zahaby_pkg' returned '0': PYTHONPATH=/home/zahaby/Test/Elzahaby/ws/build/zahaby_pkg/prefix_override:/usr/lib/python3/dist-packages/colcon_core/task/python/colcon_distutils_commands:/home/zahaby/Test/Elzahaby/ws/install/zahaby_pkg/lib/python3.10/site-packages:${PYTHONPATH} /usr/bin/python3 -W ignore:setup.py install is deprecated -W ignore:easy_install command is deprecated setup.py develop --uninstall --editable --build-directory /home/zahaby/Test/Elzahaby/ws/build/zahaby_pkg/build
[1.241s] Invoking command in '/home/zahaby/Test/Elzahaby/ws/src/zahaby_pkg': PYTHONPATH=/home/zahaby/Test/Elzahaby/ws/build/zahaby_pkg/prefix_override:/usr/lib/python3/dist-packages/colcon_core/task/python/colcon_distutils_commands:/home/zahaby/Test/Elzahaby/ws/install/zahaby_pkg/lib/python3.10/site-packages:${PYTHONPATH} /usr/bin/python3 -W ignore:setup.py install is deprecated -W ignore:easy_install command is deprecated setup.py egg_info --egg-base ../../build/zahaby_pkg build --build-base /home/zahaby/Test/Elzahaby/ws/build/zahaby_pkg/build install --record /home/zahaby/Test/Elzahaby/ws/build/zahaby_pkg/install.log --single-version-externally-managed install_data --force
[1.520s] running egg_info
[1.521s] writing ../../build/zahaby_pkg/zahaby_pkg.egg-info/PKG-INFO
[1.521s] writing dependency_links to ../../build/zahaby_pkg/zahaby_pkg.egg-info/dependency_links.txt
[1.521s] writing entry points to ../../build/zahaby_pkg/zahaby_pkg.egg-info/entry_points.txt
[1.521s] writing requirements to ../../build/zahaby_pkg/zahaby_pkg.egg-info/requires.txt
[1.522s] writing top-level names to ../../build/zahaby_pkg/zahaby_pkg.egg-info/top_level.txt
[1.524s] reading manifest file '../../build/zahaby_pkg/zahaby_pkg.egg-info/SOURCES.txt'
[1.525s] writing manifest file '../../build/zahaby_pkg/zahaby_pkg.egg-info/SOURCES.txt'
[1.525s] running build
[1.526s] running build_py
[1.526s] copying zahaby_pkg/turt_cont.py -> /home/zahaby/Test/Elzahaby/ws/build/zahaby_pkg/build/lib/zahaby_pkg
[1.526s] running install
[1.526s] running install_lib
[1.527s] creating /home/zahaby/Test/Elzahaby/ws/install/zahaby_pkg/lib/python3.10/site-packages/zahaby_pkg
[1.527s] copying /home/zahaby/Test/Elzahaby/ws/build/zahaby_pkg/build/lib/zahaby_pkg/__init__.py -> /home/zahaby/Test/Elzahaby/ws/install/zahaby_pkg/lib/python3.10/site-packages/zahaby_pkg
[1.527s] copying /home/zahaby/Test/Elzahaby/ws/build/zahaby_pkg/build/lib/zahaby_pkg/turt_cont.py -> /home/zahaby/Test/Elzahaby/ws/install/zahaby_pkg/lib/python3.10/site-packages/zahaby_pkg
[1.528s] byte-compiling /home/zahaby/Test/Elzahaby/ws/install/zahaby_pkg/lib/python3.10/site-packages/zahaby_pkg/__init__.py to __init__.cpython-310.pyc
[1.528s] byte-compiling /home/zahaby/Test/Elzahaby/ws/install/zahaby_pkg/lib/python3.10/site-packages/zahaby_pkg/turt_cont.py to turt_cont.cpython-310.pyc
[1.529s] running install_data
[1.529s] copying resource/zahaby_pkg -> /home/zahaby/Test/Elzahaby/ws/install/zahaby_pkg/share/ament_index/resource_index/packages
[1.529s] copying package.xml -> /home/zahaby/Test/Elzahaby/ws/install/zahaby_pkg/share/zahaby_pkg
[1.529s] running install_egg_info
[1.532s] Copying ../../build/zahaby_pkg/zahaby_pkg.egg-info to /home/zahaby/Test/Elzahaby/ws/install/zahaby_pkg/lib/python3.10/site-packages/zahaby_pkg-0.0.0-py3.10.egg-info
[1.533s] running install_scripts
[1.553s] Installing turtle_cont script to /home/zahaby/Test/Elzahaby/ws/install/zahaby_pkg/lib/zahaby_pkg
[1.554s] writing list of installed files to '/home/zahaby/Test/Elzahaby/ws/build/zahaby_pkg/install.log'
[1.576s] Invoked command in '/home/zahaby/Test/Elzahaby/ws/src/zahaby_pkg' returned '0': PYTHONPATH=/home/zahaby/Test/Elzahaby/ws/build/zahaby_pkg/prefix_override:/usr/lib/python3/dist-packages/colcon_core/task/python/colcon_distutils_commands:/home/zahaby/Test/Elzahaby/ws/install/zahaby_pkg/lib/python3.10/site-packages:${PYTHONPATH} /usr/bin/python3 -W ignore:setup.py install is deprecated -W ignore:easy_install command is deprecated setup.py egg_info --egg-base ../../build/zahaby_pkg build --build-base /home/zahaby/Test/Elzahaby/ws/build/zahaby_pkg/build install --record /home/zahaby/Test/Elzahaby/ws/build/zahaby_pkg/install.log --single-version-externally-managed install_data --force
