/home/ahmedmwafy/Test/Mwafy/ros2_my_ws/install/turtle_control_1/lib/python3.10/site-packages/turtle_control_1/drawing_A.py
/home/ahmedmwafy/Test/Mwafy/ros2_my_ws/install/turtle_control_1/lib/python3.10/site-packages/turtle_control_1/drawing_H.py
/home/ahmedmwafy/Test/Mwafy/ros2_my_ws/install/turtle_control_1/lib/python3.10/site-packages/turtle_control_1/__init__.py
/home/ahmedmwafy/Test/Mwafy/ros2_my_ws/install/turtle_control_1/lib/python3.10/site-packages/turtle_control_1/drawing_M.py
/home/ahmedmwafy/Test/Mwafy/ros2_my_ws/install/turtle_control_1/lib/python3.10/site-packages/turtle_control_1/drawing_D.py
/home/ahmedmwafy/Test/Mwafy/ros2_my_ws/install/turtle_control_1/lib/python3.10/site-packages/turtle_control_1/drawing_E.py
/home/ahmedmwafy/Test/Mwafy/ros2_my_ws/install/turtle_control_1/lib/python3.10/site-packages/turtle_control_1/__pycache__/drawing_A.cpython-310.pyc
/home/ahmedmwafy/Test/Mwafy/ros2_my_ws/install/turtle_control_1/lib/python3.10/site-packages/turtle_control_1/__pycache__/drawing_H.cpython-310.pyc
/home/ahmedmwafy/Test/Mwafy/ros2_my_ws/install/turtle_control_1/lib/python3.10/site-packages/turtle_control_1/__pycache__/__init__.cpython-310.pyc
/home/ahmedmwafy/Test/Mwafy/ros2_my_ws/install/turtle_control_1/lib/python3.10/site-packages/turtle_control_1/__pycache__/drawing_M.cpython-310.pyc
/home/ahmedmwafy/Test/Mwafy/ros2_my_ws/install/turtle_control_1/lib/python3.10/site-packages/turtle_control_1/__pycache__/drawing_D.cpython-310.pyc
/home/ahmedmwafy/Test/Mwafy/ros2_my_ws/install/turtle_control_1/lib/python3.10/site-packages/turtle_control_1/__pycache__/drawing_E.cpython-310.pyc
/home/ahmedmwafy/Test/Mwafy/ros2_my_ws/install/turtle_control_1/share/ament_index/resource_index/packages/turtle_control_1
/home/ahmedmwafy/Test/Mwafy/ros2_my_ws/install/turtle_control_1/share/turtle_control_1/package.xml
/home/ahmedmwafy/Test/Mwafy/ros2_my_ws/install/turtle_control_1/lib/python3.10/site-packages/turtle_control_1-0.0.0-py3.10.egg-info/requires.txt
/home/ahmedmwafy/Test/Mwafy/ros2_my_ws/install/turtle_control_1/lib/python3.10/site-packages/turtle_control_1-0.0.0-py3.10.egg-info/PKG-INFO
/home/ahmedmwafy/Test/Mwafy/ros2_my_ws/install/turtle_control_1/lib/python3.10/site-packages/turtle_control_1-0.0.0-py3.10.egg-info/zip-safe
/home/ahmedmwafy/Test/Mwafy/ros2_my_ws/install/turtle_control_1/lib/python3.10/site-packages/turtle_control_1-0.0.0-py3.10.egg-info/SOURCES.txt
/home/ahmedmwafy/Test/Mwafy/ros2_my_ws/install/turtle_control_1/lib/python3.10/site-packages/turtle_control_1-0.0.0-py3.10.egg-info/top_level.txt
/home/ahmedmwafy/Test/Mwafy/ros2_my_ws/install/turtle_control_1/lib/python3.10/site-packages/turtle_control_1-0.0.0-py3.10.egg-info/dependency_links.txt
/home/ahmedmwafy/Test/Mwafy/ros2_my_ws/install/turtle_control_1/lib/python3.10/site-packages/turtle_control_1-0.0.0-py3.10.egg-info/entry_points.txt
/home/ahmedmwafy/Test/Mwafy/ros2_my_ws/install/turtle_control_1/lib/turtle_control_1/drawing_A
/home/ahmedmwafy/Test/Mwafy/ros2_my_ws/install/turtle_control_1/lib/turtle_control_1/drawing_D
/home/ahmedmwafy/Test/Mwafy/ros2_my_ws/install/turtle_control_1/lib/turtle_control_1/drawing_E
/home/ahmedmwafy/Test/Mwafy/ros2_my_ws/install/turtle_control_1/lib/turtle_control_1/drawing_H
/home/ahmedmwafy/Test/Mwafy/ros2_my_ws/install/turtle_control_1/lib/turtle_control_1/drawing_M
