running egg_info
writing ../../build/zahaby_pkg/zahaby_pkg.egg-info/PKG-INFO
writing dependency_links to ../../build/zahaby_pkg/zahaby_pkg.egg-info/dependency_links.txt
writing entry points to ../../build/zahaby_pkg/zahaby_pkg.egg-info/entry_points.txt
writing requirements to ../../build/zahaby_pkg/zahaby_pkg.egg-info/requires.txt
writing top-level names to ../../build/zahaby_pkg/zahaby_pkg.egg-info/top_level.txt
reading manifest file '../../build/zahaby_pkg/zahaby_pkg.egg-info/SOURCES.txt'
writing manifest file '../../build/zahaby_pkg/zahaby_pkg.egg-info/SOURCES.txt'
running build
running build_py
copying zahaby_pkg/turt_cont.py -> /home/zahaby/Test/Elzahaby/ws/build/zahaby_pkg/build/lib/zahaby_pkg
running install
running install_lib
copying /home/zahaby/Test/Elzahaby/ws/build/zahaby_pkg/build/lib/zahaby_pkg/turt_cont.py -> /home/zahaby/Test/Elzahaby/ws/install/zahaby_pkg/lib/python3.10/site-packages/zahaby_pkg
byte-compiling /home/zahaby/Test/Elzahaby/ws/install/zahaby_pkg/lib/python3.10/site-packages/zahaby_pkg/turt_cont.py to turt_cont.cpython-310.pyc
running install_data
running install_egg_info
removing '/home/zahaby/Test/Elzahaby/ws/install/zahaby_pkg/lib/python3.10/site-packages/zahaby_pkg-0.0.0-py3.10.egg-info' (and everything under it)
Copying ../../build/zahaby_pkg/zahaby_pkg.egg-info to /home/zahaby/Test/Elzahaby/ws/install/zahaby_pkg/lib/python3.10/site-packages/zahaby_pkg-0.0.0-py3.10.egg-info
running install_scripts
Installing turt_cont script to /home/zahaby/Test/Elzahaby/ws/install/zahaby_pkg/lib/zahaby_pkg
writing list of installed files to '/home/zahaby/Test/Elzahaby/ws/build/zahaby_pkg/install.log'
