running egg_info
writing ../../build/turtle_control_1/turtle_control_1.egg-info/PKG-INFO
writing dependency_links to ../../build/turtle_control_1/turtle_control_1.egg-info/dependency_links.txt
writing entry points to ../../build/turtle_control_1/turtle_control_1.egg-info/entry_points.txt
writing requirements to ../../build/turtle_control_1/turtle_control_1.egg-info/requires.txt
writing top-level names to ../../build/turtle_control_1/turtle_control_1.egg-info/top_level.txt
reading manifest file '../../build/turtle_control_1/turtle_control_1.egg-info/SOURCES.txt'
writing manifest file '../../build/turtle_control_1/turtle_control_1.egg-info/SOURCES.txt'
running build
running build_py
running install
running install_lib
running install_data
running install_egg_info
removing '/home/ahmedmwafy/Test/Mwafy/ros2_my_ws/install/turtle_control_1/lib/python3.10/site-packages/turtle_control_1-0.0.0-py3.10.egg-info' (and everything under it)
Copying ../../build/turtle_control_1/turtle_control_1.egg-info to /home/ahmedmwafy/Test/Mwafy/ros2_my_ws/install/turtle_control_1/lib/python3.10/site-packages/turtle_control_1-0.0.0-py3.10.egg-info
running install_scripts
Installing drawing_A script to /home/ahmedmwafy/Test/Mwafy/ros2_my_ws/install/turtle_control_1/lib/turtle_control_1
Installing drawing_D script to /home/ahmedmwafy/Test/Mwafy/ros2_my_ws/install/turtle_control_1/lib/turtle_control_1
Installing drawing_E script to /home/ahmedmwafy/Test/Mwafy/ros2_my_ws/install/turtle_control_1/lib/turtle_control_1
Installing drawing_H script to /home/ahmedmwafy/Test/Mwafy/ros2_my_ws/install/turtle_control_1/lib/turtle_control_1
Installing drawing_M script to /home/ahmedmwafy/Test/Mwafy/ros2_my_ws/install/turtle_control_1/lib/turtle_control_1
writing list of installed files to '/home/ahmedmwafy/Test/Mwafy/ros2_my_ws/build/turtle_control_1/install.log'
