running egg_info
creating ../../build/turtle_control_1/turtle_control_1.egg-info
writing ../../build/turtle_control_1/turtle_control_1.egg-info/PKG-INFO
writing dependency_links to ../../build/turtle_control_1/turtle_control_1.egg-info/dependency_links.txt
writing entry points to ../../build/turtle_control_1/turtle_control_1.egg-info/entry_points.txt
writing requirements to ../../build/turtle_control_1/turtle_control_1.egg-info/requires.txt
writing top-level names to ../../build/turtle_control_1/turtle_control_1.egg-info/top_level.txt
writing manifest file '../../build/turtle_control_1/turtle_control_1.egg-info/SOURCES.txt'
reading manifest file '../../build/turtle_control_1/turtle_control_1.egg-info/SOURCES.txt'
writing manifest file '../../build/turtle_control_1/turtle_control_1.egg-info/SOURCES.txt'
running build
running build_py
creating /home/ahmedmwafy/Test/Mwafy/ros2_my_ws/build/turtle_control_1/build
creating /home/ahmedmwafy/Test/Mwafy/ros2_my_ws/build/turtle_control_1/build/lib
creating /home/ahmedmwafy/Test/Mwafy/ros2_my_ws/build/turtle_control_1/build/lib/turtle_control_1
copying turtle_control_1/__init__.py -> /home/ahmedmwafy/Test/Mwafy/ros2_my_ws/build/turtle_control_1/build/lib/turtle_control_1
running install
running install_lib
creating /home/ahmedmwafy/Test/Mwafy/ros2_my_ws/install/turtle_control_1/lib/python3.10/site-packages/turtle_control_1
copying /home/ahmedmwafy/Test/Mwafy/ros2_my_ws/build/turtle_control_1/build/lib/turtle_control_1/__init__.py -> /home/ahmedmwafy/Test/Mwafy/ros2_my_ws/install/turtle_control_1/lib/python3.10/site-packages/turtle_control_1
byte-compiling /home/ahmedmwafy/Test/Mwafy/ros2_my_ws/install/turtle_control_1/lib/python3.10/site-packages/turtle_control_1/__init__.py to __init__.cpython-310.pyc
running install_data
creating /home/ahmedmwafy/Test/Mwafy/ros2_my_ws/install/turtle_control_1/share/ament_index
creating /home/ahmedmwafy/Test/Mwafy/ros2_my_ws/install/turtle_control_1/share/ament_index/resource_index
creating /home/ahmedmwafy/Test/Mwafy/ros2_my_ws/install/turtle_control_1/share/ament_index/resource_index/packages
copying resource/turtle_control_1 -> /home/ahmedmwafy/Test/Mwafy/ros2_my_ws/install/turtle_control_1/share/ament_index/resource_index/packages
copying package.xml -> /home/ahmedmwafy/Test/Mwafy/ros2_my_ws/install/turtle_control_1/share/turtle_control_1
running install_egg_info
Copying ../../build/turtle_control_1/turtle_control_1.egg-info to /home/ahmedmwafy/Test/Mwafy/ros2_my_ws/install/turtle_control_1/lib/python3.10/site-packages/turtle_control_1-0.0.0-py3.10.egg-info
running install_scripts
writing list of installed files to '/home/ahmedmwafy/Test/Mwafy/ros2_my_ws/build/turtle_control_1/install.log'
