running egg_info
creating ../../build/arafa_package/arafa_package.egg-info
writing ../../build/arafa_package/arafa_package.egg-info/PKG-INFO
writing dependency_links to ../../build/arafa_package/arafa_package.egg-info/dependency_links.txt
writing entry points to ../../build/arafa_package/arafa_package.egg-info/entry_points.txt
writing requirements to ../../build/arafa_package/arafa_package.egg-info/requires.txt
writing top-level names to ../../build/arafa_package/arafa_package.egg-info/top_level.txt
writing manifest file '../../build/arafa_package/arafa_package.egg-info/SOURCES.txt'
reading manifest file '../../build/arafa_package/arafa_package.egg-info/SOURCES.txt'
adding license file 'LICENSE'
writing manifest file '../../build/arafa_package/arafa_package.egg-info/SOURCES.txt'
running build
running build_py
creating /home/arafa/Desktop/Autonomous/MMS/Test/3rfa/1.1st_week_task/task_ws/build/arafa_package/build
creating /home/arafa/Desktop/Autonomous/MMS/Test/3rfa/1.1st_week_task/task_ws/build/arafa_package/build/lib
creating /home/arafa/Desktop/Autonomous/MMS/Test/3rfa/1.1st_week_task/task_ws/build/arafa_package/build/lib/arafa_package
copying arafa_package/__init__.py -> /home/arafa/Desktop/Autonomous/MMS/Test/3rfa/1.1st_week_task/task_ws/build/arafa_package/build/lib/arafa_package
copying arafa_package/demo_node.py -> /home/arafa/Desktop/Autonomous/MMS/Test/3rfa/1.1st_week_task/task_ws/build/arafa_package/build/lib/arafa_package
running install
running install_lib
creating /home/arafa/Desktop/Autonomous/MMS/Test/3rfa/1.1st_week_task/task_ws/install/arafa_package/lib/python3.10/site-packages/arafa_package
copying /home/arafa/Desktop/Autonomous/MMS/Test/3rfa/1.1st_week_task/task_ws/build/arafa_package/build/lib/arafa_package/__init__.py -> /home/arafa/Desktop/Autonomous/MMS/Test/3rfa/1.1st_week_task/task_ws/install/arafa_package/lib/python3.10/site-packages/arafa_package
copying /home/arafa/Desktop/Autonomous/MMS/Test/3rfa/1.1st_week_task/task_ws/build/arafa_package/build/lib/arafa_package/demo_node.py -> /home/arafa/Desktop/Autonomous/MMS/Test/3rfa/1.1st_week_task/task_ws/install/arafa_package/lib/python3.10/site-packages/arafa_package
byte-compiling /home/arafa/Desktop/Autonomous/MMS/Test/3rfa/1.1st_week_task/task_ws/install/arafa_package/lib/python3.10/site-packages/arafa_package/__init__.py to __init__.cpython-310.pyc
byte-compiling /home/arafa/Desktop/Autonomous/MMS/Test/3rfa/1.1st_week_task/task_ws/install/arafa_package/lib/python3.10/site-packages/arafa_package/demo_node.py to demo_node.cpython-310.pyc
running install_data
creating /home/arafa/Desktop/Autonomous/MMS/Test/3rfa/1.1st_week_task/task_ws/install/arafa_package/share/ament_index
creating /home/arafa/Desktop/Autonomous/MMS/Test/3rfa/1.1st_week_task/task_ws/install/arafa_package/share/ament_index/resource_index
creating /home/arafa/Desktop/Autonomous/MMS/Test/3rfa/1.1st_week_task/task_ws/install/arafa_package/share/ament_index/resource_index/packages
copying resource/arafa_package -> /home/arafa/Desktop/Autonomous/MMS/Test/3rfa/1.1st_week_task/task_ws/install/arafa_package/share/ament_index/resource_index/packages
copying package.xml -> /home/arafa/Desktop/Autonomous/MMS/Test/3rfa/1.1st_week_task/task_ws/install/arafa_package/share/arafa_package
running install_egg_info
Copying ../../build/arafa_package/arafa_package.egg-info to /home/arafa/Desktop/Autonomous/MMS/Test/3rfa/1.1st_week_task/task_ws/install/arafa_package/lib/python3.10/site-packages/arafa_package-0.0.0-py3.10.egg-info
running install_scripts
Installing demo_node script to /home/arafa/Desktop/Autonomous/MMS/Test/3rfa/1.1st_week_task/task_ws/install/arafa_package/lib/arafa_package
writing list of installed files to '/home/arafa/Desktop/Autonomous/MMS/Test/3rfa/1.1st_week_task/task_ws/build/arafa_package/install.log'
