[0.105s] DEBUG:colcon:Command line arguments: ['/usr/bin/colcon', 'build']
[0.105s] DEBUG:colcon:Parsed command line arguments: Namespace(log_base=None, log_level=None, verb_name='build', build_base='build', install_base='install', merge_install=False, symlink_install=False, test_result_base=None, continue_on_error=False, executor='parallel', parallel_workers=16, event_handlers=None, ignore_user_meta=False, metas=['./colcon.meta'], base_paths=['.'], packages_ignore=None, packages_ignore_regex=None, paths=None, packages_up_to=None, packages_up_to_regex=None, packages_above=None, packages_above_and_dependencies=None, packages_above_depth=None, packages_select_by_dep=None, packages_skip_by_dep=None, packages_skip_up_to=None, packages_select_build_failed=False, packages_skip_build_finished=False, packages_select_test_failures=False, packages_skip_test_passed=False, packages_select=None, packages_skip=None, packages_select_regex=None, packages_skip_regex=None, packages_start=None, packages_end=None, allow_overriding=[], cmake_args=None, cmake_target=None, cmake_target_skip_unavailable=False, cmake_clean_cache=False, cmake_clean_first=False, cmake_force_configure=False, ament_cmake_args=None, catkin_cmake_args=None, catkin_skip_building_tests=False, verb_parser=<colcon_defaults.argument_parser.defaults.DefaultArgumentsDecorator object at 0x7f8721a2e800>, verb_extension=<colcon_core.verb.build.BuildVerb object at 0x7f8721a2e2f0>, main=<bound method BuildVerb.main of <colcon_core.verb.build.BuildVerb object at 0x7f8721a2e2f0>>)
[0.203s] Level 1:colcon.colcon_core.package_discovery:discover_packages(colcon_meta) check parameters
[0.203s] Level 1:colcon.colcon_core.package_discovery:discover_packages(recursive) check parameters
[0.203s] Level 1:colcon.colcon_core.package_discovery:discover_packages(ignore) check parameters
[0.203s] Level 1:colcon.colcon_core.package_discovery:discover_packages(path) check parameters
[0.203s] Level 1:colcon.colcon_core.package_discovery:discover_packages(colcon_meta) discover
[0.203s] Level 1:colcon.colcon_core.package_discovery:discover_packages(recursive) discover
[0.203s] INFO:colcon.colcon_core.package_discovery:Crawling recursively for packages in '/home/ahmedmwafy/Test/Mwafy/ros2_my_ws'
[0.203s] Level 1:colcon.colcon_core.package_identification:_identify(.) by extensions ['ignore', 'ignore_ament_install']
[0.203s] Level 1:colcon.colcon_core.package_identification:_identify(.) by extension 'ignore'
[0.204s] Level 1:colcon.colcon_core.package_identification:_identify(.) by extension 'ignore_ament_install'
[0.204s] Level 1:colcon.colcon_core.package_identification:_identify(.) by extensions ['colcon_pkg']
[0.204s] Level 1:colcon.colcon_core.package_identification:_identify(.) by extension 'colcon_pkg'
[0.204s] Level 1:colcon.colcon_core.package_identification:_identify(.) by extensions ['colcon_meta']
[0.204s] Level 1:colcon.colcon_core.package_identification:_identify(.) by extension 'colcon_meta'
[0.204s] Level 1:colcon.colcon_core.package_identification:_identify(.) by extensions ['ros']
[0.204s] Level 1:colcon.colcon_core.package_identification:_identify(.) by extension 'ros'
[0.211s] Level 1:colcon.colcon_core.package_identification:_identify(.) by extensions ['cmake', 'python']
[0.211s] Level 1:colcon.colcon_core.package_identification:_identify(.) by extension 'cmake'
[0.211s] Level 1:colcon.colcon_core.package_identification:_identify(.) by extension 'python'
[0.211s] Level 1:colcon.colcon_core.package_identification:_identify(.) by extensions ['python_setup_py']
[0.211s] Level 1:colcon.colcon_core.package_identification:_identify(.) by extension 'python_setup_py'
[0.211s] Level 1:colcon.colcon_core.package_identification:_identify(build) by extensions ['ignore', 'ignore_ament_install']
[0.212s] Level 1:colcon.colcon_core.package_identification:_identify(build) by extension 'ignore'
[0.212s] Level 1:colcon.colcon_core.package_identification:_identify(build) ignored
[0.212s] Level 1:colcon.colcon_core.package_identification:_identify(install) by extensions ['ignore', 'ignore_ament_install']
[0.212s] Level 1:colcon.colcon_core.package_identification:_identify(install) by extension 'ignore'
[0.212s] Level 1:colcon.colcon_core.package_identification:_identify(install) ignored
[0.212s] Level 1:colcon.colcon_core.package_identification:_identify(log) by extensions ['ignore', 'ignore_ament_install']
[0.212s] Level 1:colcon.colcon_core.package_identification:_identify(log) by extension 'ignore'
[0.212s] Level 1:colcon.colcon_core.package_identification:_identify(log) ignored
[0.212s] Level 1:colcon.colcon_core.package_identification:_identify(src) by extensions ['ignore', 'ignore_ament_install']
[0.212s] Level 1:colcon.colcon_core.package_identification:_identify(src) by extension 'ignore'
[0.212s] Level 1:colcon.colcon_core.package_identification:_identify(src) by extension 'ignore_ament_install'
[0.212s] Level 1:colcon.colcon_core.package_identification:_identify(src) by extensions ['colcon_pkg']
[0.212s] Level 1:colcon.colcon_core.package_identification:_identify(src) by extension 'colcon_pkg'
[0.212s] Level 1:colcon.colcon_core.package_identification:_identify(src) by extensions ['colcon_meta']
[0.212s] Level 1:colcon.colcon_core.package_identification:_identify(src) by extension 'colcon_meta'
[0.212s] Level 1:colcon.colcon_core.package_identification:_identify(src) by extensions ['ros']
[0.212s] Level 1:colcon.colcon_core.package_identification:_identify(src) by extension 'ros'
[0.212s] Level 1:colcon.colcon_core.package_identification:_identify(src) by extensions ['cmake', 'python']
[0.212s] Level 1:colcon.colcon_core.package_identification:_identify(src) by extension 'cmake'
[0.212s] Level 1:colcon.colcon_core.package_identification:_identify(src) by extension 'python'
[0.212s] Level 1:colcon.colcon_core.package_identification:_identify(src) by extensions ['python_setup_py']
[0.212s] Level 1:colcon.colcon_core.package_identification:_identify(src) by extension 'python_setup_py'
[0.212s] Level 1:colcon.colcon_core.package_identification:_identify(src/letters_drawing_2) by extensions ['ignore', 'ignore_ament_install']
[0.212s] Level 1:colcon.colcon_core.package_identification:_identify(src/letters_drawing_2) by extension 'ignore'
[0.212s] Level 1:colcon.colcon_core.package_identification:_identify(src/letters_drawing_2) by extension 'ignore_ament_install'
[0.212s] Level 1:colcon.colcon_core.package_identification:_identify(src/letters_drawing_2) by extensions ['colcon_pkg']
[0.212s] Level 1:colcon.colcon_core.package_identification:_identify(src/letters_drawing_2) by extension 'colcon_pkg'
[0.212s] Level 1:colcon.colcon_core.package_identification:_identify(src/letters_drawing_2) by extensions ['colcon_meta']
[0.212s] Level 1:colcon.colcon_core.package_identification:_identify(src/letters_drawing_2) by extension 'colcon_meta'
[0.213s] Level 1:colcon.colcon_core.package_identification:_identify(src/letters_drawing_2) by extensions ['ros']
[0.213s] Level 1:colcon.colcon_core.package_identification:_identify(src/letters_drawing_2) by extension 'ros'
[0.214s] DEBUG:colcon.colcon_core.package_identification:Package 'src/letters_drawing_2' with type 'ros.ament_cmake' and name 'letters_drawing_2'
[0.214s] Level 1:colcon.colcon_core.package_identification:_identify(src/turtle_control_1) by extensions ['ignore', 'ignore_ament_install']
[0.214s] Level 1:colcon.colcon_core.package_identification:_identify(src/turtle_control_1) by extension 'ignore'
[0.215s] Level 1:colcon.colcon_core.package_identification:_identify(src/turtle_control_1) by extension 'ignore_ament_install'
[0.215s] Level 1:colcon.colcon_core.package_identification:_identify(src/turtle_control_1) by extensions ['colcon_pkg']
[0.215s] Level 1:colcon.colcon_core.package_identification:_identify(src/turtle_control_1) by extension 'colcon_pkg'
[0.215s] Level 1:colcon.colcon_core.package_identification:_identify(src/turtle_control_1) by extensions ['colcon_meta']
[0.215s] Level 1:colcon.colcon_core.package_identification:_identify(src/turtle_control_1) by extension 'colcon_meta'
[0.215s] Level 1:colcon.colcon_core.package_identification:_identify(src/turtle_control_1) by extensions ['ros']
[0.215s] Level 1:colcon.colcon_core.package_identification:_identify(src/turtle_control_1) by extension 'ros'
[0.215s] DEBUG:colcon.colcon_core.package_identification:Package 'src/turtle_control_1' with type 'ros.ament_python' and name 'turtle_control_1'
[0.215s] Level 1:colcon.colcon_core.package_discovery:discover_packages(recursive) using defaults
[0.215s] Level 1:colcon.colcon_core.package_discovery:discover_packages(ignore) discover
[0.215s] Level 1:colcon.colcon_core.package_discovery:discover_packages(ignore) using defaults
[0.215s] Level 1:colcon.colcon_core.package_discovery:discover_packages(path) discover
[0.215s] Level 1:colcon.colcon_core.package_discovery:discover_packages(path) using defaults
[0.228s] Level 1:colcon.colcon_core.package_discovery:discover_packages(prefix_path) check parameters
[0.228s] Level 1:colcon.colcon_core.package_discovery:discover_packages(prefix_path) discover
[0.230s] DEBUG:colcon.colcon_installed_package_information.package_discovery:Found 271 installed packages in /opt/ros/humble
[0.231s] Level 1:colcon.colcon_core.package_discovery:discover_packages(prefix_path) using defaults
[0.260s] Level 5:colcon.colcon_core.verb:set package 'letters_drawing_2' build argument 'cmake_args' from command line to 'None'
[0.260s] Level 5:colcon.colcon_core.verb:set package 'letters_drawing_2' build argument 'cmake_target' from command line to 'None'
[0.260s] Level 5:colcon.colcon_core.verb:set package 'letters_drawing_2' build argument 'cmake_target_skip_unavailable' from command line to 'False'
[0.260s] Level 5:colcon.colcon_core.verb:set package 'letters_drawing_2' build argument 'cmake_clean_cache' from command line to 'False'
[0.260s] Level 5:colcon.colcon_core.verb:set package 'letters_drawing_2' build argument 'cmake_clean_first' from command line to 'False'
[0.260s] Level 5:colcon.colcon_core.verb:set package 'letters_drawing_2' build argument 'cmake_force_configure' from command line to 'False'
[0.260s] Level 5:colcon.colcon_core.verb:set package 'letters_drawing_2' build argument 'ament_cmake_args' from command line to 'None'
[0.261s] Level 5:colcon.colcon_core.verb:set package 'letters_drawing_2' build argument 'catkin_cmake_args' from command line to 'None'
[0.261s] Level 5:colcon.colcon_core.verb:set package 'letters_drawing_2' build argument 'catkin_skip_building_tests' from command line to 'False'
[0.261s] DEBUG:colcon.colcon_core.verb:Building package 'letters_drawing_2' with the following arguments: {'ament_cmake_args': None, 'build_base': '/home/ahmedmwafy/Test/Mwafy/ros2_my_ws/build/letters_drawing_2', 'catkin_cmake_args': None, 'catkin_skip_building_tests': False, 'cmake_args': None, 'cmake_clean_cache': False, 'cmake_clean_first': False, 'cmake_force_configure': False, 'cmake_target': None, 'cmake_target_skip_unavailable': False, 'install_base': '/home/ahmedmwafy/Test/Mwafy/ros2_my_ws/install/letters_drawing_2', 'merge_install': False, 'path': '/home/ahmedmwafy/Test/Mwafy/ros2_my_ws/src/letters_drawing_2', 'symlink_install': False, 'test_result_base': None}
[0.261s] Level 5:colcon.colcon_core.verb:set package 'turtle_control_1' build argument 'cmake_args' from command line to 'None'
[0.261s] Level 5:colcon.colcon_core.verb:set package 'turtle_control_1' build argument 'cmake_target' from command line to 'None'
[0.261s] Level 5:colcon.colcon_core.verb:set package 'turtle_control_1' build argument 'cmake_target_skip_unavailable' from command line to 'False'
[0.261s] Level 5:colcon.colcon_core.verb:set package 'turtle_control_1' build argument 'cmake_clean_cache' from command line to 'False'
[0.261s] Level 5:colcon.colcon_core.verb:set package 'turtle_control_1' build argument 'cmake_clean_first' from command line to 'False'
[0.261s] Level 5:colcon.colcon_core.verb:set package 'turtle_control_1' build argument 'cmake_force_configure' from command line to 'False'
[0.261s] Level 5:colcon.colcon_core.verb:set package 'turtle_control_1' build argument 'ament_cmake_args' from command line to 'None'
[0.261s] Level 5:colcon.colcon_core.verb:set package 'turtle_control_1' build argument 'catkin_cmake_args' from command line to 'None'
[0.261s] Level 5:colcon.colcon_core.verb:set package 'turtle_control_1' build argument 'catkin_skip_building_tests' from command line to 'False'
[0.261s] DEBUG:colcon.colcon_core.verb:Building package 'turtle_control_1' with the following arguments: {'ament_cmake_args': None, 'build_base': '/home/ahmedmwafy/Test/Mwafy/ros2_my_ws/build/turtle_control_1', 'catkin_cmake_args': None, 'catkin_skip_building_tests': False, 'cmake_args': None, 'cmake_clean_cache': False, 'cmake_clean_first': False, 'cmake_force_configure': False, 'cmake_target': None, 'cmake_target_skip_unavailable': False, 'install_base': '/home/ahmedmwafy/Test/Mwafy/ros2_my_ws/install/turtle_control_1', 'merge_install': False, 'path': '/home/ahmedmwafy/Test/Mwafy/ros2_my_ws/src/turtle_control_1', 'symlink_install': False, 'test_result_base': None}
[0.261s] INFO:colcon.colcon_core.executor:Executing jobs using 'parallel' executor
[0.262s] DEBUG:colcon.colcon_parallel_executor.executor.parallel:run_until_complete
[0.262s] INFO:colcon.colcon_ros.task.ament_cmake.build:Building ROS package in '/home/ahmedmwafy/Test/Mwafy/ros2_my_ws/src/letters_drawing_2' with build type 'ament_cmake'
[0.262s] INFO:colcon.colcon_cmake.task.cmake.build:Building CMake package in '/home/ahmedmwafy/Test/Mwafy/ros2_my_ws/src/letters_drawing_2'
[0.264s] INFO:colcon.colcon_core.plugin_system:Skipping extension 'colcon_core.shell.bat': Not used on non-Windows systems
[0.264s] INFO:colcon.colcon_core.shell:Skip shell extension 'powershell' for command environment: Not usable outside of PowerShell
[0.264s] DEBUG:colcon.colcon_core.shell:Skip shell extension 'dsv' for command environment
[0.266s] INFO:colcon.colcon_ros.task.ament_python.build:Building ROS package in '/home/ahmedmwafy/Test/Mwafy/ros2_my_ws/src/turtle_control_1' with build type 'ament_python'
[0.266s] Level 1:colcon.colcon_core.shell:create_environment_hook('turtle_control_1', 'ament_prefix_path')
[0.266s] INFO:colcon.colcon_core.shell:Creating environment hook '/home/ahmedmwafy/Test/Mwafy/ros2_my_ws/install/turtle_control_1/share/turtle_control_1/hook/ament_prefix_path.ps1'
[0.267s] INFO:colcon.colcon_core.shell:Creating environment descriptor '/home/ahmedmwafy/Test/Mwafy/ros2_my_ws/install/turtle_control_1/share/turtle_control_1/hook/ament_prefix_path.dsv'
[0.267s] INFO:colcon.colcon_core.shell:Creating environment hook '/home/ahmedmwafy/Test/Mwafy/ros2_my_ws/install/turtle_control_1/share/turtle_control_1/hook/ament_prefix_path.sh'
[0.268s] INFO:colcon.colcon_core.shell:Skip shell extension 'powershell' for command environment: Not usable outside of PowerShell
[0.268s] DEBUG:colcon.colcon_core.shell:Skip shell extension 'dsv' for command environment
[0.273s] DEBUG:colcon.colcon_core.event_handler.log_command:Invoking command in '/home/ahmedmwafy/Test/Mwafy/ros2_my_ws/build/letters_drawing_2': CMAKE_PREFIX_PATH=/opt/ros/humble /usr/bin/cmake /home/ahmedmwafy/Test/Mwafy/ros2_my_ws/src/letters_drawing_2 -DCMAKE_INSTALL_PREFIX=/home/ahmedmwafy/Test/Mwafy/ros2_my_ws/install/letters_drawing_2
[0.533s] INFO:colcon.colcon_core.task.python.build:Building Python package in '/home/ahmedmwafy/Test/Mwafy/ros2_my_ws/src/turtle_control_1'
[0.533s] INFO:colcon.colcon_core.shell:Skip shell extension 'powershell' for command environment: Not usable outside of PowerShell
[0.533s] DEBUG:colcon.colcon_core.shell:Skip shell extension 'dsv' for command environment
[0.851s] DEBUG:colcon.colcon_core.event_handler.log_command:Invoking command in '/home/ahmedmwafy/Test/Mwafy/ros2_my_ws/src/turtle_control_1': PYTHONPATH=/home/ahmedmwafy/Test/Mwafy/ros2_my_ws/build/turtle_control_1/prefix_override:/usr/lib/python3/dist-packages/colcon_core/task/python/colcon_distutils_commands:/home/ahmedmwafy/Test/Mwafy/ros2_my_ws/install/turtle_control_1/lib/python3.10/site-packages:${PYTHONPATH} /usr/bin/python3 -W ignore:setup.py install is deprecated -W ignore:easy_install command is deprecated setup.py egg_info --egg-base ../../build/turtle_control_1 build --build-base /home/ahmedmwafy/Test/Mwafy/ros2_my_ws/build/turtle_control_1/build install --record /home/ahmedmwafy/Test/Mwafy/ros2_my_ws/build/turtle_control_1/install.log --single-version-externally-managed install_data
[1.132s] DEBUG:colcon.colcon_core.event_handler.log_command:Invoked command in '/home/ahmedmwafy/Test/Mwafy/ros2_my_ws/src/turtle_control_1' returned '0': PYTHONPATH=/home/ahmedmwafy/Test/Mwafy/ros2_my_ws/build/turtle_control_1/prefix_override:/usr/lib/python3/dist-packages/colcon_core/task/python/colcon_distutils_commands:/home/ahmedmwafy/Test/Mwafy/ros2_my_ws/install/turtle_control_1/lib/python3.10/site-packages:${PYTHONPATH} /usr/bin/python3 -W ignore:setup.py install is deprecated -W ignore:easy_install command is deprecated setup.py egg_info --egg-base ../../build/turtle_control_1 build --build-base /home/ahmedmwafy/Test/Mwafy/ros2_my_ws/build/turtle_control_1/build install --record /home/ahmedmwafy/Test/Mwafy/ros2_my_ws/build/turtle_control_1/install.log --single-version-externally-managed install_data
[1.133s] Level 1:colcon.colcon_core.environment:checking '/home/ahmedmwafy/Test/Mwafy/ros2_my_ws/install/turtle_control_1' for CMake module files
[1.134s] Level 1:colcon.colcon_core.environment:checking '/home/ahmedmwafy/Test/Mwafy/ros2_my_ws/install/turtle_control_1' for CMake config files
[1.134s] Level 1:colcon.colcon_core.environment:checking '/home/ahmedmwafy/Test/Mwafy/ros2_my_ws/install/turtle_control_1/lib'
[1.135s] Level 1:colcon.colcon_core.environment:checking '/home/ahmedmwafy/Test/Mwafy/ros2_my_ws/install/turtle_control_1/bin'
[1.135s] Level 1:colcon.colcon_core.environment:checking '/home/ahmedmwafy/Test/Mwafy/ros2_my_ws/install/turtle_control_1/lib/pkgconfig/turtle_control_1.pc'
[1.135s] Level 1:colcon.colcon_core.environment:checking '/home/ahmedmwafy/Test/Mwafy/ros2_my_ws/install/turtle_control_1/lib/python3.10/site-packages'
[1.135s] Level 1:colcon.colcon_core.shell:create_environment_hook('turtle_control_1', 'pythonpath')
[1.135s] INFO:colcon.colcon_core.shell:Creating environment hook '/home/ahmedmwafy/Test/Mwafy/ros2_my_ws/install/turtle_control_1/share/turtle_control_1/hook/pythonpath.ps1'
[1.136s] INFO:colcon.colcon_core.shell:Creating environment descriptor '/home/ahmedmwafy/Test/Mwafy/ros2_my_ws/install/turtle_control_1/share/turtle_control_1/hook/pythonpath.dsv'
[1.136s] INFO:colcon.colcon_core.shell:Creating environment hook '/home/ahmedmwafy/Test/Mwafy/ros2_my_ws/install/turtle_control_1/share/turtle_control_1/hook/pythonpath.sh'
[1.136s] Level 1:colcon.colcon_core.environment:checking '/home/ahmedmwafy/Test/Mwafy/ros2_my_ws/install/turtle_control_1/bin'
[1.136s] Level 1:colcon.colcon_core.environment:create_environment_scripts_only(turtle_control_1)
[1.137s] INFO:colcon.colcon_core.shell:Creating package script '/home/ahmedmwafy/Test/Mwafy/ros2_my_ws/install/turtle_control_1/share/turtle_control_1/package.ps1'
[1.137s] INFO:colcon.colcon_core.shell:Creating package descriptor '/home/ahmedmwafy/Test/Mwafy/ros2_my_ws/install/turtle_control_1/share/turtle_control_1/package.dsv'
[1.138s] INFO:colcon.colcon_core.shell:Creating package script '/home/ahmedmwafy/Test/Mwafy/ros2_my_ws/install/turtle_control_1/share/turtle_control_1/package.sh'
[1.139s] INFO:colcon.colcon_core.shell:Creating package script '/home/ahmedmwafy/Test/Mwafy/ros2_my_ws/install/turtle_control_1/share/turtle_control_1/package.bash'
[1.139s] INFO:colcon.colcon_core.shell:Creating package script '/home/ahmedmwafy/Test/Mwafy/ros2_my_ws/install/turtle_control_1/share/turtle_control_1/package.zsh'
[1.140s] Level 1:colcon.colcon_core.environment:create_file_with_runtime_dependencies(/home/ahmedmwafy/Test/Mwafy/ros2_my_ws/install/turtle_control_1/share/colcon-core/packages/turtle_control_1)
[2.386s] DEBUG:colcon.colcon_core.event_handler.log_command:Invoked command in '/home/ahmedmwafy/Test/Mwafy/ros2_my_ws/build/letters_drawing_2' returned '0': CMAKE_PREFIX_PATH=/opt/ros/humble /usr/bin/cmake /home/ahmedmwafy/Test/Mwafy/ros2_my_ws/src/letters_drawing_2 -DCMAKE_INSTALL_PREFIX=/home/ahmedmwafy/Test/Mwafy/ros2_my_ws/install/letters_drawing_2
[2.388s] DEBUG:colcon.colcon_core.event_handler.log_command:Invoking command in '/home/ahmedmwafy/Test/Mwafy/ros2_my_ws/build/letters_drawing_2': CMAKE_PREFIX_PATH=/opt/ros/humble /usr/bin/cmake --build /home/ahmedmwafy/Test/Mwafy/ros2_my_ws/build/letters_drawing_2 -- -j16 -l16
[4.440s] DEBUG:colcon.colcon_core.event_handler.log_command:Invoked command in '/home/ahmedmwafy/Test/Mwafy/ros2_my_ws/build/letters_drawing_2' returned '0': CMAKE_PREFIX_PATH=/opt/ros/humble /usr/bin/cmake --build /home/ahmedmwafy/Test/Mwafy/ros2_my_ws/build/letters_drawing_2 -- -j16 -l16
[4.454s] DEBUG:colcon.colcon_core.event_handler.log_command:Invoking command in '/home/ahmedmwafy/Test/Mwafy/ros2_my_ws/build/letters_drawing_2': CMAKE_PREFIX_PATH=/opt/ros/humble /usr/bin/cmake --install /home/ahmedmwafy/Test/Mwafy/ros2_my_ws/build/letters_drawing_2
[4.526s] Level 1:colcon.colcon_core.environment:create_environment_scripts_only(letters_drawing_2)
[4.527s] DEBUG:colcon.colcon_core.event_handler.log_command:Invoked command in '/home/ahmedmwafy/Test/Mwafy/ros2_my_ws/build/letters_drawing_2' returned '0': CMAKE_PREFIX_PATH=/opt/ros/humble /usr/bin/cmake --install /home/ahmedmwafy/Test/Mwafy/ros2_my_ws/build/letters_drawing_2
[4.527s] Level 1:colcon.colcon_core.environment:checking '/home/ahmedmwafy/Test/Mwafy/ros2_my_ws/install/letters_drawing_2' for CMake module files
[4.528s] Level 1:colcon.colcon_core.environment:checking '/home/ahmedmwafy/Test/Mwafy/ros2_my_ws/install/letters_drawing_2' for CMake config files
[4.528s] Level 1:colcon.colcon_core.shell:create_environment_hook('letters_drawing_2', 'cmake_prefix_path')
[4.528s] INFO:colcon.colcon_core.shell:Creating environment hook '/home/ahmedmwafy/Test/Mwafy/ros2_my_ws/install/letters_drawing_2/share/letters_drawing_2/hook/cmake_prefix_path.ps1'
[4.529s] INFO:colcon.colcon_core.shell:Creating environment descriptor '/home/ahmedmwafy/Test/Mwafy/ros2_my_ws/install/letters_drawing_2/share/letters_drawing_2/hook/cmake_prefix_path.dsv'
[4.529s] INFO:colcon.colcon_core.shell:Creating environment hook '/home/ahmedmwafy/Test/Mwafy/ros2_my_ws/install/letters_drawing_2/share/letters_drawing_2/hook/cmake_prefix_path.sh'
[4.529s] Level 1:colcon.colcon_core.environment:checking '/home/ahmedmwafy/Test/Mwafy/ros2_my_ws/install/letters_drawing_2/lib'
[4.529s] Level 1:colcon.colcon_core.shell:create_environment_hook('letters_drawing_2', 'ld_library_path_lib')
[4.529s] INFO:colcon.colcon_core.shell:Creating environment hook '/home/ahmedmwafy/Test/Mwafy/ros2_my_ws/install/letters_drawing_2/share/letters_drawing_2/hook/ld_library_path_lib.ps1'
[4.530s] INFO:colcon.colcon_core.shell:Creating environment descriptor '/home/ahmedmwafy/Test/Mwafy/ros2_my_ws/install/letters_drawing_2/share/letters_drawing_2/hook/ld_library_path_lib.dsv'
[4.530s] INFO:colcon.colcon_core.shell:Creating environment hook '/home/ahmedmwafy/Test/Mwafy/ros2_my_ws/install/letters_drawing_2/share/letters_drawing_2/hook/ld_library_path_lib.sh'
[4.530s] Level 1:colcon.colcon_core.environment:checking '/home/ahmedmwafy/Test/Mwafy/ros2_my_ws/install/letters_drawing_2/bin'
[4.530s] Level 1:colcon.colcon_core.environment:checking '/home/ahmedmwafy/Test/Mwafy/ros2_my_ws/install/letters_drawing_2/lib/pkgconfig/letters_drawing_2.pc'
[4.530s] Level 1:colcon.colcon_core.environment:checking '/home/ahmedmwafy/Test/Mwafy/ros2_my_ws/install/letters_drawing_2/lib/python3.10/site-packages'
[4.531s] Level 1:colcon.colcon_core.environment:checking '/home/ahmedmwafy/Test/Mwafy/ros2_my_ws/install/letters_drawing_2/bin'
[4.531s] INFO:colcon.colcon_core.shell:Creating package script '/home/ahmedmwafy/Test/Mwafy/ros2_my_ws/install/letters_drawing_2/share/letters_drawing_2/package.ps1'
[4.531s] INFO:colcon.colcon_core.shell:Creating package descriptor '/home/ahmedmwafy/Test/Mwafy/ros2_my_ws/install/letters_drawing_2/share/letters_drawing_2/package.dsv'
[4.531s] INFO:colcon.colcon_core.shell:Creating package script '/home/ahmedmwafy/Test/Mwafy/ros2_my_ws/install/letters_drawing_2/share/letters_drawing_2/package.sh'
[4.532s] INFO:colcon.colcon_core.shell:Creating package script '/home/ahmedmwafy/Test/Mwafy/ros2_my_ws/install/letters_drawing_2/share/letters_drawing_2/package.bash'
[4.532s] INFO:colcon.colcon_core.shell:Creating package script '/home/ahmedmwafy/Test/Mwafy/ros2_my_ws/install/letters_drawing_2/share/letters_drawing_2/package.zsh'
[4.532s] Level 1:colcon.colcon_core.environment:create_file_with_runtime_dependencies(/home/ahmedmwafy/Test/Mwafy/ros2_my_ws/install/letters_drawing_2/share/colcon-core/packages/letters_drawing_2)
[4.533s] Level 1:colcon.colcon_core.environment:create_environment_scripts_only(letters_drawing_2)
[4.533s] Level 1:colcon.colcon_core.environment:checking '/home/ahmedmwafy/Test/Mwafy/ros2_my_ws/install/letters_drawing_2' for CMake module files
[4.533s] Level 1:colcon.colcon_core.environment:checking '/home/ahmedmwafy/Test/Mwafy/ros2_my_ws/install/letters_drawing_2' for CMake config files
[4.533s] Level 1:colcon.colcon_core.shell:create_environment_hook('letters_drawing_2', 'cmake_prefix_path')
[4.533s] INFO:colcon.colcon_core.shell:Creating environment hook '/home/ahmedmwafy/Test/Mwafy/ros2_my_ws/install/letters_drawing_2/share/letters_drawing_2/hook/cmake_prefix_path.ps1'
[4.534s] INFO:colcon.colcon_core.shell:Creating environment descriptor '/home/ahmedmwafy/Test/Mwafy/ros2_my_ws/install/letters_drawing_2/share/letters_drawing_2/hook/cmake_prefix_path.dsv'
[4.534s] INFO:colcon.colcon_core.shell:Creating environment hook '/home/ahmedmwafy/Test/Mwafy/ros2_my_ws/install/letters_drawing_2/share/letters_drawing_2/hook/cmake_prefix_path.sh'
[4.534s] Level 1:colcon.colcon_core.environment:checking '/home/ahmedmwafy/Test/Mwafy/ros2_my_ws/install/letters_drawing_2/lib'
[4.534s] Level 1:colcon.colcon_core.shell:create_environment_hook('letters_drawing_2', 'ld_library_path_lib')
[4.535s] INFO:colcon.colcon_core.shell:Creating environment hook '/home/ahmedmwafy/Test/Mwafy/ros2_my_ws/install/letters_drawing_2/share/letters_drawing_2/hook/ld_library_path_lib.ps1'
[4.535s] INFO:colcon.colcon_core.shell:Creating environment descriptor '/home/ahmedmwafy/Test/Mwafy/ros2_my_ws/install/letters_drawing_2/share/letters_drawing_2/hook/ld_library_path_lib.dsv'
[4.535s] INFO:colcon.colcon_core.shell:Creating environment hook '/home/ahmedmwafy/Test/Mwafy/ros2_my_ws/install/letters_drawing_2/share/letters_drawing_2/hook/ld_library_path_lib.sh'
[4.535s] Level 1:colcon.colcon_core.environment:checking '/home/ahmedmwafy/Test/Mwafy/ros2_my_ws/install/letters_drawing_2/bin'
[4.535s] Level 1:colcon.colcon_core.environment:checking '/home/ahmedmwafy/Test/Mwafy/ros2_my_ws/install/letters_drawing_2/lib/pkgconfig/letters_drawing_2.pc'
[4.536s] Level 1:colcon.colcon_core.environment:checking '/home/ahmedmwafy/Test/Mwafy/ros2_my_ws/install/letters_drawing_2/lib/python3.10/site-packages'
[4.536s] Level 1:colcon.colcon_core.environment:checking '/home/ahmedmwafy/Test/Mwafy/ros2_my_ws/install/letters_drawing_2/bin'
[4.536s] INFO:colcon.colcon_core.shell:Creating package script '/home/ahmedmwafy/Test/Mwafy/ros2_my_ws/install/letters_drawing_2/share/letters_drawing_2/package.ps1'
[4.536s] INFO:colcon.colcon_core.shell:Creating package descriptor '/home/ahmedmwafy/Test/Mwafy/ros2_my_ws/install/letters_drawing_2/share/letters_drawing_2/package.dsv'
[4.537s] INFO:colcon.colcon_core.shell:Creating package script '/home/ahmedmwafy/Test/Mwafy/ros2_my_ws/install/letters_drawing_2/share/letters_drawing_2/package.sh'
[4.537s] INFO:colcon.colcon_core.shell:Creating package script '/home/ahmedmwafy/Test/Mwafy/ros2_my_ws/install/letters_drawing_2/share/letters_drawing_2/package.bash'
[4.537s] INFO:colcon.colcon_core.shell:Creating package script '/home/ahmedmwafy/Test/Mwafy/ros2_my_ws/install/letters_drawing_2/share/letters_drawing_2/package.zsh'
[4.538s] Level 1:colcon.colcon_core.environment:create_file_with_runtime_dependencies(/home/ahmedmwafy/Test/Mwafy/ros2_my_ws/install/letters_drawing_2/share/colcon-core/packages/letters_drawing_2)
[4.538s] DEBUG:colcon.colcon_parallel_executor.executor.parallel:closing loop
[4.538s] DEBUG:colcon.colcon_parallel_executor.executor.parallel:loop closed
[4.538s] DEBUG:colcon.colcon_parallel_executor.executor.parallel:run_until_complete finished with '0'
[4.538s] DEBUG:colcon.colcon_core.event_reactor:joining thread
[4.543s] INFO:colcon.colcon_core.plugin_system:Skipping extension 'colcon_notification.desktop_notification.terminal_notifier': Not used on non-Darwin systems
[4.543s] INFO:colcon.colcon_core.plugin_system:Skipping extension 'colcon_notification.desktop_notification.win32': Not used on non-Windows systems
[4.543s] INFO:colcon.colcon_notification.desktop_notification:Sending desktop notification using 'notify2'
[4.555s] DEBUG:colcon.colcon_core.event_reactor:joined thread
[4.556s] INFO:colcon.colcon_core.shell:Creating prefix script '/home/ahmedmwafy/Test/Mwafy/ros2_my_ws/install/local_setup.ps1'
[4.556s] INFO:colcon.colcon_core.shell:Creating prefix util module '/home/ahmedmwafy/Test/Mwafy/ros2_my_ws/install/_local_setup_util_ps1.py'
[4.557s] INFO:colcon.colcon_core.shell:Creating prefix chain script '/home/ahmedmwafy/Test/Mwafy/ros2_my_ws/install/setup.ps1'
[4.558s] INFO:colcon.colcon_core.shell:Creating prefix script '/home/ahmedmwafy/Test/Mwafy/ros2_my_ws/install/local_setup.sh'
[4.558s] INFO:colcon.colcon_core.shell:Creating prefix util module '/home/ahmedmwafy/Test/Mwafy/ros2_my_ws/install/_local_setup_util_sh.py'
[4.559s] INFO:colcon.colcon_core.shell:Creating prefix chain script '/home/ahmedmwafy/Test/Mwafy/ros2_my_ws/install/setup.sh'
[4.560s] INFO:colcon.colcon_core.shell:Creating prefix script '/home/ahmedmwafy/Test/Mwafy/ros2_my_ws/install/local_setup.bash'
[4.560s] INFO:colcon.colcon_core.shell:Creating prefix chain script '/home/ahmedmwafy/Test/Mwafy/ros2_my_ws/install/setup.bash'
[4.561s] INFO:colcon.colcon_core.shell:Creating prefix script '/home/ahmedmwafy/Test/Mwafy/ros2_my_ws/install/local_setup.zsh'
[4.562s] INFO:colcon.colcon_core.shell:Creating prefix chain script '/home/ahmedmwafy/Test/Mwafy/ros2_my_ws/install/setup.zsh'
