-- Found ament_cmake: 1.3.11 (/opt/ros/humble/share/ament_cmake/cmake)
-- Found rosidl_default_generators: 1.2.0 (/opt/ros/humble/share/rosidl_default_generators/cmake)
-- Using all available rosidl_typesupport_c: rosidl_typesupport_fastrtps_c;rosidl_typesupport_introspection_c
-- Found rosidl_adapter: 3.1.6 (/opt/ros/humble/share/rosidl_adapter/cmake)
-- Using all available rosidl_typesupport_cpp: rosidl_typesupport_fastrtps_cpp;rosidl_typesupport_introspection_cpp
-- Found std_msgs: 4.2.4 (/opt/ros/humble/share/std_msgs/cmake)
-- Found geometry_msgs: 4.2.4 (/opt/ros/humble/share/geometry_msgs/cmake)
-- Found ament_cmake_ros: 0.10.0 (/opt/ros/humble/share/ament_cmake_ros/cmake)
-- Using all available rosidl_typesupport_c: rosidl_typesupport_fastrtps_c;rosidl_typesupport_introspection_c
-- Using all available rosidl_typesupport_cpp: rosidl_typesupport_fastrtps_cpp;rosidl_typesupport_introspection_cpp
-- Found python_cmake_module: 0.10.0 (/opt/ros/humble/share/python_cmake_module/cmake)
-- Using PYTHON_EXECUTABLE: /usr/bin/python3
-- Using PYTHON_INCLUDE_DIRS: /usr/include/python3.10
-- Using PYTHON_LIBRARIES: /usr/lib/x86_64-linux-gnu/libpython3.10.so
-- Configuring done
-- Generating done
-- Build files have been written to: /home/ahmedmwafy/Test/Mwafy/ros2_my_ws/build/letters_drawing_2
[35m[1mConsolidate compiler generated dependencies of target letters_drawing_2__rosidl_generator_c[0m
[  3%] Built target letters_drawing_2__cpp
[ 12%] Built target letters_drawing_2__rosidl_generator_c
[ 12%] Built target ament_cmake_python_copy_letters_drawing_2
[35m[1mConsolidate compiler generated dependencies of target letters_drawing_2__rosidl_typesupport_cpp[0m
[35m[1mConsolidate compiler generated dependencies of target letters_drawing_2__rosidl_typesupport_fastrtps_cpp[0m
[35m[1mConsolidate compiler generated dependencies of target letters_drawing_2__rosidl_typesupport_introspection_cpp[0m
[35m[1mConsolidate compiler generated dependencies of target letters_drawing_2__rosidl_typesupport_fastrtps_c[0m
[35m[1mConsolidate compiler generated dependencies of target letters_drawing_2__rosidl_typesupport_introspection_c[0m
[35m[1mConsolidate compiler generated dependencies of target letters_drawing_2__rosidl_typesupport_c[0m
[ 22%] Built target letters_drawing_2__rosidl_typesupport_cpp
[ 32%] Built target letters_drawing_2__rosidl_typesupport_c
[ 41%] Built target letters_drawing_2__rosidl_typesupport_introspection_c
[ 51%] Built target letters_drawing_2__rosidl_typesupport_introspection_cpp
[ 61%] Built target letters_drawing_2__rosidl_typesupport_fastrtps_c
[ 70%] Built target letters_drawing_2__rosidl_typesupport_fastrtps_cpp
[ 70%] Built target letters_drawing_2
[ 74%] Built target letters_drawing_2__py
[35m[1mConsolidate compiler generated dependencies of target letters_drawing_2__rosidl_generator_py[0m
[ 80%] Built target letters_drawing_2__rosidl_generator_py
[35m[1mConsolidate compiler generated dependencies of target letters_drawing_2__rosidl_typesupport_fastrtps_c__pyext[0m
[35m[1mConsolidate compiler generated dependencies of target letters_drawing_2__rosidl_typesupport_introspection_c__pyext[0m
[35m[1mConsolidate compiler generated dependencies of target letters_drawing_2__rosidl_typesupport_c__pyext[0m
[ 87%] Built target letters_drawing_2__rosidl_typesupport_fastrtps_c__pyext
[ 93%] Built target letters_drawing_2__rosidl_typesupport_introspection_c__pyext
[100%] Built target letters_drawing_2__rosidl_typesupport_c__pyext
running egg_info
writing letters_drawing_2.egg-info/PKG-INFO
writing dependency_links to letters_drawing_2.egg-info/dependency_links.txt
writing top-level names to letters_drawing_2.egg-info/top_level.txt
reading manifest file 'letters_drawing_2.egg-info/SOURCES.txt'
writing manifest file 'letters_drawing_2.egg-info/SOURCES.txt'
[100%] Built target ament_cmake_python_build_letters_drawing_2_egg
-- Install configuration: ""
[31mCMake Error at cmake_install.cmake:46 (file):
  file INSTALL cannot find
  "/home/ahmedmwafy/Test/Mwafy/ros2_my_ws/src/letters_drawing_2/scripts/turtle_publisher.py":
  No such file or directory.

[0m
