[0.012s] Invoking command in '/home/ahmedmwafy/Test/Mwafy/ros2_my_ws/build/letters_drawing_2': CMAKE_PREFIX_PATH=${CMAKE_PREFIX_PATH}:/home/ahmedmwafy/Test/Mwafy/ros2_my_ws/install/turtle_control_1:/opt/ros/humble /usr/bin/cmake --build /home/ahmedmwafy/Test/Mwafy/ros2_my_ws/build/letters_drawing_2 -- -j16 -l16
[0.038s] -- Found ament_cmake: 1.3.11 (/opt/ros/humble/share/ament_cmake/cmake)
[0.196s] -- Found rosidl_default_generators: 1.2.0 (/opt/ros/humble/share/rosidl_default_generators/cmake)
[0.197s] -- Using all available rosidl_typesupport_c: rosidl_typesupport_fastrtps_c;rosidl_typesupport_introspection_c
[0.200s] -- Found rosidl_adapter: 3.1.6 (/opt/ros/humble/share/rosidl_adapter/cmake)
[0.223s] -- Using all available rosidl_typesupport_cpp: rosidl_typesupport_fastrtps_cpp;rosidl_typesupport_introspection_cpp
[0.244s] -- Found std_msgs: 4.2.4 (/opt/ros/humble/share/std_msgs/cmake)
[0.263s] -- Found geometry_msgs: 4.2.4 (/opt/ros/humble/share/geometry_msgs/cmake)
[0.583s] -- Found ament_cmake_ros: 0.10.0 (/opt/ros/humble/share/ament_cmake_ros/cmake)
[0.857s] -- Using all available rosidl_typesupport_c: rosidl_typesupport_fastrtps_c;rosidl_typesupport_introspection_c
[1.338s] -- Using all available rosidl_typesupport_cpp: rosidl_typesupport_fastrtps_cpp;rosidl_typesupport_introspection_cpp
[1.374s] -- Found python_cmake_module: 0.10.0 (/opt/ros/humble/share/python_cmake_module/cmake)
[1.410s] -- Using PYTHON_EXECUTABLE: /usr/bin/python3
[1.410s] -- Using PYTHON_INCLUDE_DIRS: /usr/include/python3.10
[1.410s] -- Using PYTHON_LIBRARIES: /usr/lib/x86_64-linux-gnu/libpython3.10.so
[1.474s] -- Configuring done
[1.511s] -- Generating done
[1.520s] -- Build files have been written to: /home/ahmedmwafy/Test/Mwafy/ros2_my_ws/build/letters_drawing_2
[1.551s] [35m[1mConsolidate compiler generated dependencies of target letters_drawing_2__rosidl_generator_c[0m
[1.566s] [  3%] Built target letters_drawing_2__cpp
[1.567s] [ 12%] Built target letters_drawing_2__rosidl_generator_c
[1.577s] [ 12%] Built target ament_cmake_python_copy_letters_drawing_2
[1.580s] [35m[1mConsolidate compiler generated dependencies of target letters_drawing_2__rosidl_typesupport_cpp[0m
[1.581s] [35m[1mConsolidate compiler generated dependencies of target letters_drawing_2__rosidl_typesupport_fastrtps_cpp[0m
[1.582s] [35m[1mConsolidate compiler generated dependencies of target letters_drawing_2__rosidl_typesupport_introspection_cpp[0m
[1.582s] [35m[1mConsolidate compiler generated dependencies of target letters_drawing_2__rosidl_typesupport_fastrtps_c[0m
[1.582s] [35m[1mConsolidate compiler generated dependencies of target letters_drawing_2__rosidl_typesupport_introspection_c[0m
[1.582s] [35m[1mConsolidate compiler generated dependencies of target letters_drawing_2__rosidl_typesupport_c[0m
[1.597s] [ 22%] Built target letters_drawing_2__rosidl_typesupport_cpp
[1.597s] [ 32%] Built target letters_drawing_2__rosidl_typesupport_c
[1.598s] [ 41%] Built target letters_drawing_2__rosidl_typesupport_introspection_c
[1.599s] [ 51%] Built target letters_drawing_2__rosidl_typesupport_introspection_cpp
[1.599s] [ 61%] Built target letters_drawing_2__rosidl_typesupport_fastrtps_c
[1.599s] [ 70%] Built target letters_drawing_2__rosidl_typesupport_fastrtps_cpp
[1.627s] [ 70%] Built target letters_drawing_2
[1.656s] [ 74%] Built target letters_drawing_2__py
[1.671s] [35m[1mConsolidate compiler generated dependencies of target letters_drawing_2__rosidl_generator_py[0m
[1.688s] [ 80%] Built target letters_drawing_2__rosidl_generator_py
[1.702s] [35m[1mConsolidate compiler generated dependencies of target letters_drawing_2__rosidl_typesupport_fastrtps_c__pyext[0m
[1.703s] [35m[1mConsolidate compiler generated dependencies of target letters_drawing_2__rosidl_typesupport_introspection_c__pyext[0m
[1.703s] [35m[1mConsolidate compiler generated dependencies of target letters_drawing_2__rosidl_typesupport_c__pyext[0m
[1.718s] [ 87%] Built target letters_drawing_2__rosidl_typesupport_fastrtps_c__pyext
[1.718s] [ 93%] Built target letters_drawing_2__rosidl_typesupport_introspection_c__pyext
[1.719s] [100%] Built target letters_drawing_2__rosidl_typesupport_c__pyext
[1.822s] running egg_info
[1.822s] writing letters_drawing_2.egg-info/PKG-INFO
[1.822s] writing dependency_links to letters_drawing_2.egg-info/dependency_links.txt
[1.823s] writing top-level names to letters_drawing_2.egg-info/top_level.txt
[1.824s] reading manifest file 'letters_drawing_2.egg-info/SOURCES.txt'
[1.825s] writing manifest file 'letters_drawing_2.egg-info/SOURCES.txt'
[1.845s] [100%] Built target ament_cmake_python_build_letters_drawing_2_egg
[1.855s] Invoked command in '/home/ahmedmwafy/Test/Mwafy/ros2_my_ws/build/letters_drawing_2' returned '0': CMAKE_PREFIX_PATH=${CMAKE_PREFIX_PATH}:/home/ahmedmwafy/Test/Mwafy/ros2_my_ws/install/turtle_control_1:/opt/ros/humble /usr/bin/cmake --build /home/ahmedmwafy/Test/Mwafy/ros2_my_ws/build/letters_drawing_2 -- -j16 -l16
[1.869s] Invoking command in '/home/ahmedmwafy/Test/Mwafy/ros2_my_ws/build/letters_drawing_2': CMAKE_PREFIX_PATH=${CMAKE_PREFIX_PATH}:/home/ahmedmwafy/Test/Mwafy/ros2_my_ws/install/turtle_control_1:/opt/ros/humble /usr/bin/cmake --install /home/ahmedmwafy/Test/Mwafy/ros2_my_ws/build/letters_drawing_2
[1.881s] -- Install configuration: ""
[1.881s] [31mCMake Error at cmake_install.cmake:46 (file):
[1.881s]   file INSTALL cannot find
[1.881s]   "/home/ahmedmwafy/Test/Mwafy/ros2_my_ws/src/letters_drawing_2/scripts/turtle_publisher.py":
[1.881s]   No such file or directory.
[1.881s] 
[1.881s] [0m
[1.883s] Invoked command in '/home/ahmedmwafy/Test/Mwafy/ros2_my_ws/build/letters_drawing_2' returned '1': CMAKE_PREFIX_PATH=${CMAKE_PREFIX_PATH}:/home/ahmedmwafy/Test/Mwafy/ros2_my_ws/install/turtle_control_1:/opt/ros/humble /usr/bin/cmake --install /home/ahmedmwafy/Test/Mwafy/ros2_my_ws/build/letters_drawing_2
