[0.734s] Invoking command in '/home/zahaby/Test/Elzahaby/ws/src/zahaby_pkg': PYTHONPATH=/home/zahaby/Test/Elzahaby/ws/build/zahaby_pkg/prefix_override:/usr/lib/python3/dist-packages/colcon_core/task/python/colcon_distutils_commands:/home/zahaby/Test/Elzahaby/ws/install/zahaby_pkg/lib/python3.10/site-packages:${PYTHONPATH} /usr/bin/python3 -W ignore:setup.py install is deprecated -W ignore:easy_install command is deprecated setup.py egg_info --egg-base ../../build/zahaby_pkg build --build-base /home/zahaby/Test/Elzahaby/ws/build/zahaby_pkg/build install --record /home/zahaby/Test/Elzahaby/ws/build/zahaby_pkg/install.log --single-version-externally-managed install_data
[1.010s] running egg_info
[1.011s] writing ../../build/zahaby_pkg/zahaby_pkg.egg-info/PKG-INFO
[1.011s] writing dependency_links to ../../build/zahaby_pkg/zahaby_pkg.egg-info/dependency_links.txt
[1.012s] writing entry points to ../../build/zahaby_pkg/zahaby_pkg.egg-info/entry_points.txt
[1.012s] writing requirements to ../../build/zahaby_pkg/zahaby_pkg.egg-info/requires.txt
[1.012s] writing top-level names to ../../build/zahaby_pkg/zahaby_pkg.egg-info/top_level.txt
[1.017s] reading manifest file '../../build/zahaby_pkg/zahaby_pkg.egg-info/SOURCES.txt'
[1.018s] writing manifest file '../../build/zahaby_pkg/zahaby_pkg.egg-info/SOURCES.txt'
[1.018s] running build
[1.019s] running build_py
[1.019s] copying zahaby_pkg/turt_cont.py -> /home/zahaby/Test/Elzahaby/ws/build/zahaby_pkg/build/lib/zahaby_pkg
[1.020s] running install
[1.020s] running install_lib
[1.021s] copying /home/zahaby/Test/Elzahaby/ws/build/zahaby_pkg/build/lib/zahaby_pkg/turt_cont.py -> /home/zahaby/Test/Elzahaby/ws/install/zahaby_pkg/lib/python3.10/site-packages/zahaby_pkg
[1.021s] byte-compiling /home/zahaby/Test/Elzahaby/ws/install/zahaby_pkg/lib/python3.10/site-packages/zahaby_pkg/turt_cont.py to turt_cont.cpython-310.pyc
[1.022s] running install_data
[1.022s] running install_egg_info
[1.024s] removing '/home/zahaby/Test/Elzahaby/ws/install/zahaby_pkg/lib/python3.10/site-packages/zahaby_pkg-0.0.0-py3.10.egg-info' (and everything under it)
[1.025s] Copying ../../build/zahaby_pkg/zahaby_pkg.egg-info to /home/zahaby/Test/Elzahaby/ws/install/zahaby_pkg/lib/python3.10/site-packages/zahaby_pkg-0.0.0-py3.10.egg-info
[1.026s] running install_scripts
[1.048s] Installing turtle_cont script to /home/zahaby/Test/Elzahaby/ws/install/zahaby_pkg/lib/zahaby_pkg
[1.048s] writing list of installed files to '/home/zahaby/Test/Elzahaby/ws/build/zahaby_pkg/install.log'
[1.073s] Invoked command in '/home/zahaby/Test/Elzahaby/ws/src/zahaby_pkg' returned '0': PYTHONPATH=/home/zahaby/Test/Elzahaby/ws/build/zahaby_pkg/prefix_override:/usr/lib/python3/dist-packages/colcon_core/task/python/colcon_distutils_commands:/home/zahaby/Test/Elzahaby/ws/install/zahaby_pkg/lib/python3.10/site-packages:${PYTHONPATH} /usr/bin/python3 -W ignore:setup.py install is deprecated -W ignore:easy_install command is deprecated setup.py egg_info --egg-base ../../build/zahaby_pkg build --build-base /home/zahaby/Test/Elzahaby/ws/build/zahaby_pkg/build install --record /home/zahaby/Test/Elzahaby/ws/build/zahaby_pkg/install.log --single-version-externally-managed install_data
