[0.016s] Invoking command in '/home/ahmedmwafy/Test/Mwafy/ros2_my_ws/build/letters_drawing_2': CMAKE_PREFIX_PATH=/opt/ros/humble /usr/bin/cmake --build /home/ahmedmwafy/Test/Mwafy/ros2_my_ws/build/letters_drawing_2 -- -j16 -l16
[0.134s] [  3%] Built target letters_drawing_2__cpp
[0.137s] [ 12%] Built target letters_drawing_2__rosidl_generator_c
[0.150s] [ 12%] Built target ament_cmake_python_copy_letters_drawing_2
[0.165s] [ 22%] Built target letters_drawing_2__rosidl_typesupport_cpp
[0.165s] [ 32%] Built target letters_drawing_2__rosidl_typesupport_introspection_cpp
[0.166s] [ 41%] Built target letters_drawing_2__rosidl_typesupport_c
[0.166s] [ 51%] Built target letters_drawing_2__rosidl_typesupport_fastrtps_cpp
[0.166s] [ 61%] Built target letters_drawing_2__rosidl_typesupport_introspection_c
[0.167s] [ 70%] Built target letters_drawing_2__rosidl_typesupport_fastrtps_c
[0.188s] [ 70%] Built target letters_drawing_2
[0.208s] [ 74%] Built target letters_drawing_2__py
[0.231s] [ 80%] Built target letters_drawing_2__rosidl_generator_py
[0.255s] [ 87%] Built target letters_drawing_2__rosidl_typesupport_fastrtps_c__pyext
[0.255s] [100%] Built target letters_drawing_2__rosidl_typesupport_c__pyext
[0.256s] [100%] Built target letters_drawing_2__rosidl_typesupport_introspection_c__pyext
[0.369s] running egg_info
[0.370s] writing letters_drawing_2.egg-info/PKG-INFO
[0.370s] writing dependency_links to letters_drawing_2.egg-info/dependency_links.txt
[0.370s] writing top-level names to letters_drawing_2.egg-info/top_level.txt
[0.373s] reading manifest file 'letters_drawing_2.egg-info/SOURCES.txt'
[0.373s] writing manifest file 'letters_drawing_2.egg-info/SOURCES.txt'
[0.394s] [100%] Built target ament_cmake_python_build_letters_drawing_2_egg
[0.409s] Invoked command in '/home/ahmedmwafy/Test/Mwafy/ros2_my_ws/build/letters_drawing_2' returned '0': CMAKE_PREFIX_PATH=/opt/ros/humble /usr/bin/cmake --build /home/ahmedmwafy/Test/Mwafy/ros2_my_ws/build/letters_drawing_2 -- -j16 -l16
[0.421s] Invoking command in '/home/ahmedmwafy/Test/Mwafy/ros2_my_ws/build/letters_drawing_2': CMAKE_PREFIX_PATH=/opt/ros/humble /usr/bin/cmake --install /home/ahmedmwafy/Test/Mwafy/ros2_my_ws/build/letters_drawing_2
[0.429s] -- Install configuration: ""
[0.430s] -- Installing: /home/ahmedmwafy/Test/Mwafy/ros2_my_ws/install/letters_drawing_2/lib/letters_drawing_2/turtle_publisher.py
[0.430s] -- Up-to-date: /home/ahmedmwafy/Test/Mwafy/ros2_my_ws/install/letters_drawing_2/lib/letters_drawing_2/turtle_subscriber.py
[0.431s] -- Up-to-date: /home/ahmedmwafy/Test/Mwafy/ros2_my_ws/install/letters_drawing_2/share/ament_index/resource_index/rosidl_interfaces/letters_drawing_2
[0.431s] -- Up-to-date: /home/ahmedmwafy/Test/Mwafy/ros2_my_ws/install/letters_drawing_2/include/letters_drawing_2/letters_drawing_2
[0.431s] -- Up-to-date: /home/ahmedmwafy/Test/Mwafy/ros2_my_ws/install/letters_drawing_2/include/letters_drawing_2/letters_drawing_2/msg
[0.431s] -- Up-to-date: /home/ahmedmwafy/Test/Mwafy/ros2_my_ws/install/letters_drawing_2/include/letters_drawing_2/letters_drawing_2/msg/detail
[0.431s] -- Up-to-date: /home/ahmedmwafy/Test/Mwafy/ros2_my_ws/install/letters_drawing_2/include/letters_drawing_2/letters_drawing_2/msg/detail/turtle_info__type_support.h
[0.431s] -- Up-to-date: /home/ahmedmwafy/Test/Mwafy/ros2_my_ws/install/letters_drawing_2/include/letters_drawing_2/letters_drawing_2/msg/detail/turtle_info__functions.c
[0.431s] -- Up-to-date: /home/ahmedmwafy/Test/Mwafy/ros2_my_ws/install/letters_drawing_2/include/letters_drawing_2/letters_drawing_2/msg/detail/turtle_info__struct.h
[0.431s] -- Up-to-date: /home/ahmedmwafy/Test/Mwafy/ros2_my_ws/install/letters_drawing_2/include/letters_drawing_2/letters_drawing_2/msg/detail/turtle_info__functions.h
[0.432s] -- Up-to-date: /home/ahmedmwafy/Test/Mwafy/ros2_my_ws/install/letters_drawing_2/include/letters_drawing_2/letters_drawing_2/msg/turtle_info.h
[0.432s] -- Up-to-date: /home/ahmedmwafy/Test/Mwafy/ros2_my_ws/install/letters_drawing_2/include/letters_drawing_2/letters_drawing_2/msg/rosidl_generator_c__visibility_control.h
[0.432s] -- Up-to-date: /home/ahmedmwafy/Test/Mwafy/ros2_my_ws/install/letters_drawing_2/share/letters_drawing_2/environment/library_path.sh
[0.432s] -- Up-to-date: /home/ahmedmwafy/Test/Mwafy/ros2_my_ws/install/letters_drawing_2/share/letters_drawing_2/environment/library_path.dsv
[0.432s] -- Up-to-date: /home/ahmedmwafy/Test/Mwafy/ros2_my_ws/install/letters_drawing_2/lib/libletters_drawing_2__rosidl_generator_c.so
[0.432s] -- Up-to-date: /home/ahmedmwafy/Test/Mwafy/ros2_my_ws/install/letters_drawing_2/include/letters_drawing_2/letters_drawing_2
[0.433s] -- Up-to-date: /home/ahmedmwafy/Test/Mwafy/ros2_my_ws/install/letters_drawing_2/include/letters_drawing_2/letters_drawing_2/msg
[0.433s] -- Up-to-date: /home/ahmedmwafy/Test/Mwafy/ros2_my_ws/install/letters_drawing_2/include/letters_drawing_2/letters_drawing_2/msg/detail
[0.433s] -- Up-to-date: /home/ahmedmwafy/Test/Mwafy/ros2_my_ws/install/letters_drawing_2/include/letters_drawing_2/letters_drawing_2/msg/detail/turtle_info__rosidl_typesupport_fastrtps_c.h
[0.433s] -- Up-to-date: /home/ahmedmwafy/Test/Mwafy/ros2_my_ws/install/letters_drawing_2/include/letters_drawing_2/letters_drawing_2/msg/rosidl_typesupport_fastrtps_c__visibility_control.h
[0.433s] -- Up-to-date: /home/ahmedmwafy/Test/Mwafy/ros2_my_ws/install/letters_drawing_2/lib/libletters_drawing_2__rosidl_typesupport_fastrtps_c.so
[0.434s] -- Up-to-date: /home/ahmedmwafy/Test/Mwafy/ros2_my_ws/install/letters_drawing_2/include/letters_drawing_2/letters_drawing_2
[0.434s] -- Up-to-date: /home/ahmedmwafy/Test/Mwafy/ros2_my_ws/install/letters_drawing_2/include/letters_drawing_2/letters_drawing_2/msg
[0.434s] -- Up-to-date: /home/ahmedmwafy/Test/Mwafy/ros2_my_ws/install/letters_drawing_2/include/letters_drawing_2/letters_drawing_2/msg/detail
[0.434s] -- Up-to-date: /home/ahmedmwafy/Test/Mwafy/ros2_my_ws/install/letters_drawing_2/include/letters_drawing_2/letters_drawing_2/msg/detail/turtle_info__rosidl_typesupport_introspection_c.h
[0.434s] -- Up-to-date: /home/ahmedmwafy/Test/Mwafy/ros2_my_ws/install/letters_drawing_2/include/letters_drawing_2/letters_drawing_2/msg/detail/turtle_info__type_support.c
[0.434s] -- Up-to-date: /home/ahmedmwafy/Test/Mwafy/ros2_my_ws/install/letters_drawing_2/include/letters_drawing_2/letters_drawing_2/msg/rosidl_typesupport_introspection_c__visibility_control.h
[0.434s] -- Up-to-date: /home/ahmedmwafy/Test/Mwafy/ros2_my_ws/install/letters_drawing_2/lib/libletters_drawing_2__rosidl_typesupport_introspection_c.so
[0.434s] -- Up-to-date: /home/ahmedmwafy/Test/Mwafy/ros2_my_ws/install/letters_drawing_2/lib/libletters_drawing_2__rosidl_typesupport_c.so
[0.434s] -- Up-to-date: /home/ahmedmwafy/Test/Mwafy/ros2_my_ws/install/letters_drawing_2/include/letters_drawing_2/letters_drawing_2
[0.435s] -- Up-to-date: /home/ahmedmwafy/Test/Mwafy/ros2_my_ws/install/letters_drawing_2/include/letters_drawing_2/letters_drawing_2/msg
[0.435s] -- Up-to-date: /home/ahmedmwafy/Test/Mwafy/ros2_my_ws/install/letters_drawing_2/include/letters_drawing_2/letters_drawing_2/msg/detail
[0.435s] -- Up-to-date: /home/ahmedmwafy/Test/Mwafy/ros2_my_ws/install/letters_drawing_2/include/letters_drawing_2/letters_drawing_2/msg/detail/turtle_info__traits.hpp
[0.435s] -- Up-to-date: /home/ahmedmwafy/Test/Mwafy/ros2_my_ws/install/letters_drawing_2/include/letters_drawing_2/letters_drawing_2/msg/detail/turtle_info__type_support.hpp
[0.435s] -- Up-to-date: /home/ahmedmwafy/Test/Mwafy/ros2_my_ws/install/letters_drawing_2/include/letters_drawing_2/letters_drawing_2/msg/detail/turtle_info__builder.hpp
[0.435s] -- Up-to-date: /home/ahmedmwafy/Test/Mwafy/ros2_my_ws/install/letters_drawing_2/include/letters_drawing_2/letters_drawing_2/msg/detail/turtle_info__struct.hpp
[0.435s] -- Up-to-date: /home/ahmedmwafy/Test/Mwafy/ros2_my_ws/install/letters_drawing_2/include/letters_drawing_2/letters_drawing_2/msg/rosidl_generator_cpp__visibility_control.hpp
[0.435s] -- Up-to-date: /home/ahmedmwafy/Test/Mwafy/ros2_my_ws/install/letters_drawing_2/include/letters_drawing_2/letters_drawing_2/msg/turtle_info.hpp
[0.435s] -- Up-to-date: /home/ahmedmwafy/Test/Mwafy/ros2_my_ws/install/letters_drawing_2/include/letters_drawing_2/letters_drawing_2
[0.435s] -- Up-to-date: /home/ahmedmwafy/Test/Mwafy/ros2_my_ws/install/letters_drawing_2/include/letters_drawing_2/letters_drawing_2/msg
[0.435s] -- Up-to-date: /home/ahmedmwafy/Test/Mwafy/ros2_my_ws/install/letters_drawing_2/include/letters_drawing_2/letters_drawing_2/msg/detail
[0.435s] -- Up-to-date: /home/ahmedmwafy/Test/Mwafy/ros2_my_ws/install/letters_drawing_2/include/letters_drawing_2/letters_drawing_2/msg/detail/dds_fastrtps
[0.435s] -- Up-to-date: /home/ahmedmwafy/Test/Mwafy/ros2_my_ws/install/letters_drawing_2/include/letters_drawing_2/letters_drawing_2/msg/detail/turtle_info__rosidl_typesupport_fastrtps_cpp.hpp
[0.435s] -- Up-to-date: /home/ahmedmwafy/Test/Mwafy/ros2_my_ws/install/letters_drawing_2/include/letters_drawing_2/letters_drawing_2/msg/rosidl_typesupport_fastrtps_cpp__visibility_control.h
[0.435s] -- Up-to-date: /home/ahmedmwafy/Test/Mwafy/ros2_my_ws/install/letters_drawing_2/lib/libletters_drawing_2__rosidl_typesupport_fastrtps_cpp.so
[0.435s] -- Up-to-date: /home/ahmedmwafy/Test/Mwafy/ros2_my_ws/install/letters_drawing_2/include/letters_drawing_2/letters_drawing_2
[0.435s] -- Up-to-date: /home/ahmedmwafy/Test/Mwafy/ros2_my_ws/install/letters_drawing_2/include/letters_drawing_2/letters_drawing_2/msg
[0.436s] -- Up-to-date: /home/ahmedmwafy/Test/Mwafy/ros2_my_ws/install/letters_drawing_2/include/letters_drawing_2/letters_drawing_2/msg/detail
[0.436s] -- Up-to-date: /home/ahmedmwafy/Test/Mwafy/ros2_my_ws/install/letters_drawing_2/include/letters_drawing_2/letters_drawing_2/msg/detail/turtle_info__rosidl_typesupport_introspection_cpp.hpp
[0.436s] -- Up-to-date: /home/ahmedmwafy/Test/Mwafy/ros2_my_ws/install/letters_drawing_2/include/letters_drawing_2/letters_drawing_2/msg/detail/turtle_info__type_support.cpp
[0.436s] -- Up-to-date: /home/ahmedmwafy/Test/Mwafy/ros2_my_ws/install/letters_drawing_2/lib/libletters_drawing_2__rosidl_typesupport_introspection_cpp.so
[0.436s] -- Up-to-date: /home/ahmedmwafy/Test/Mwafy/ros2_my_ws/install/letters_drawing_2/lib/libletters_drawing_2__rosidl_typesupport_cpp.so
[0.436s] -- Up-to-date: /home/ahmedmwafy/Test/Mwafy/ros2_my_ws/install/letters_drawing_2/share/letters_drawing_2/environment/pythonpath.sh
[0.436s] -- Up-to-date: /home/ahmedmwafy/Test/Mwafy/ros2_my_ws/install/letters_drawing_2/share/letters_drawing_2/environment/pythonpath.dsv
[0.437s] -- Up-to-date: /home/ahmedmwafy/Test/Mwafy/ros2_my_ws/install/letters_drawing_2/local/lib/python3.10/dist-packages/letters_drawing_2-0.0.0-py3.10.egg-info
[0.438s] -- Installing: /home/ahmedmwafy/Test/Mwafy/ros2_my_ws/install/letters_drawing_2/local/lib/python3.10/dist-packages/letters_drawing_2-0.0.0-py3.10.egg-info/PKG-INFO
[0.438s] -- Installing: /home/ahmedmwafy/Test/Mwafy/ros2_my_ws/install/letters_drawing_2/local/lib/python3.10/dist-packages/letters_drawing_2-0.0.0-py3.10.egg-info/SOURCES.txt
[0.438s] -- Installing: /home/ahmedmwafy/Test/Mwafy/ros2_my_ws/install/letters_drawing_2/local/lib/python3.10/dist-packages/letters_drawing_2-0.0.0-py3.10.egg-info/top_level.txt
[0.438s] -- Installing: /home/ahmedmwafy/Test/Mwafy/ros2_my_ws/install/letters_drawing_2/local/lib/python3.10/dist-packages/letters_drawing_2-0.0.0-py3.10.egg-info/dependency_links.txt
[0.438s] -- Up-to-date: /home/ahmedmwafy/Test/Mwafy/ros2_my_ws/install/letters_drawing_2/local/lib/python3.10/dist-packages/letters_drawing_2
[0.438s] -- Up-to-date: /home/ahmedmwafy/Test/Mwafy/ros2_my_ws/install/letters_drawing_2/local/lib/python3.10/dist-packages/letters_drawing_2/_letters_drawing_2_s.ep.rosidl_typesupport_introspection_c.c
[0.438s] -- Up-to-date: /home/ahmedmwafy/Test/Mwafy/ros2_my_ws/install/letters_drawing_2/local/lib/python3.10/dist-packages/letters_drawing_2/letters_drawing_2_s__rosidl_typesupport_introspection_c.cpython-310-x86_64-linux-gnu.so
[0.438s] -- Up-to-date: /home/ahmedmwafy/Test/Mwafy/ros2_my_ws/install/letters_drawing_2/local/lib/python3.10/dist-packages/letters_drawing_2/_letters_drawing_2_s.ep.rosidl_typesupport_fastrtps_c.c
[0.438s] -- Up-to-date: /home/ahmedmwafy/Test/Mwafy/ros2_my_ws/install/letters_drawing_2/local/lib/python3.10/dist-packages/letters_drawing_2/letters_drawing_2_s__rosidl_typesupport_fastrtps_c.cpython-310-x86_64-linux-gnu.so
[0.439s] -- Up-to-date: /home/ahmedmwafy/Test/Mwafy/ros2_my_ws/install/letters_drawing_2/local/lib/python3.10/dist-packages/letters_drawing_2/_letters_drawing_2_s.ep.rosidl_typesupport_c.c
[0.439s] -- Up-to-date: /home/ahmedmwafy/Test/Mwafy/ros2_my_ws/install/letters_drawing_2/local/lib/python3.10/dist-packages/letters_drawing_2/libletters_drawing_2__rosidl_generator_py.so
[0.439s] -- Up-to-date: /home/ahmedmwafy/Test/Mwafy/ros2_my_ws/install/letters_drawing_2/local/lib/python3.10/dist-packages/letters_drawing_2/msg
[0.439s] -- Up-to-date: /home/ahmedmwafy/Test/Mwafy/ros2_my_ws/install/letters_drawing_2/local/lib/python3.10/dist-packages/letters_drawing_2/msg/_turtle_info.py
[0.439s] -- Up-to-date: /home/ahmedmwafy/Test/Mwafy/ros2_my_ws/install/letters_drawing_2/local/lib/python3.10/dist-packages/letters_drawing_2/msg/__init__.py
[0.439s] -- Up-to-date: /home/ahmedmwafy/Test/Mwafy/ros2_my_ws/install/letters_drawing_2/local/lib/python3.10/dist-packages/letters_drawing_2/msg/_turtle_info_s.c
[0.439s] -- Up-to-date: /home/ahmedmwafy/Test/Mwafy/ros2_my_ws/install/letters_drawing_2/local/lib/python3.10/dist-packages/letters_drawing_2/__init__.py
[0.439s] -- Up-to-date: /home/ahmedmwafy/Test/Mwafy/ros2_my_ws/install/letters_drawing_2/local/lib/python3.10/dist-packages/letters_drawing_2/letters_drawing_2_s__rosidl_typesupport_c.cpython-310-x86_64-linux-gnu.so
[0.468s] Listing '/home/ahmedmwafy/Test/Mwafy/ros2_my_ws/install/letters_drawing_2/local/lib/python3.10/dist-packages/letters_drawing_2'...
[0.468s] Listing '/home/ahmedmwafy/Test/Mwafy/ros2_my_ws/install/letters_drawing_2/local/lib/python3.10/dist-packages/letters_drawing_2/msg'...
[0.472s] -- Up-to-date: /home/ahmedmwafy/Test/Mwafy/ros2_my_ws/install/letters_drawing_2/local/lib/python3.10/dist-packages/letters_drawing_2/letters_drawing_2_s__rosidl_typesupport_fastrtps_c.cpython-310-x86_64-linux-gnu.so
[0.473s] -- Up-to-date: /home/ahmedmwafy/Test/Mwafy/ros2_my_ws/install/letters_drawing_2/local/lib/python3.10/dist-packages/letters_drawing_2/letters_drawing_2_s__rosidl_typesupport_introspection_c.cpython-310-x86_64-linux-gnu.so
[0.473s] -- Up-to-date: /home/ahmedmwafy/Test/Mwafy/ros2_my_ws/install/letters_drawing_2/local/lib/python3.10/dist-packages/letters_drawing_2/letters_drawing_2_s__rosidl_typesupport_c.cpython-310-x86_64-linux-gnu.so
[0.473s] -- Up-to-date: /home/ahmedmwafy/Test/Mwafy/ros2_my_ws/install/letters_drawing_2/lib/libletters_drawing_2__rosidl_generator_py.so
[0.473s] -- Up-to-date: /home/ahmedmwafy/Test/Mwafy/ros2_my_ws/install/letters_drawing_2/share/letters_drawing_2/msg/TurtleInfo.idl
[0.473s] -- Up-to-date: /home/ahmedmwafy/Test/Mwafy/ros2_my_ws/install/letters_drawing_2/share/letters_drawing_2/msg/TurtleInfo.msg
[0.473s] -- Up-to-date: /home/ahmedmwafy/Test/Mwafy/ros2_my_ws/install/letters_drawing_2/share/ament_index/resource_index/package_run_dependencies/letters_drawing_2
[0.474s] -- Up-to-date: /home/ahmedmwafy/Test/Mwafy/ros2_my_ws/install/letters_drawing_2/share/ament_index/resource_index/parent_prefix_path/letters_drawing_2
[0.474s] -- Up-to-date: /home/ahmedmwafy/Test/Mwafy/ros2_my_ws/install/letters_drawing_2/share/letters_drawing_2/environment/ament_prefix_path.sh
[0.474s] -- Up-to-date: /home/ahmedmwafy/Test/Mwafy/ros2_my_ws/install/letters_drawing_2/share/letters_drawing_2/environment/ament_prefix_path.dsv
[0.474s] -- Up-to-date: /home/ahmedmwafy/Test/Mwafy/ros2_my_ws/install/letters_drawing_2/share/letters_drawing_2/environment/path.sh
[0.474s] -- Up-to-date: /home/ahmedmwafy/Test/Mwafy/ros2_my_ws/install/letters_drawing_2/share/letters_drawing_2/environment/path.dsv
[0.474s] -- Up-to-date: /home/ahmedmwafy/Test/Mwafy/ros2_my_ws/install/letters_drawing_2/share/letters_drawing_2/local_setup.bash
[0.474s] -- Up-to-date: /home/ahmedmwafy/Test/Mwafy/ros2_my_ws/install/letters_drawing_2/share/letters_drawing_2/local_setup.sh
[0.474s] -- Up-to-date: /home/ahmedmwafy/Test/Mwafy/ros2_my_ws/install/letters_drawing_2/share/letters_drawing_2/local_setup.zsh
[0.474s] -- Up-to-date: /home/ahmedmwafy/Test/Mwafy/ros2_my_ws/install/letters_drawing_2/share/letters_drawing_2/local_setup.dsv
[0.474s] -- Installing: /home/ahmedmwafy/Test/Mwafy/ros2_my_ws/install/letters_drawing_2/share/letters_drawing_2/package.dsv
[0.475s] -- Up-to-date: /home/ahmedmwafy/Test/Mwafy/ros2_my_ws/install/letters_drawing_2/share/ament_index/resource_index/packages/letters_drawing_2
[0.476s] -- Up-to-date: /home/ahmedmwafy/Test/Mwafy/ros2_my_ws/install/letters_drawing_2/share/letters_drawing_2/cmake/export_letters_drawing_2__rosidl_generator_cExport.cmake
[0.476s] -- Up-to-date: /home/ahmedmwafy/Test/Mwafy/ros2_my_ws/install/letters_drawing_2/share/letters_drawing_2/cmake/export_letters_drawing_2__rosidl_generator_cExport-noconfig.cmake
[0.476s] -- Up-to-date: /home/ahmedmwafy/Test/Mwafy/ros2_my_ws/install/letters_drawing_2/share/letters_drawing_2/cmake/export_letters_drawing_2__rosidl_typesupport_fastrtps_cExport.cmake
[0.476s] -- Up-to-date: /home/ahmedmwafy/Test/Mwafy/ros2_my_ws/install/letters_drawing_2/share/letters_drawing_2/cmake/export_letters_drawing_2__rosidl_typesupport_fastrtps_cExport-noconfig.cmake
[0.476s] -- Up-to-date: /home/ahmedmwafy/Test/Mwafy/ros2_my_ws/install/letters_drawing_2/share/letters_drawing_2/cmake/letters_drawing_2__rosidl_typesupport_introspection_cExport.cmake
[0.476s] -- Up-to-date: /home/ahmedmwafy/Test/Mwafy/ros2_my_ws/install/letters_drawing_2/share/letters_drawing_2/cmake/letters_drawing_2__rosidl_typesupport_introspection_cExport-noconfig.cmake
[0.477s] -- Up-to-date: /home/ahmedmwafy/Test/Mwafy/ros2_my_ws/install/letters_drawing_2/share/letters_drawing_2/cmake/letters_drawing_2__rosidl_typesupport_cExport.cmake
[0.477s] -- Up-to-date: /home/ahmedmwafy/Test/Mwafy/ros2_my_ws/install/letters_drawing_2/share/letters_drawing_2/cmake/letters_drawing_2__rosidl_typesupport_cExport-noconfig.cmake
[0.477s] -- Up-to-date: /home/ahmedmwafy/Test/Mwafy/ros2_my_ws/install/letters_drawing_2/share/letters_drawing_2/cmake/export_letters_drawing_2__rosidl_generator_cppExport.cmake
[0.477s] -- Up-to-date: /home/ahmedmwafy/Test/Mwafy/ros2_my_ws/install/letters_drawing_2/share/letters_drawing_2/cmake/export_letters_drawing_2__rosidl_typesupport_fastrtps_cppExport.cmake
[0.477s] -- Up-to-date: /home/ahmedmwafy/Test/Mwafy/ros2_my_ws/install/letters_drawing_2/share/letters_drawing_2/cmake/export_letters_drawing_2__rosidl_typesupport_fastrtps_cppExport-noconfig.cmake
[0.478s] -- Up-to-date: /home/ahmedmwafy/Test/Mwafy/ros2_my_ws/install/letters_drawing_2/share/letters_drawing_2/cmake/letters_drawing_2__rosidl_typesupport_introspection_cppExport.cmake
[0.478s] -- Up-to-date: /home/ahmedmwafy/Test/Mwafy/ros2_my_ws/install/letters_drawing_2/share/letters_drawing_2/cmake/letters_drawing_2__rosidl_typesupport_introspection_cppExport-noconfig.cmake
[0.478s] -- Up-to-date: /home/ahmedmwafy/Test/Mwafy/ros2_my_ws/install/letters_drawing_2/share/letters_drawing_2/cmake/letters_drawing_2__rosidl_typesupport_cppExport.cmake
[0.478s] -- Up-to-date: /home/ahmedmwafy/Test/Mwafy/ros2_my_ws/install/letters_drawing_2/share/letters_drawing_2/cmake/letters_drawing_2__rosidl_typesupport_cppExport-noconfig.cmake
[0.478s] -- Up-to-date: /home/ahmedmwafy/Test/Mwafy/ros2_my_ws/install/letters_drawing_2/share/letters_drawing_2/cmake/export_letters_drawing_2__rosidl_generator_pyExport.cmake
[0.478s] -- Up-to-date: /home/ahmedmwafy/Test/Mwafy/ros2_my_ws/install/letters_drawing_2/share/letters_drawing_2/cmake/export_letters_drawing_2__rosidl_generator_pyExport-noconfig.cmake
[0.479s] -- Up-to-date: /home/ahmedmwafy/Test/Mwafy/ros2_my_ws/install/letters_drawing_2/share/letters_drawing_2/cmake/rosidl_cmake-extras.cmake
[0.479s] -- Up-to-date: /home/ahmedmwafy/Test/Mwafy/ros2_my_ws/install/letters_drawing_2/share/letters_drawing_2/cmake/ament_cmake_export_dependencies-extras.cmake
[0.479s] -- Up-to-date: /home/ahmedmwafy/Test/Mwafy/ros2_my_ws/install/letters_drawing_2/share/letters_drawing_2/cmake/ament_cmake_export_include_directories-extras.cmake
[0.479s] -- Up-to-date: /home/ahmedmwafy/Test/Mwafy/ros2_my_ws/install/letters_drawing_2/share/letters_drawing_2/cmake/ament_cmake_export_libraries-extras.cmake
[0.479s] -- Up-to-date: /home/ahmedmwafy/Test/Mwafy/ros2_my_ws/install/letters_drawing_2/share/letters_drawing_2/cmake/ament_cmake_export_targets-extras.cmake
[0.479s] -- Up-to-date: /home/ahmedmwafy/Test/Mwafy/ros2_my_ws/install/letters_drawing_2/share/letters_drawing_2/cmake/rosidl_cmake_export_typesupport_targets-extras.cmake
[0.479s] -- Up-to-date: /home/ahmedmwafy/Test/Mwafy/ros2_my_ws/install/letters_drawing_2/share/letters_drawing_2/cmake/rosidl_cmake_export_typesupport_libraries-extras.cmake
[0.479s] -- Up-to-date: /home/ahmedmwafy/Test/Mwafy/ros2_my_ws/install/letters_drawing_2/share/letters_drawing_2/cmake/letters_drawing_2Config.cmake
[0.479s] -- Up-to-date: /home/ahmedmwafy/Test/Mwafy/ros2_my_ws/install/letters_drawing_2/share/letters_drawing_2/cmake/letters_drawing_2Config-version.cmake
[0.479s] -- Up-to-date: /home/ahmedmwafy/Test/Mwafy/ros2_my_ws/install/letters_drawing_2/share/letters_drawing_2/package.xml
[0.482s] Invoked command in '/home/ahmedmwafy/Test/Mwafy/ros2_my_ws/build/letters_drawing_2' returned '0': CMAKE_PREFIX_PATH=/opt/ros/humble /usr/bin/cmake --install /home/ahmedmwafy/Test/Mwafy/ros2_my_ws/build/letters_drawing_2
