[0.013s] Invoking command in '/home/ahmedmwafy/Test/Mwafy/ros2_my_ws/build/letters_drawing_2': CMAKE_PREFIX_PATH=${CMAKE_PREFIX_PATH}:/home/ahmedmwafy/Test/Mwafy/ros2_my_ws/install/turtle_control_1:/opt/ros/humble /usr/bin/cmake --build /home/ahmedmwafy/Test/Mwafy/ros2_my_ws/build/letters_drawing_2 -- -j16 -l16
[0.037s] -- Found ament_cmake: 1.3.11 (/opt/ros/humble/share/ament_cmake/cmake)
[0.199s] -- Found rosidl_default_generators: 1.2.0 (/opt/ros/humble/share/rosidl_default_generators/cmake)
[0.200s] -- Using all available rosidl_typesupport_c: rosidl_typesupport_fastrtps_c;rosidl_typesupport_introspection_c
[0.203s] -- Found rosidl_adapter: 3.1.6 (/opt/ros/humble/share/rosidl_adapter/cmake)
[0.226s] -- Using all available rosidl_typesupport_cpp: rosidl_typesupport_fastrtps_cpp;rosidl_typesupport_introspection_cpp
[0.248s] -- Found std_msgs: 4.2.4 (/opt/ros/humble/share/std_msgs/cmake)
[0.268s] -- Found geometry_msgs: 4.2.4 (/opt/ros/humble/share/geometry_msgs/cmake)
[0.585s] -- Found ament_cmake_ros: 0.10.0 (/opt/ros/humble/share/ament_cmake_ros/cmake)
[0.805s] -- Using all available rosidl_typesupport_c: rosidl_typesupport_fastrtps_c;rosidl_typesupport_introspection_c
[1.278s] -- Using all available rosidl_typesupport_cpp: rosidl_typesupport_fastrtps_cpp;rosidl_typesupport_introspection_cpp
[1.314s] -- Found python_cmake_module: 0.10.0 (/opt/ros/humble/share/python_cmake_module/cmake)
[1.350s] -- Using PYTHON_EXECUTABLE: /usr/bin/python3
[1.350s] -- Using PYTHON_INCLUDE_DIRS: /usr/include/python3.10
[1.350s] -- Using PYTHON_LIBRARIES: /usr/lib/x86_64-linux-gnu/libpython3.10.so
[1.415s] -- Configuring done
[1.454s] -- Generating done
[1.463s] -- Build files have been written to: /home/ahmedmwafy/Test/Mwafy/ros2_my_ws/build/letters_drawing_2
[1.486s] [35m[1mConsolidate compiler generated dependencies of target letters_drawing_2__rosidl_generator_c[0m
[1.495s] [  3%] Built target letters_drawing_2__cpp
[1.496s] [ 12%] Built target letters_drawing_2__rosidl_generator_c
[1.502s] [ 12%] Built target ament_cmake_python_copy_letters_drawing_2
[1.505s] [35m[1mConsolidate compiler generated dependencies of target letters_drawing_2__rosidl_typesupport_introspection_cpp[0m
[1.506s] [35m[1mConsolidate compiler generated dependencies of target letters_drawing_2__rosidl_typesupport_fastrtps_cpp[0m
[1.506s] [35m[1mConsolidate compiler generated dependencies of target letters_drawing_2__rosidl_typesupport_cpp[0m
[1.513s] [35m[1mConsolidate compiler generated dependencies of target letters_drawing_2__rosidl_typesupport_fastrtps_c[0m
[1.513s] [35m[1mConsolidate compiler generated dependencies of target letters_drawing_2__rosidl_typesupport_c[0m
[1.513s] [35m[1mConsolidate compiler generated dependencies of target letters_drawing_2__rosidl_typesupport_introspection_c[0m
[1.518s] [ 29%] Built target letters_drawing_2__rosidl_typesupport_introspection_cpp
[1.519s] [ 35%] Built target letters_drawing_2__rosidl_typesupport_fastrtps_cpp
[1.519s] [ 41%] Built target letters_drawing_2__rosidl_typesupport_cpp
[1.524s] [ 51%] Built target letters_drawing_2__rosidl_typesupport_c
[1.524s] [ 61%] Built target letters_drawing_2__rosidl_typesupport_introspection_c
[1.525s] [ 70%] Built target letters_drawing_2__rosidl_typesupport_fastrtps_c
[1.552s] [ 70%] Built target letters_drawing_2
[1.581s] [ 74%] Built target letters_drawing_2__py
[1.596s] [35m[1mConsolidate compiler generated dependencies of target letters_drawing_2__rosidl_generator_py[0m
[1.613s] [ 80%] Built target letters_drawing_2__rosidl_generator_py
[1.627s] [35m[1mConsolidate compiler generated dependencies of target letters_drawing_2__rosidl_typesupport_fastrtps_c__pyext[0m
[1.628s] [35m[1mConsolidate compiler generated dependencies of target letters_drawing_2__rosidl_typesupport_introspection_c__pyext[0m
[1.628s] [35m[1mConsolidate compiler generated dependencies of target letters_drawing_2__rosidl_typesupport_c__pyext[0m
[1.643s] [ 90%] Built target letters_drawing_2__rosidl_typesupport_fastrtps_c__pyext
[1.643s] [ 93%] Built target letters_drawing_2__rosidl_typesupport_introspection_c__pyext
[1.643s] [100%] Built target letters_drawing_2__rosidl_typesupport_c__pyext
[1.738s] running egg_info
[1.739s] writing letters_drawing_2.egg-info/PKG-INFO
[1.740s] writing dependency_links to letters_drawing_2.egg-info/dependency_links.txt
[1.740s] writing top-level names to letters_drawing_2.egg-info/top_level.txt
[1.742s] reading manifest file 'letters_drawing_2.egg-info/SOURCES.txt'
[1.742s] writing manifest file 'letters_drawing_2.egg-info/SOURCES.txt'
[1.763s] [100%] Built target ament_cmake_python_build_letters_drawing_2_egg
[1.773s] Invoked command in '/home/ahmedmwafy/Test/Mwafy/ros2_my_ws/build/letters_drawing_2' returned '0': CMAKE_PREFIX_PATH=${CMAKE_PREFIX_PATH}:/home/ahmedmwafy/Test/Mwafy/ros2_my_ws/install/turtle_control_1:/opt/ros/humble /usr/bin/cmake --build /home/ahmedmwafy/Test/Mwafy/ros2_my_ws/build/letters_drawing_2 -- -j16 -l16
[1.785s] Invoking command in '/home/ahmedmwafy/Test/Mwafy/ros2_my_ws/build/letters_drawing_2': CMAKE_PREFIX_PATH=${CMAKE_PREFIX_PATH}:/home/ahmedmwafy/Test/Mwafy/ros2_my_ws/install/turtle_control_1:/opt/ros/humble /usr/bin/cmake --install /home/ahmedmwafy/Test/Mwafy/ros2_my_ws/build/letters_drawing_2
[1.796s] -- Install configuration: ""
[1.797s] [31mCMake Error at cmake_install.cmake:46 (file):
[1.797s]   file INSTALL cannot find
[1.797s]   "/home/ahmedmwafy/Test/Mwafy/ros2_my_ws/src/letters_drawing_2/scripts/turtle_publisher.py":
[1.797s]   No such file or directory.
[1.797s] 
[1.797s] [0m
[1.799s] Invoked command in '/home/ahmedmwafy/Test/Mwafy/ros2_my_ws/build/letters_drawing_2' returned '1': CMAKE_PREFIX_PATH=${CMAKE_PREFIX_PATH}:/home/ahmedmwafy/Test/Mwafy/ros2_my_ws/install/turtle_control_1:/opt/ros/humble /usr/bin/cmake --install /home/ahmedmwafy/Test/Mwafy/ros2_my_ws/build/letters_drawing_2
