[0.014s] Invoking command in '/home/ahmedmwafy/Test/Mwafy/ros2_my_ws/build/letters_drawing_2': CMAKE_PREFIX_PATH=${CMAKE_PREFIX_PATH}:/home/ahmedmwafy/Test/Mwafy/ros2_my_ws/install/turtle_control_1:/opt/ros/humble /usr/bin/cmake --build /home/ahmedmwafy/Test/Mwafy/ros2_my_ws/build/letters_drawing_2 -- -j16 -l16
[0.041s] -- Found ament_cmake: 1.3.11 (/opt/ros/humble/share/ament_cmake/cmake)
[0.206s] -- Found rosidl_default_generators: 1.2.0 (/opt/ros/humble/share/rosidl_default_generators/cmake)
[0.207s] -- Using all available rosidl_typesupport_c: rosidl_typesupport_fastrtps_c;rosidl_typesupport_introspection_c
[0.209s] -- Found rosidl_adapter: 3.1.6 (/opt/ros/humble/share/rosidl_adapter/cmake)
[0.235s] -- Using all available rosidl_typesupport_cpp: rosidl_typesupport_fastrtps_cpp;rosidl_typesupport_introspection_cpp
[0.254s] -- Found std_msgs: 4.2.4 (/opt/ros/humble/share/std_msgs/cmake)
[0.274s] -- Found geometry_msgs: 4.2.4 (/opt/ros/humble/share/geometry_msgs/cmake)
[0.571s] -- Found ament_cmake_ros: 0.10.0 (/opt/ros/humble/share/ament_cmake_ros/cmake)
[0.832s] -- Using all available rosidl_typesupport_c: rosidl_typesupport_fastrtps_c;rosidl_typesupport_introspection_c
[1.315s] -- Using all available rosidl_typesupport_cpp: rosidl_typesupport_fastrtps_cpp;rosidl_typesupport_introspection_cpp
[1.351s] -- Found python_cmake_module: 0.10.0 (/opt/ros/humble/share/python_cmake_module/cmake)
[1.387s] -- Using PYTHON_EXECUTABLE: /usr/bin/python3
[1.387s] -- Using PYTHON_INCLUDE_DIRS: /usr/include/python3.10
[1.387s] -- Using PYTHON_LIBRARIES: /usr/lib/x86_64-linux-gnu/libpython3.10.so
[1.451s] -- Configuring done
[1.500s] -- Generating done
[1.517s] -- Build files have been written to: /home/ahmedmwafy/Test/Mwafy/ros2_my_ws/build/letters_drawing_2
[1.551s] [35m[1mConsolidate compiler generated dependencies of target letters_drawing_2__rosidl_generator_c[0m
[1.565s] [  3%] Built target letters_drawing_2__cpp
[1.567s] [ 12%] Built target letters_drawing_2__rosidl_generator_c
[1.577s] [ 12%] Built target ament_cmake_python_copy_letters_drawing_2
[1.579s] [35m[1mConsolidate compiler generated dependencies of target letters_drawing_2__rosidl_typesupport_fastrtps_cpp[0m
[1.580s] [35m[1mConsolidate compiler generated dependencies of target letters_drawing_2__rosidl_typesupport_cpp[0m
[1.580s] [35m[1mConsolidate compiler generated dependencies of target letters_drawing_2__rosidl_typesupport_introspection_cpp[0m
[1.582s] [35m[1mConsolidate compiler generated dependencies of target letters_drawing_2__rosidl_typesupport_fastrtps_c[0m
[1.582s] [35m[1mConsolidate compiler generated dependencies of target letters_drawing_2__rosidl_typesupport_c[0m
[1.582s] [35m[1mConsolidate compiler generated dependencies of target letters_drawing_2__rosidl_typesupport_introspection_c[0m
[1.597s] [ 22%] Built target letters_drawing_2__rosidl_typesupport_fastrtps_cpp
[1.597s] [ 32%] Built target letters_drawing_2__rosidl_typesupport_cpp
[1.598s] [ 41%] Built target letters_drawing_2__rosidl_typesupport_c
[1.598s] [ 51%] Built target letters_drawing_2__rosidl_typesupport_introspection_cpp
[1.598s] [ 61%] Built target letters_drawing_2__rosidl_typesupport_introspection_c
[1.599s] [ 70%] Built target letters_drawing_2__rosidl_typesupport_fastrtps_c
[1.627s] [ 70%] Built target letters_drawing_2
[1.655s] [ 74%] Built target letters_drawing_2__py
[1.669s] [35m[1mConsolidate compiler generated dependencies of target letters_drawing_2__rosidl_generator_py[0m
[1.686s] [ 80%] Built target letters_drawing_2__rosidl_generator_py
[1.701s] [35m[1mConsolidate compiler generated dependencies of target letters_drawing_2__rosidl_typesupport_fastrtps_c__pyext[0m
[1.701s] [35m[1mConsolidate compiler generated dependencies of target letters_drawing_2__rosidl_typesupport_introspection_c__pyext[0m
[1.702s] [35m[1mConsolidate compiler generated dependencies of target letters_drawing_2__rosidl_typesupport_c__pyext[0m
[1.715s] [ 87%] Built target letters_drawing_2__rosidl_typesupport_fastrtps_c__pyext
[1.716s] [ 93%] Built target letters_drawing_2__rosidl_typesupport_introspection_c__pyext
[1.716s] [100%] Built target letters_drawing_2__rosidl_typesupport_c__pyext
[1.814s] running egg_info
[1.815s] writing letters_drawing_2.egg-info/PKG-INFO
[1.815s] writing dependency_links to letters_drawing_2.egg-info/dependency_links.txt
[1.815s] writing top-level names to letters_drawing_2.egg-info/top_level.txt
[1.817s] reading manifest file 'letters_drawing_2.egg-info/SOURCES.txt'
[1.817s] writing manifest file 'letters_drawing_2.egg-info/SOURCES.txt'
[1.836s] [100%] Built target ament_cmake_python_build_letters_drawing_2_egg
[1.849s] Invoked command in '/home/ahmedmwafy/Test/Mwafy/ros2_my_ws/build/letters_drawing_2' returned '0': CMAKE_PREFIX_PATH=${CMAKE_PREFIX_PATH}:/home/ahmedmwafy/Test/Mwafy/ros2_my_ws/install/turtle_control_1:/opt/ros/humble /usr/bin/cmake --build /home/ahmedmwafy/Test/Mwafy/ros2_my_ws/build/letters_drawing_2 -- -j16 -l16
[1.864s] Invoking command in '/home/ahmedmwafy/Test/Mwafy/ros2_my_ws/build/letters_drawing_2': CMAKE_PREFIX_PATH=${CMAKE_PREFIX_PATH}:/home/ahmedmwafy/Test/Mwafy/ros2_my_ws/install/turtle_control_1:/opt/ros/humble /usr/bin/cmake --install /home/ahmedmwafy/Test/Mwafy/ros2_my_ws/build/letters_drawing_2
[1.875s] -- Install configuration: ""
[1.875s] -- Installing: /home/ahmedmwafy/Test/Mwafy/ros2_my_ws/install/letters_drawing_2/lib/letters_drawing_2/turtle_publisher.py
[1.876s] -- Installing: /home/ahmedmwafy/Test/Mwafy/ros2_my_ws/install/letters_drawing_2/lib/letters_drawing_2/turtle_subscriber.py
[1.876s] -- Up-to-date: /home/ahmedmwafy/Test/Mwafy/ros2_my_ws/install/letters_drawing_2/share/ament_index/resource_index/rosidl_interfaces/letters_drawing_2
[1.876s] -- Up-to-date: /home/ahmedmwafy/Test/Mwafy/ros2_my_ws/install/letters_drawing_2/include/letters_drawing_2/letters_drawing_2
[1.876s] -- Up-to-date: /home/ahmedmwafy/Test/Mwafy/ros2_my_ws/install/letters_drawing_2/include/letters_drawing_2/letters_drawing_2/msg
[1.876s] -- Up-to-date: /home/ahmedmwafy/Test/Mwafy/ros2_my_ws/install/letters_drawing_2/include/letters_drawing_2/letters_drawing_2/msg/detail
[1.876s] -- Up-to-date: /home/ahmedmwafy/Test/Mwafy/ros2_my_ws/install/letters_drawing_2/include/letters_drawing_2/letters_drawing_2/msg/detail/turtle_info__type_support.h
[1.876s] -- Up-to-date: /home/ahmedmwafy/Test/Mwafy/ros2_my_ws/install/letters_drawing_2/include/letters_drawing_2/letters_drawing_2/msg/detail/turtle_info__functions.c
[1.876s] -- Up-to-date: /home/ahmedmwafy/Test/Mwafy/ros2_my_ws/install/letters_drawing_2/include/letters_drawing_2/letters_drawing_2/msg/detail/turtle_info__struct.h
[1.876s] -- Up-to-date: /home/ahmedmwafy/Test/Mwafy/ros2_my_ws/install/letters_drawing_2/include/letters_drawing_2/letters_drawing_2/msg/detail/turtle_info__functions.h
[1.876s] -- Up-to-date: /home/ahmedmwafy/Test/Mwafy/ros2_my_ws/install/letters_drawing_2/include/letters_drawing_2/letters_drawing_2/msg/turtle_info.h
[1.877s] -- Up-to-date: /home/ahmedmwafy/Test/Mwafy/ros2_my_ws/install/letters_drawing_2/include/letters_drawing_2/letters_drawing_2/msg/rosidl_generator_c__visibility_control.h
[1.877s] -- Up-to-date: /home/ahmedmwafy/Test/Mwafy/ros2_my_ws/install/letters_drawing_2/share/letters_drawing_2/environment/library_path.sh
[1.877s] -- Installing: /home/ahmedmwafy/Test/Mwafy/ros2_my_ws/install/letters_drawing_2/share/letters_drawing_2/environment/library_path.dsv
[1.877s] -- Up-to-date: /home/ahmedmwafy/Test/Mwafy/ros2_my_ws/install/letters_drawing_2/lib/libletters_drawing_2__rosidl_generator_c.so
[1.877s] -- Up-to-date: /home/ahmedmwafy/Test/Mwafy/ros2_my_ws/install/letters_drawing_2/include/letters_drawing_2/letters_drawing_2
[1.877s] -- Up-to-date: /home/ahmedmwafy/Test/Mwafy/ros2_my_ws/install/letters_drawing_2/include/letters_drawing_2/letters_drawing_2/msg
[1.877s] -- Up-to-date: /home/ahmedmwafy/Test/Mwafy/ros2_my_ws/install/letters_drawing_2/include/letters_drawing_2/letters_drawing_2/msg/detail
[1.877s] -- Up-to-date: /home/ahmedmwafy/Test/Mwafy/ros2_my_ws/install/letters_drawing_2/include/letters_drawing_2/letters_drawing_2/msg/detail/turtle_info__rosidl_typesupport_fastrtps_c.h
[1.877s] -- Up-to-date: /home/ahmedmwafy/Test/Mwafy/ros2_my_ws/install/letters_drawing_2/include/letters_drawing_2/letters_drawing_2/msg/rosidl_typesupport_fastrtps_c__visibility_control.h
[1.878s] -- Up-to-date: /home/ahmedmwafy/Test/Mwafy/ros2_my_ws/install/letters_drawing_2/lib/libletters_drawing_2__rosidl_typesupport_fastrtps_c.so
[1.878s] -- Up-to-date: /home/ahmedmwafy/Test/Mwafy/ros2_my_ws/install/letters_drawing_2/include/letters_drawing_2/letters_drawing_2
[1.878s] -- Up-to-date: /home/ahmedmwafy/Test/Mwafy/ros2_my_ws/install/letters_drawing_2/include/letters_drawing_2/letters_drawing_2/msg
[1.878s] -- Up-to-date: /home/ahmedmwafy/Test/Mwafy/ros2_my_ws/install/letters_drawing_2/include/letters_drawing_2/letters_drawing_2/msg/detail
[1.878s] -- Up-to-date: /home/ahmedmwafy/Test/Mwafy/ros2_my_ws/install/letters_drawing_2/include/letters_drawing_2/letters_drawing_2/msg/detail/turtle_info__rosidl_typesupport_introspection_c.h
[1.878s] -- Up-to-date: /home/ahmedmwafy/Test/Mwafy/ros2_my_ws/install/letters_drawing_2/include/letters_drawing_2/letters_drawing_2/msg/detail/turtle_info__type_support.c
[1.878s] -- Up-to-date: /home/ahmedmwafy/Test/Mwafy/ros2_my_ws/install/letters_drawing_2/include/letters_drawing_2/letters_drawing_2/msg/rosidl_typesupport_introspection_c__visibility_control.h
[1.878s] -- Up-to-date: /home/ahmedmwafy/Test/Mwafy/ros2_my_ws/install/letters_drawing_2/lib/libletters_drawing_2__rosidl_typesupport_introspection_c.so
[1.878s] -- Up-to-date: /home/ahmedmwafy/Test/Mwafy/ros2_my_ws/install/letters_drawing_2/lib/libletters_drawing_2__rosidl_typesupport_c.so
[1.879s] -- Up-to-date: /home/ahmedmwafy/Test/Mwafy/ros2_my_ws/install/letters_drawing_2/include/letters_drawing_2/letters_drawing_2
[1.879s] -- Up-to-date: /home/ahmedmwafy/Test/Mwafy/ros2_my_ws/install/letters_drawing_2/include/letters_drawing_2/letters_drawing_2/msg
[1.879s] -- Up-to-date: /home/ahmedmwafy/Test/Mwafy/ros2_my_ws/install/letters_drawing_2/include/letters_drawing_2/letters_drawing_2/msg/detail
[1.879s] -- Up-to-date: /home/ahmedmwafy/Test/Mwafy/ros2_my_ws/install/letters_drawing_2/include/letters_drawing_2/letters_drawing_2/msg/detail/turtle_info__traits.hpp
[1.879s] -- Up-to-date: /home/ahmedmwafy/Test/Mwafy/ros2_my_ws/install/letters_drawing_2/include/letters_drawing_2/letters_drawing_2/msg/detail/turtle_info__type_support.hpp
[1.879s] -- Up-to-date: /home/ahmedmwafy/Test/Mwafy/ros2_my_ws/install/letters_drawing_2/include/letters_drawing_2/letters_drawing_2/msg/detail/turtle_info__builder.hpp
[1.879s] -- Up-to-date: /home/ahmedmwafy/Test/Mwafy/ros2_my_ws/install/letters_drawing_2/include/letters_drawing_2/letters_drawing_2/msg/detail/turtle_info__struct.hpp
[1.879s] -- Up-to-date: /home/ahmedmwafy/Test/Mwafy/ros2_my_ws/install/letters_drawing_2/include/letters_drawing_2/letters_drawing_2/msg/rosidl_generator_cpp__visibility_control.hpp
[1.879s] -- Up-to-date: /home/ahmedmwafy/Test/Mwafy/ros2_my_ws/install/letters_drawing_2/include/letters_drawing_2/letters_drawing_2/msg/turtle_info.hpp
[1.879s] -- Up-to-date: /home/ahmedmwafy/Test/Mwafy/ros2_my_ws/install/letters_drawing_2/include/letters_drawing_2/letters_drawing_2
[1.880s] -- Up-to-date: /home/ahmedmwafy/Test/Mwafy/ros2_my_ws/install/letters_drawing_2/include/letters_drawing_2/letters_drawing_2/msg
[1.880s] -- Up-to-date: /home/ahmedmwafy/Test/Mwafy/ros2_my_ws/install/letters_drawing_2/include/letters_drawing_2/letters_drawing_2/msg/detail
[1.880s] -- Up-to-date: /home/ahmedmwafy/Test/Mwafy/ros2_my_ws/install/letters_drawing_2/include/letters_drawing_2/letters_drawing_2/msg/detail/dds_fastrtps
[1.880s] -- Up-to-date: /home/ahmedmwafy/Test/Mwafy/ros2_my_ws/install/letters_drawing_2/include/letters_drawing_2/letters_drawing_2/msg/detail/turtle_info__rosidl_typesupport_fastrtps_cpp.hpp
[1.880s] -- Up-to-date: /home/ahmedmwafy/Test/Mwafy/ros2_my_ws/install/letters_drawing_2/include/letters_drawing_2/letters_drawing_2/msg/rosidl_typesupport_fastrtps_cpp__visibility_control.h
[1.880s] -- Up-to-date: /home/ahmedmwafy/Test/Mwafy/ros2_my_ws/install/letters_drawing_2/lib/libletters_drawing_2__rosidl_typesupport_fastrtps_cpp.so
[1.880s] -- Up-to-date: /home/ahmedmwafy/Test/Mwafy/ros2_my_ws/install/letters_drawing_2/include/letters_drawing_2/letters_drawing_2
[1.880s] -- Up-to-date: /home/ahmedmwafy/Test/Mwafy/ros2_my_ws/install/letters_drawing_2/include/letters_drawing_2/letters_drawing_2/msg
[1.880s] -- Up-to-date: /home/ahmedmwafy/Test/Mwafy/ros2_my_ws/install/letters_drawing_2/include/letters_drawing_2/letters_drawing_2/msg/detail
[1.880s] -- Up-to-date: /home/ahmedmwafy/Test/Mwafy/ros2_my_ws/install/letters_drawing_2/include/letters_drawing_2/letters_drawing_2/msg/detail/turtle_info__rosidl_typesupport_introspection_cpp.hpp
[1.880s] -- Up-to-date: /home/ahmedmwafy/Test/Mwafy/ros2_my_ws/install/letters_drawing_2/include/letters_drawing_2/letters_drawing_2/msg/detail/turtle_info__type_support.cpp
[1.880s] -- Up-to-date: /home/ahmedmwafy/Test/Mwafy/ros2_my_ws/install/letters_drawing_2/lib/libletters_drawing_2__rosidl_typesupport_introspection_cpp.so
[1.880s] -- Up-to-date: /home/ahmedmwafy/Test/Mwafy/ros2_my_ws/install/letters_drawing_2/lib/libletters_drawing_2__rosidl_typesupport_cpp.so
[1.880s] -- Up-to-date: /home/ahmedmwafy/Test/Mwafy/ros2_my_ws/install/letters_drawing_2/share/letters_drawing_2/environment/pythonpath.sh
[1.880s] -- Installing: /home/ahmedmwafy/Test/Mwafy/ros2_my_ws/install/letters_drawing_2/share/letters_drawing_2/environment/pythonpath.dsv
[1.880s] -- Up-to-date: /home/ahmedmwafy/Test/Mwafy/ros2_my_ws/install/letters_drawing_2/local/lib/python3.10/dist-packages/letters_drawing_2-0.0.0-py3.10.egg-info
[1.881s] -- Installing: /home/ahmedmwafy/Test/Mwafy/ros2_my_ws/install/letters_drawing_2/local/lib/python3.10/dist-packages/letters_drawing_2-0.0.0-py3.10.egg-info/PKG-INFO
[1.881s] -- Installing: /home/ahmedmwafy/Test/Mwafy/ros2_my_ws/install/letters_drawing_2/local/lib/python3.10/dist-packages/letters_drawing_2-0.0.0-py3.10.egg-info/SOURCES.txt
[1.881s] -- Installing: /home/ahmedmwafy/Test/Mwafy/ros2_my_ws/install/letters_drawing_2/local/lib/python3.10/dist-packages/letters_drawing_2-0.0.0-py3.10.egg-info/top_level.txt
[1.881s] -- Installing: /home/ahmedmwafy/Test/Mwafy/ros2_my_ws/install/letters_drawing_2/local/lib/python3.10/dist-packages/letters_drawing_2-0.0.0-py3.10.egg-info/dependency_links.txt
[1.881s] -- Up-to-date: /home/ahmedmwafy/Test/Mwafy/ros2_my_ws/install/letters_drawing_2/local/lib/python3.10/dist-packages/letters_drawing_2
[1.881s] -- Up-to-date: /home/ahmedmwafy/Test/Mwafy/ros2_my_ws/install/letters_drawing_2/local/lib/python3.10/dist-packages/letters_drawing_2/_letters_drawing_2_s.ep.rosidl_typesupport_introspection_c.c
[1.881s] -- Up-to-date: /home/ahmedmwafy/Test/Mwafy/ros2_my_ws/install/letters_drawing_2/local/lib/python3.10/dist-packages/letters_drawing_2/letters_drawing_2_s__rosidl_typesupport_introspection_c.cpython-310-x86_64-linux-gnu.so
[1.881s] -- Up-to-date: /home/ahmedmwafy/Test/Mwafy/ros2_my_ws/install/letters_drawing_2/local/lib/python3.10/dist-packages/letters_drawing_2/_letters_drawing_2_s.ep.rosidl_typesupport_fastrtps_c.c
[1.881s] -- Up-to-date: /home/ahmedmwafy/Test/Mwafy/ros2_my_ws/install/letters_drawing_2/local/lib/python3.10/dist-packages/letters_drawing_2/letters_drawing_2_s__rosidl_typesupport_fastrtps_c.cpython-310-x86_64-linux-gnu.so
[1.881s] -- Up-to-date: /home/ahmedmwafy/Test/Mwafy/ros2_my_ws/install/letters_drawing_2/local/lib/python3.10/dist-packages/letters_drawing_2/_letters_drawing_2_s.ep.rosidl_typesupport_c.c
[1.881s] -- Up-to-date: /home/ahmedmwafy/Test/Mwafy/ros2_my_ws/install/letters_drawing_2/local/lib/python3.10/dist-packages/letters_drawing_2/libletters_drawing_2__rosidl_generator_py.so
[1.881s] -- Up-to-date: /home/ahmedmwafy/Test/Mwafy/ros2_my_ws/install/letters_drawing_2/local/lib/python3.10/dist-packages/letters_drawing_2/msg
[1.881s] -- Up-to-date: /home/ahmedmwafy/Test/Mwafy/ros2_my_ws/install/letters_drawing_2/local/lib/python3.10/dist-packages/letters_drawing_2/msg/_turtle_info.py
[1.881s] -- Up-to-date: /home/ahmedmwafy/Test/Mwafy/ros2_my_ws/install/letters_drawing_2/local/lib/python3.10/dist-packages/letters_drawing_2/msg/__init__.py
[1.881s] -- Up-to-date: /home/ahmedmwafy/Test/Mwafy/ros2_my_ws/install/letters_drawing_2/local/lib/python3.10/dist-packages/letters_drawing_2/msg/_turtle_info_s.c
[1.881s] -- Installing: /home/ahmedmwafy/Test/Mwafy/ros2_my_ws/install/letters_drawing_2/local/lib/python3.10/dist-packages/letters_drawing_2/__init__.py
[1.881s] -- Up-to-date: /home/ahmedmwafy/Test/Mwafy/ros2_my_ws/install/letters_drawing_2/local/lib/python3.10/dist-packages/letters_drawing_2/letters_drawing_2_s__rosidl_typesupport_c.cpython-310-x86_64-linux-gnu.so
[1.907s] Listing '/home/ahmedmwafy/Test/Mwafy/ros2_my_ws/install/letters_drawing_2/local/lib/python3.10/dist-packages/letters_drawing_2'...
[1.907s] Compiling '/home/ahmedmwafy/Test/Mwafy/ros2_my_ws/install/letters_drawing_2/local/lib/python3.10/dist-packages/letters_drawing_2/__init__.py'...
[1.907s] Listing '/home/ahmedmwafy/Test/Mwafy/ros2_my_ws/install/letters_drawing_2/local/lib/python3.10/dist-packages/letters_drawing_2/msg'...
[1.911s] -- Up-to-date: /home/ahmedmwafy/Test/Mwafy/ros2_my_ws/install/letters_drawing_2/local/lib/python3.10/dist-packages/letters_drawing_2/letters_drawing_2_s__rosidl_typesupport_fastrtps_c.cpython-310-x86_64-linux-gnu.so
[1.911s] -- Up-to-date: /home/ahmedmwafy/Test/Mwafy/ros2_my_ws/install/letters_drawing_2/local/lib/python3.10/dist-packages/letters_drawing_2/letters_drawing_2_s__rosidl_typesupport_introspection_c.cpython-310-x86_64-linux-gnu.so
[1.911s] -- Up-to-date: /home/ahmedmwafy/Test/Mwafy/ros2_my_ws/install/letters_drawing_2/local/lib/python3.10/dist-packages/letters_drawing_2/letters_drawing_2_s__rosidl_typesupport_c.cpython-310-x86_64-linux-gnu.so
[1.911s] -- Up-to-date: /home/ahmedmwafy/Test/Mwafy/ros2_my_ws/install/letters_drawing_2/lib/libletters_drawing_2__rosidl_generator_py.so
[1.911s] -- Up-to-date: /home/ahmedmwafy/Test/Mwafy/ros2_my_ws/install/letters_drawing_2/share/letters_drawing_2/msg/TurtleInfo.idl
[1.911s] -- Up-to-date: /home/ahmedmwafy/Test/Mwafy/ros2_my_ws/install/letters_drawing_2/share/letters_drawing_2/msg/TurtleInfo.msg
[1.912s] -- Up-to-date: /home/ahmedmwafy/Test/Mwafy/ros2_my_ws/install/letters_drawing_2/share/ament_index/resource_index/package_run_dependencies/letters_drawing_2
[1.912s] -- Up-to-date: /home/ahmedmwafy/Test/Mwafy/ros2_my_ws/install/letters_drawing_2/share/ament_index/resource_index/parent_prefix_path/letters_drawing_2
[1.912s] -- Up-to-date: /home/ahmedmwafy/Test/Mwafy/ros2_my_ws/install/letters_drawing_2/share/letters_drawing_2/environment/ament_prefix_path.sh
[1.912s] -- Installing: /home/ahmedmwafy/Test/Mwafy/ros2_my_ws/install/letters_drawing_2/share/letters_drawing_2/environment/ament_prefix_path.dsv
[1.912s] -- Up-to-date: /home/ahmedmwafy/Test/Mwafy/ros2_my_ws/install/letters_drawing_2/share/letters_drawing_2/environment/path.sh
[1.912s] -- Installing: /home/ahmedmwafy/Test/Mwafy/ros2_my_ws/install/letters_drawing_2/share/letters_drawing_2/environment/path.dsv
[1.912s] -- Up-to-date: /home/ahmedmwafy/Test/Mwafy/ros2_my_ws/install/letters_drawing_2/share/letters_drawing_2/local_setup.bash
[1.912s] -- Up-to-date: /home/ahmedmwafy/Test/Mwafy/ros2_my_ws/install/letters_drawing_2/share/letters_drawing_2/local_setup.sh
[1.912s] -- Up-to-date: /home/ahmedmwafy/Test/Mwafy/ros2_my_ws/install/letters_drawing_2/share/letters_drawing_2/local_setup.zsh
[1.912s] -- Installing: /home/ahmedmwafy/Test/Mwafy/ros2_my_ws/install/letters_drawing_2/share/letters_drawing_2/local_setup.dsv
[1.912s] -- Installing: /home/ahmedmwafy/Test/Mwafy/ros2_my_ws/install/letters_drawing_2/share/letters_drawing_2/package.dsv
[1.912s] -- Up-to-date: /home/ahmedmwafy/Test/Mwafy/ros2_my_ws/install/letters_drawing_2/share/ament_index/resource_index/packages/letters_drawing_2
[1.912s] -- Up-to-date: /home/ahmedmwafy/Test/Mwafy/ros2_my_ws/install/letters_drawing_2/share/letters_drawing_2/cmake/export_letters_drawing_2__rosidl_generator_cExport.cmake
[1.912s] -- Up-to-date: /home/ahmedmwafy/Test/Mwafy/ros2_my_ws/install/letters_drawing_2/share/letters_drawing_2/cmake/export_letters_drawing_2__rosidl_generator_cExport-noconfig.cmake
[1.912s] -- Up-to-date: /home/ahmedmwafy/Test/Mwafy/ros2_my_ws/install/letters_drawing_2/share/letters_drawing_2/cmake/export_letters_drawing_2__rosidl_typesupport_fastrtps_cExport.cmake
[1.912s] -- Up-to-date: /home/ahmedmwafy/Test/Mwafy/ros2_my_ws/install/letters_drawing_2/share/letters_drawing_2/cmake/export_letters_drawing_2__rosidl_typesupport_fastrtps_cExport-noconfig.cmake
[1.913s] -- Up-to-date: /home/ahmedmwafy/Test/Mwafy/ros2_my_ws/install/letters_drawing_2/share/letters_drawing_2/cmake/letters_drawing_2__rosidl_typesupport_introspection_cExport.cmake
[1.913s] -- Up-to-date: /home/ahmedmwafy/Test/Mwafy/ros2_my_ws/install/letters_drawing_2/share/letters_drawing_2/cmake/letters_drawing_2__rosidl_typesupport_introspection_cExport-noconfig.cmake
[1.913s] -- Up-to-date: /home/ahmedmwafy/Test/Mwafy/ros2_my_ws/install/letters_drawing_2/share/letters_drawing_2/cmake/letters_drawing_2__rosidl_typesupport_cExport.cmake
[1.913s] -- Up-to-date: /home/ahmedmwafy/Test/Mwafy/ros2_my_ws/install/letters_drawing_2/share/letters_drawing_2/cmake/letters_drawing_2__rosidl_typesupport_cExport-noconfig.cmake
[1.913s] -- Up-to-date: /home/ahmedmwafy/Test/Mwafy/ros2_my_ws/install/letters_drawing_2/share/letters_drawing_2/cmake/export_letters_drawing_2__rosidl_generator_cppExport.cmake
[1.913s] -- Up-to-date: /home/ahmedmwafy/Test/Mwafy/ros2_my_ws/install/letters_drawing_2/share/letters_drawing_2/cmake/export_letters_drawing_2__rosidl_typesupport_fastrtps_cppExport.cmake
[1.913s] -- Up-to-date: /home/ahmedmwafy/Test/Mwafy/ros2_my_ws/install/letters_drawing_2/share/letters_drawing_2/cmake/export_letters_drawing_2__rosidl_typesupport_fastrtps_cppExport-noconfig.cmake
[1.913s] -- Up-to-date: /home/ahmedmwafy/Test/Mwafy/ros2_my_ws/install/letters_drawing_2/share/letters_drawing_2/cmake/letters_drawing_2__rosidl_typesupport_introspection_cppExport.cmake
[1.913s] -- Up-to-date: /home/ahmedmwafy/Test/Mwafy/ros2_my_ws/install/letters_drawing_2/share/letters_drawing_2/cmake/letters_drawing_2__rosidl_typesupport_introspection_cppExport-noconfig.cmake
[1.913s] -- Up-to-date: /home/ahmedmwafy/Test/Mwafy/ros2_my_ws/install/letters_drawing_2/share/letters_drawing_2/cmake/letters_drawing_2__rosidl_typesupport_cppExport.cmake
[1.913s] -- Up-to-date: /home/ahmedmwafy/Test/Mwafy/ros2_my_ws/install/letters_drawing_2/share/letters_drawing_2/cmake/letters_drawing_2__rosidl_typesupport_cppExport-noconfig.cmake
[1.913s] -- Up-to-date: /home/ahmedmwafy/Test/Mwafy/ros2_my_ws/install/letters_drawing_2/share/letters_drawing_2/cmake/export_letters_drawing_2__rosidl_generator_pyExport.cmake
[1.913s] -- Up-to-date: /home/ahmedmwafy/Test/Mwafy/ros2_my_ws/install/letters_drawing_2/share/letters_drawing_2/cmake/export_letters_drawing_2__rosidl_generator_pyExport-noconfig.cmake
[1.913s] -- Up-to-date: /home/ahmedmwafy/Test/Mwafy/ros2_my_ws/install/letters_drawing_2/share/letters_drawing_2/cmake/rosidl_cmake-extras.cmake
[1.913s] -- Up-to-date: /home/ahmedmwafy/Test/Mwafy/ros2_my_ws/install/letters_drawing_2/share/letters_drawing_2/cmake/ament_cmake_export_dependencies-extras.cmake
[1.913s] -- Up-to-date: /home/ahmedmwafy/Test/Mwafy/ros2_my_ws/install/letters_drawing_2/share/letters_drawing_2/cmake/ament_cmake_export_include_directories-extras.cmake
[1.913s] -- Up-to-date: /home/ahmedmwafy/Test/Mwafy/ros2_my_ws/install/letters_drawing_2/share/letters_drawing_2/cmake/ament_cmake_export_libraries-extras.cmake
[1.913s] -- Up-to-date: /home/ahmedmwafy/Test/Mwafy/ros2_my_ws/install/letters_drawing_2/share/letters_drawing_2/cmake/ament_cmake_export_targets-extras.cmake
[1.914s] -- Up-to-date: /home/ahmedmwafy/Test/Mwafy/ros2_my_ws/install/letters_drawing_2/share/letters_drawing_2/cmake/rosidl_cmake_export_typesupport_targets-extras.cmake
[1.914s] -- Up-to-date: /home/ahmedmwafy/Test/Mwafy/ros2_my_ws/install/letters_drawing_2/share/letters_drawing_2/cmake/rosidl_cmake_export_typesupport_libraries-extras.cmake
[1.914s] -- Up-to-date: /home/ahmedmwafy/Test/Mwafy/ros2_my_ws/install/letters_drawing_2/share/letters_drawing_2/cmake/letters_drawing_2Config.cmake
[1.914s] -- Up-to-date: /home/ahmedmwafy/Test/Mwafy/ros2_my_ws/install/letters_drawing_2/share/letters_drawing_2/cmake/letters_drawing_2Config-version.cmake
[1.914s] -- Up-to-date: /home/ahmedmwafy/Test/Mwafy/ros2_my_ws/install/letters_drawing_2/share/letters_drawing_2/package.xml
[1.916s] Invoked command in '/home/ahmedmwafy/Test/Mwafy/ros2_my_ws/build/letters_drawing_2' returned '0': CMAKE_PREFIX_PATH=${CMAKE_PREFIX_PATH}:/home/ahmedmwafy/Test/Mwafy/ros2_my_ws/install/turtle_control_1:/opt/ros/humble /usr/bin/cmake --install /home/ahmedmwafy/Test/Mwafy/ros2_my_ws/build/letters_drawing_2
