[0.014s] Invoking command in '/home/ahmedmwafy/Test/Mwafy/ros2_my_ws/build/Letters_Drawing_2': CMAKE_PREFIX_PATH=/opt/ros/humble /usr/bin/cmake --build /home/ahmedmwafy/Test/Mwafy/ros2_my_ws/build/Letters_Drawing_2 -- -j16 -l16
[0.034s] -- Found ament_cmake: 1.3.11 (/opt/ros/humble/share/ament_cmake/cmake)
[0.193s] -- Found rosidl_default_generators: 1.2.0 (/opt/ros/humble/share/rosidl_default_generators/cmake)
[0.194s] -- Using all available rosidl_typesupport_c: rosidl_typesupport_fastrtps_c;rosidl_typesupport_introspection_c
[0.196s] -- Found rosidl_adapter: 3.1.6 (/opt/ros/humble/share/rosidl_adapter/cmake)
[0.220s] -- Using all available rosidl_typesupport_cpp: rosidl_typesupport_fastrtps_cpp;rosidl_typesupport_introspection_cpp
[0.242s] -- Found std_msgs: 4.2.4 (/opt/ros/humble/share/std_msgs/cmake)
[0.259s] -- Found geometry_msgs: 4.2.4 (/opt/ros/humble/share/geometry_msgs/cmake)
[0.437s] WARNING: Package name "Letters_Drawing_2" does not follow the naming conventions. It should start with a lower case letter and only contain lower case letters, digits, underscores, and dashes.
[0.444s] [31mCMake Error at /opt/ros/humble/share/ament_cmake_core/cmake/core/ament_package_xml.cmake:53 (message):
[0.445s]   ament_package_xml() package name 'Letters_Drawing_2' in '/package.xml' does
[0.445s]   not match current PROJECT_NAME 'robot_info_system_msg'.  You must call
[0.445s]   project() with the same package name before.
[0.445s] Call Stack (most recent call first):
[0.445s]   /opt/ros/humble/share/rosidl_cmake/cmake/rosidl_generate_interfaces.cmake:226 (ament_package_xml)
[0.445s]   CMakeLists.txt:40 (rosidl_generate_interfaces)
[0.445s] 
[0.445s] [0m
[0.446s] -- Configuring incomplete, errors occurred!
[0.446s] See also "/home/ahmedmwafy/Test/Mwafy/ros2_my_ws/build/Letters_Drawing_2/CMakeFiles/CMakeOutput.log".
[0.449s] gmake: *** [Makefile:226: cmake_check_build_system] Error 1
[0.452s] Invoked command in '/home/ahmedmwafy/Test/Mwafy/ros2_my_ws/build/Letters_Drawing_2' returned '2': CMAKE_PREFIX_PATH=/opt/ros/humble /usr/bin/cmake --build /home/ahmedmwafy/Test/Mwafy/ros2_my_ws/build/Letters_Drawing_2 -- -j16 -l16
