[0.013s] Invoking command in '/home/ahmedmwafy/Test/Mwafy/ros2_my_ws/build/letters_drawing_2': CMAKE_PREFIX_PATH=${CMAKE_PREFIX_PATH}:/home/ahmedmwafy/Test/Mwafy/ros2_my_ws/install/turtle_control_1:/opt/ros/humble /usr/bin/cmake --build /home/ahmedmwafy/Test/Mwafy/ros2_my_ws/build/letters_drawing_2 -- -j16 -l16
[0.039s] -- Found ament_cmake: 1.3.11 (/opt/ros/humble/share/ament_cmake/cmake)
[0.205s] -- Found rosidl_default_generators: 1.2.0 (/opt/ros/humble/share/rosidl_default_generators/cmake)
[0.206s] -- Using all available rosidl_typesupport_c: rosidl_typesupport_fastrtps_c;rosidl_typesupport_introspection_c
[0.209s] -- Found rosidl_adapter: 3.1.6 (/opt/ros/humble/share/rosidl_adapter/cmake)
[0.235s] -- Using all available rosidl_typesupport_cpp: rosidl_typesupport_fastrtps_cpp;rosidl_typesupport_introspection_cpp
[0.256s] -- Found std_msgs: 4.2.4 (/opt/ros/humble/share/std_msgs/cmake)
[0.276s] -- Found geometry_msgs: 4.2.4 (/opt/ros/humble/share/geometry_msgs/cmake)
[0.600s] -- Found ament_cmake_ros: 0.10.0 (/opt/ros/humble/share/ament_cmake_ros/cmake)
[0.815s] -- Using all available rosidl_typesupport_c: rosidl_typesupport_fastrtps_c;rosidl_typesupport_introspection_c
[1.266s] -- Using all available rosidl_typesupport_cpp: rosidl_typesupport_fastrtps_cpp;rosidl_typesupport_introspection_cpp
[1.301s] -- Found python_cmake_module: 0.10.0 (/opt/ros/humble/share/python_cmake_module/cmake)
[1.336s] -- Using PYTHON_EXECUTABLE: /usr/bin/python3
[1.336s] -- Using PYTHON_INCLUDE_DIRS: /usr/include/python3.10
[1.336s] -- Using PYTHON_LIBRARIES: /usr/lib/x86_64-linux-gnu/libpython3.10.so
[1.399s] -- Configuring done
[1.448s] -- Generating done
[1.465s] -- Build files have been written to: /home/ahmedmwafy/Test/Mwafy/ros2_my_ws/build/letters_drawing_2
[1.497s] [35m[1mConsolidate compiler generated dependencies of target letters_drawing_2__rosidl_generator_c[0m
[1.511s] [  3%] Built target letters_drawing_2__cpp
[1.513s] [ 12%] Built target letters_drawing_2__rosidl_generator_c
[1.523s] [ 12%] Built target ament_cmake_python_copy_letters_drawing_2
[1.526s] [35m[1mConsolidate compiler generated dependencies of target letters_drawing_2__rosidl_typesupport_fastrtps_cpp[0m
[1.526s] [35m[1mConsolidate compiler generated dependencies of target letters_drawing_2__rosidl_typesupport_introspection_cpp[0m
[1.527s] [35m[1mConsolidate compiler generated dependencies of target letters_drawing_2__rosidl_typesupport_cpp[0m
[1.527s] [35m[1mConsolidate compiler generated dependencies of target letters_drawing_2__rosidl_typesupport_fastrtps_c[0m
[1.528s] [35m[1mConsolidate compiler generated dependencies of target letters_drawing_2__rosidl_typesupport_introspection_c[0m
[1.528s] [35m[1mConsolidate compiler generated dependencies of target letters_drawing_2__rosidl_typesupport_c[0m
[1.544s] [ 22%] Built target letters_drawing_2__rosidl_typesupport_fastrtps_cpp
[1.544s] [ 35%] Built target letters_drawing_2__rosidl_typesupport_introspection_cpp
[1.544s] [ 41%] Built target letters_drawing_2__rosidl_typesupport_cpp
[1.545s] [ 58%] Built target letters_drawing_2__rosidl_typesupport_c
[1.545s] [ 61%] Built target letters_drawing_2__rosidl_typesupport_introspection_c
[1.545s] [ 70%] Built target letters_drawing_2__rosidl_typesupport_fastrtps_c
[1.574s] [ 70%] Built target letters_drawing_2
[1.604s] [ 74%] Built target letters_drawing_2__py
[1.618s] [35m[1mConsolidate compiler generated dependencies of target letters_drawing_2__rosidl_generator_py[0m
[1.635s] [ 80%] Built target letters_drawing_2__rosidl_generator_py
[1.650s] [35m[1mConsolidate compiler generated dependencies of target letters_drawing_2__rosidl_typesupport_fastrtps_c__pyext[0m
[1.650s] [35m[1mConsolidate compiler generated dependencies of target letters_drawing_2__rosidl_typesupport_introspection_c__pyext[0m
[1.651s] [35m[1mConsolidate compiler generated dependencies of target letters_drawing_2__rosidl_typesupport_c__pyext[0m
[1.664s] [ 87%] Built target letters_drawing_2__rosidl_typesupport_fastrtps_c__pyext
[1.664s] [ 93%] Built target letters_drawing_2__rosidl_typesupport_introspection_c__pyext
[1.664s] [100%] Built target letters_drawing_2__rosidl_typesupport_c__pyext
[1.765s] running egg_info
[1.766s] writing letters_drawing_2.egg-info/PKG-INFO
[1.766s] writing dependency_links to letters_drawing_2.egg-info/dependency_links.txt
[1.766s] writing top-level names to letters_drawing_2.egg-info/top_level.txt
[1.768s] reading manifest file 'letters_drawing_2.egg-info/SOURCES.txt'
[1.768s] writing manifest file 'letters_drawing_2.egg-info/SOURCES.txt'
[1.787s] [100%] Built target ament_cmake_python_build_letters_drawing_2_egg
[1.798s] Invoked command in '/home/ahmedmwafy/Test/Mwafy/ros2_my_ws/build/letters_drawing_2' returned '0': CMAKE_PREFIX_PATH=${CMAKE_PREFIX_PATH}:/home/ahmedmwafy/Test/Mwafy/ros2_my_ws/install/turtle_control_1:/opt/ros/humble /usr/bin/cmake --build /home/ahmedmwafy/Test/Mwafy/ros2_my_ws/build/letters_drawing_2 -- -j16 -l16
[1.809s] Invoking command in '/home/ahmedmwafy/Test/Mwafy/ros2_my_ws/build/letters_drawing_2': CMAKE_PREFIX_PATH=${CMAKE_PREFIX_PATH}:/home/ahmedmwafy/Test/Mwafy/ros2_my_ws/install/turtle_control_1:/opt/ros/humble /usr/bin/cmake --install /home/ahmedmwafy/Test/Mwafy/ros2_my_ws/build/letters_drawing_2
[1.817s] -- Install configuration: ""
[1.818s] -- Installing: /home/ahmedmwafy/Test/Mwafy/ros2_my_ws/install/letters_drawing_2/lib/letters_drawing_2/turtle_publisher.py
[1.818s] -- Up-to-date: /home/ahmedmwafy/Test/Mwafy/ros2_my_ws/install/letters_drawing_2/lib/letters_drawing_2/turtle_subscriber.py
[1.818s] -- Up-to-date: /home/ahmedmwafy/Test/Mwafy/ros2_my_ws/install/letters_drawing_2/share/ament_index/resource_index/rosidl_interfaces/letters_drawing_2
[1.818s] -- Up-to-date: /home/ahmedmwafy/Test/Mwafy/ros2_my_ws/install/letters_drawing_2/include/letters_drawing_2/letters_drawing_2
[1.818s] -- Up-to-date: /home/ahmedmwafy/Test/Mwafy/ros2_my_ws/install/letters_drawing_2/include/letters_drawing_2/letters_drawing_2/msg
[1.819s] -- Up-to-date: /home/ahmedmwafy/Test/Mwafy/ros2_my_ws/install/letters_drawing_2/include/letters_drawing_2/letters_drawing_2/msg/detail
[1.819s] -- Up-to-date: /home/ahmedmwafy/Test/Mwafy/ros2_my_ws/install/letters_drawing_2/include/letters_drawing_2/letters_drawing_2/msg/detail/turtle_info__type_support.h
[1.819s] -- Up-to-date: /home/ahmedmwafy/Test/Mwafy/ros2_my_ws/install/letters_drawing_2/include/letters_drawing_2/letters_drawing_2/msg/detail/turtle_info__functions.c
[1.819s] -- Up-to-date: /home/ahmedmwafy/Test/Mwafy/ros2_my_ws/install/letters_drawing_2/include/letters_drawing_2/letters_drawing_2/msg/detail/turtle_info__struct.h
[1.819s] -- Up-to-date: /home/ahmedmwafy/Test/Mwafy/ros2_my_ws/install/letters_drawing_2/include/letters_drawing_2/letters_drawing_2/msg/detail/turtle_info__functions.h
[1.819s] -- Up-to-date: /home/ahmedmwafy/Test/Mwafy/ros2_my_ws/install/letters_drawing_2/include/letters_drawing_2/letters_drawing_2/msg/turtle_info.h
[1.819s] -- Up-to-date: /home/ahmedmwafy/Test/Mwafy/ros2_my_ws/install/letters_drawing_2/include/letters_drawing_2/letters_drawing_2/msg/rosidl_generator_c__visibility_control.h
[1.819s] -- Up-to-date: /home/ahmedmwafy/Test/Mwafy/ros2_my_ws/install/letters_drawing_2/share/letters_drawing_2/environment/library_path.sh
[1.820s] -- Installing: /home/ahmedmwafy/Test/Mwafy/ros2_my_ws/install/letters_drawing_2/share/letters_drawing_2/environment/library_path.dsv
[1.820s] -- Up-to-date: /home/ahmedmwafy/Test/Mwafy/ros2_my_ws/install/letters_drawing_2/lib/libletters_drawing_2__rosidl_generator_c.so
[1.820s] -- Up-to-date: /home/ahmedmwafy/Test/Mwafy/ros2_my_ws/install/letters_drawing_2/include/letters_drawing_2/letters_drawing_2
[1.820s] -- Up-to-date: /home/ahmedmwafy/Test/Mwafy/ros2_my_ws/install/letters_drawing_2/include/letters_drawing_2/letters_drawing_2/msg
[1.820s] -- Up-to-date: /home/ahmedmwafy/Test/Mwafy/ros2_my_ws/install/letters_drawing_2/include/letters_drawing_2/letters_drawing_2/msg/detail
[1.820s] -- Up-to-date: /home/ahmedmwafy/Test/Mwafy/ros2_my_ws/install/letters_drawing_2/include/letters_drawing_2/letters_drawing_2/msg/detail/turtle_info__rosidl_typesupport_fastrtps_c.h
[1.820s] -- Up-to-date: /home/ahmedmwafy/Test/Mwafy/ros2_my_ws/install/letters_drawing_2/include/letters_drawing_2/letters_drawing_2/msg/rosidl_typesupport_fastrtps_c__visibility_control.h
[1.820s] -- Up-to-date: /home/ahmedmwafy/Test/Mwafy/ros2_my_ws/install/letters_drawing_2/lib/libletters_drawing_2__rosidl_typesupport_fastrtps_c.so
[1.820s] -- Up-to-date: /home/ahmedmwafy/Test/Mwafy/ros2_my_ws/install/letters_drawing_2/include/letters_drawing_2/letters_drawing_2
[1.821s] -- Up-to-date: /home/ahmedmwafy/Test/Mwafy/ros2_my_ws/install/letters_drawing_2/include/letters_drawing_2/letters_drawing_2/msg
[1.821s] -- Up-to-date: /home/ahmedmwafy/Test/Mwafy/ros2_my_ws/install/letters_drawing_2/include/letters_drawing_2/letters_drawing_2/msg/detail
[1.821s] -- Up-to-date: /home/ahmedmwafy/Test/Mwafy/ros2_my_ws/install/letters_drawing_2/include/letters_drawing_2/letters_drawing_2/msg/detail/turtle_info__rosidl_typesupport_introspection_c.h
[1.821s] -- Up-to-date: /home/ahmedmwafy/Test/Mwafy/ros2_my_ws/install/letters_drawing_2/include/letters_drawing_2/letters_drawing_2/msg/detail/turtle_info__type_support.c
[1.821s] -- Up-to-date: /home/ahmedmwafy/Test/Mwafy/ros2_my_ws/install/letters_drawing_2/include/letters_drawing_2/letters_drawing_2/msg/rosidl_typesupport_introspection_c__visibility_control.h
[1.821s] -- Up-to-date: /home/ahmedmwafy/Test/Mwafy/ros2_my_ws/install/letters_drawing_2/lib/libletters_drawing_2__rosidl_typesupport_introspection_c.so
[1.821s] -- Up-to-date: /home/ahmedmwafy/Test/Mwafy/ros2_my_ws/install/letters_drawing_2/lib/libletters_drawing_2__rosidl_typesupport_c.so
[1.821s] -- Up-to-date: /home/ahmedmwafy/Test/Mwafy/ros2_my_ws/install/letters_drawing_2/include/letters_drawing_2/letters_drawing_2
[1.821s] -- Up-to-date: /home/ahmedmwafy/Test/Mwafy/ros2_my_ws/install/letters_drawing_2/include/letters_drawing_2/letters_drawing_2/msg
[1.822s] -- Up-to-date: /home/ahmedmwafy/Test/Mwafy/ros2_my_ws/install/letters_drawing_2/include/letters_drawing_2/letters_drawing_2/msg/detail
[1.822s] -- Up-to-date: /home/ahmedmwafy/Test/Mwafy/ros2_my_ws/install/letters_drawing_2/include/letters_drawing_2/letters_drawing_2/msg/detail/turtle_info__traits.hpp
[1.822s] -- Up-to-date: /home/ahmedmwafy/Test/Mwafy/ros2_my_ws/install/letters_drawing_2/include/letters_drawing_2/letters_drawing_2/msg/detail/turtle_info__type_support.hpp
[1.822s] -- Up-to-date: /home/ahmedmwafy/Test/Mwafy/ros2_my_ws/install/letters_drawing_2/include/letters_drawing_2/letters_drawing_2/msg/detail/turtle_info__builder.hpp
[1.822s] -- Up-to-date: /home/ahmedmwafy/Test/Mwafy/ros2_my_ws/install/letters_drawing_2/include/letters_drawing_2/letters_drawing_2/msg/detail/turtle_info__struct.hpp
[1.822s] -- Up-to-date: /home/ahmedmwafy/Test/Mwafy/ros2_my_ws/install/letters_drawing_2/include/letters_drawing_2/letters_drawing_2/msg/rosidl_generator_cpp__visibility_control.hpp
[1.822s] -- Up-to-date: /home/ahmedmwafy/Test/Mwafy/ros2_my_ws/install/letters_drawing_2/include/letters_drawing_2/letters_drawing_2/msg/turtle_info.hpp
[1.822s] -- Up-to-date: /home/ahmedmwafy/Test/Mwafy/ros2_my_ws/install/letters_drawing_2/include/letters_drawing_2/letters_drawing_2
[1.822s] -- Up-to-date: /home/ahmedmwafy/Test/Mwafy/ros2_my_ws/install/letters_drawing_2/include/letters_drawing_2/letters_drawing_2/msg
[1.822s] -- Up-to-date: /home/ahmedmwafy/Test/Mwafy/ros2_my_ws/install/letters_drawing_2/include/letters_drawing_2/letters_drawing_2/msg/detail
[1.822s] -- Up-to-date: /home/ahmedmwafy/Test/Mwafy/ros2_my_ws/install/letters_drawing_2/include/letters_drawing_2/letters_drawing_2/msg/detail/dds_fastrtps
[1.822s] -- Up-to-date: /home/ahmedmwafy/Test/Mwafy/ros2_my_ws/install/letters_drawing_2/include/letters_drawing_2/letters_drawing_2/msg/detail/turtle_info__rosidl_typesupport_fastrtps_cpp.hpp
[1.822s] -- Up-to-date: /home/ahmedmwafy/Test/Mwafy/ros2_my_ws/install/letters_drawing_2/include/letters_drawing_2/letters_drawing_2/msg/rosidl_typesupport_fastrtps_cpp__visibility_control.h
[1.822s] -- Up-to-date: /home/ahmedmwafy/Test/Mwafy/ros2_my_ws/install/letters_drawing_2/lib/libletters_drawing_2__rosidl_typesupport_fastrtps_cpp.so
[1.823s] -- Up-to-date: /home/ahmedmwafy/Test/Mwafy/ros2_my_ws/install/letters_drawing_2/include/letters_drawing_2/letters_drawing_2
[1.823s] -- Up-to-date: /home/ahmedmwafy/Test/Mwafy/ros2_my_ws/install/letters_drawing_2/include/letters_drawing_2/letters_drawing_2/msg
[1.823s] -- Up-to-date: /home/ahmedmwafy/Test/Mwafy/ros2_my_ws/install/letters_drawing_2/include/letters_drawing_2/letters_drawing_2/msg/detail
[1.823s] -- Up-to-date: /home/ahmedmwafy/Test/Mwafy/ros2_my_ws/install/letters_drawing_2/include/letters_drawing_2/letters_drawing_2/msg/detail/turtle_info__rosidl_typesupport_introspection_cpp.hpp
[1.823s] -- Up-to-date: /home/ahmedmwafy/Test/Mwafy/ros2_my_ws/install/letters_drawing_2/include/letters_drawing_2/letters_drawing_2/msg/detail/turtle_info__type_support.cpp
[1.823s] -- Up-to-date: /home/ahmedmwafy/Test/Mwafy/ros2_my_ws/install/letters_drawing_2/lib/libletters_drawing_2__rosidl_typesupport_introspection_cpp.so
[1.823s] -- Up-to-date: /home/ahmedmwafy/Test/Mwafy/ros2_my_ws/install/letters_drawing_2/lib/libletters_drawing_2__rosidl_typesupport_cpp.so
[1.823s] -- Up-to-date: /home/ahmedmwafy/Test/Mwafy/ros2_my_ws/install/letters_drawing_2/share/letters_drawing_2/environment/pythonpath.sh
[1.823s] -- Installing: /home/ahmedmwafy/Test/Mwafy/ros2_my_ws/install/letters_drawing_2/share/letters_drawing_2/environment/pythonpath.dsv
[1.823s] -- Up-to-date: /home/ahmedmwafy/Test/Mwafy/ros2_my_ws/install/letters_drawing_2/local/lib/python3.10/dist-packages/letters_drawing_2-0.0.0-py3.10.egg-info
[1.823s] -- Installing: /home/ahmedmwafy/Test/Mwafy/ros2_my_ws/install/letters_drawing_2/local/lib/python3.10/dist-packages/letters_drawing_2-0.0.0-py3.10.egg-info/PKG-INFO
[1.823s] -- Installing: /home/ahmedmwafy/Test/Mwafy/ros2_my_ws/install/letters_drawing_2/local/lib/python3.10/dist-packages/letters_drawing_2-0.0.0-py3.10.egg-info/SOURCES.txt
[1.823s] -- Installing: /home/ahmedmwafy/Test/Mwafy/ros2_my_ws/install/letters_drawing_2/local/lib/python3.10/dist-packages/letters_drawing_2-0.0.0-py3.10.egg-info/top_level.txt
[1.823s] -- Installing: /home/ahmedmwafy/Test/Mwafy/ros2_my_ws/install/letters_drawing_2/local/lib/python3.10/dist-packages/letters_drawing_2-0.0.0-py3.10.egg-info/dependency_links.txt
[1.823s] -- Up-to-date: /home/ahmedmwafy/Test/Mwafy/ros2_my_ws/install/letters_drawing_2/local/lib/python3.10/dist-packages/letters_drawing_2
[1.823s] -- Up-to-date: /home/ahmedmwafy/Test/Mwafy/ros2_my_ws/install/letters_drawing_2/local/lib/python3.10/dist-packages/letters_drawing_2/_letters_drawing_2_s.ep.rosidl_typesupport_introspection_c.c
[1.823s] -- Up-to-date: /home/ahmedmwafy/Test/Mwafy/ros2_my_ws/install/letters_drawing_2/local/lib/python3.10/dist-packages/letters_drawing_2/letters_drawing_2_s__rosidl_typesupport_introspection_c.cpython-310-x86_64-linux-gnu.so
[1.823s] -- Up-to-date: /home/ahmedmwafy/Test/Mwafy/ros2_my_ws/install/letters_drawing_2/local/lib/python3.10/dist-packages/letters_drawing_2/_letters_drawing_2_s.ep.rosidl_typesupport_fastrtps_c.c
[1.823s] -- Up-to-date: /home/ahmedmwafy/Test/Mwafy/ros2_my_ws/install/letters_drawing_2/local/lib/python3.10/dist-packages/letters_drawing_2/letters_drawing_2_s__rosidl_typesupport_fastrtps_c.cpython-310-x86_64-linux-gnu.so
[1.824s] -- Up-to-date: /home/ahmedmwafy/Test/Mwafy/ros2_my_ws/install/letters_drawing_2/local/lib/python3.10/dist-packages/letters_drawing_2/_letters_drawing_2_s.ep.rosidl_typesupport_c.c
[1.824s] -- Up-to-date: /home/ahmedmwafy/Test/Mwafy/ros2_my_ws/install/letters_drawing_2/local/lib/python3.10/dist-packages/letters_drawing_2/libletters_drawing_2__rosidl_generator_py.so
[1.824s] -- Up-to-date: /home/ahmedmwafy/Test/Mwafy/ros2_my_ws/install/letters_drawing_2/local/lib/python3.10/dist-packages/letters_drawing_2/msg
[1.824s] -- Up-to-date: /home/ahmedmwafy/Test/Mwafy/ros2_my_ws/install/letters_drawing_2/local/lib/python3.10/dist-packages/letters_drawing_2/msg/_turtle_info.py
[1.824s] -- Up-to-date: /home/ahmedmwafy/Test/Mwafy/ros2_my_ws/install/letters_drawing_2/local/lib/python3.10/dist-packages/letters_drawing_2/msg/__init__.py
[1.824s] -- Up-to-date: /home/ahmedmwafy/Test/Mwafy/ros2_my_ws/install/letters_drawing_2/local/lib/python3.10/dist-packages/letters_drawing_2/msg/_turtle_info_s.c
[1.824s] -- Installing: /home/ahmedmwafy/Test/Mwafy/ros2_my_ws/install/letters_drawing_2/local/lib/python3.10/dist-packages/letters_drawing_2/__init__.py
[1.824s] -- Up-to-date: /home/ahmedmwafy/Test/Mwafy/ros2_my_ws/install/letters_drawing_2/local/lib/python3.10/dist-packages/letters_drawing_2/letters_drawing_2_s__rosidl_typesupport_c.cpython-310-x86_64-linux-gnu.so
[1.851s] Listing '/home/ahmedmwafy/Test/Mwafy/ros2_my_ws/install/letters_drawing_2/local/lib/python3.10/dist-packages/letters_drawing_2'...
[1.851s] Compiling '/home/ahmedmwafy/Test/Mwafy/ros2_my_ws/install/letters_drawing_2/local/lib/python3.10/dist-packages/letters_drawing_2/__init__.py'...
[1.852s] Listing '/home/ahmedmwafy/Test/Mwafy/ros2_my_ws/install/letters_drawing_2/local/lib/python3.10/dist-packages/letters_drawing_2/msg'...
[1.855s] -- Up-to-date: /home/ahmedmwafy/Test/Mwafy/ros2_my_ws/install/letters_drawing_2/local/lib/python3.10/dist-packages/letters_drawing_2/letters_drawing_2_s__rosidl_typesupport_fastrtps_c.cpython-310-x86_64-linux-gnu.so
[1.855s] -- Up-to-date: /home/ahmedmwafy/Test/Mwafy/ros2_my_ws/install/letters_drawing_2/local/lib/python3.10/dist-packages/letters_drawing_2/letters_drawing_2_s__rosidl_typesupport_introspection_c.cpython-310-x86_64-linux-gnu.so
[1.855s] -- Up-to-date: /home/ahmedmwafy/Test/Mwafy/ros2_my_ws/install/letters_drawing_2/local/lib/python3.10/dist-packages/letters_drawing_2/letters_drawing_2_s__rosidl_typesupport_c.cpython-310-x86_64-linux-gnu.so
[1.855s] -- Up-to-date: /home/ahmedmwafy/Test/Mwafy/ros2_my_ws/install/letters_drawing_2/lib/libletters_drawing_2__rosidl_generator_py.so
[1.856s] -- Up-to-date: /home/ahmedmwafy/Test/Mwafy/ros2_my_ws/install/letters_drawing_2/share/letters_drawing_2/msg/TurtleInfo.idl
[1.856s] -- Installing: /home/ahmedmwafy/Test/Mwafy/ros2_my_ws/install/letters_drawing_2/share/letters_drawing_2/msg/TurtleInfo.msg
[1.856s] -- Up-to-date: /home/ahmedmwafy/Test/Mwafy/ros2_my_ws/install/letters_drawing_2/share/ament_index/resource_index/package_run_dependencies/letters_drawing_2
[1.856s] -- Up-to-date: /home/ahmedmwafy/Test/Mwafy/ros2_my_ws/install/letters_drawing_2/share/ament_index/resource_index/parent_prefix_path/letters_drawing_2
[1.856s] -- Up-to-date: /home/ahmedmwafy/Test/Mwafy/ros2_my_ws/install/letters_drawing_2/share/letters_drawing_2/environment/ament_prefix_path.sh
[1.856s] -- Installing: /home/ahmedmwafy/Test/Mwafy/ros2_my_ws/install/letters_drawing_2/share/letters_drawing_2/environment/ament_prefix_path.dsv
[1.856s] -- Up-to-date: /home/ahmedmwafy/Test/Mwafy/ros2_my_ws/install/letters_drawing_2/share/letters_drawing_2/environment/path.sh
[1.856s] -- Installing: /home/ahmedmwafy/Test/Mwafy/ros2_my_ws/install/letters_drawing_2/share/letters_drawing_2/environment/path.dsv
[1.856s] -- Up-to-date: /home/ahmedmwafy/Test/Mwafy/ros2_my_ws/install/letters_drawing_2/share/letters_drawing_2/local_setup.bash
[1.856s] -- Up-to-date: /home/ahmedmwafy/Test/Mwafy/ros2_my_ws/install/letters_drawing_2/share/letters_drawing_2/local_setup.sh
[1.856s] -- Up-to-date: /home/ahmedmwafy/Test/Mwafy/ros2_my_ws/install/letters_drawing_2/share/letters_drawing_2/local_setup.zsh
[1.856s] -- Installing: /home/ahmedmwafy/Test/Mwafy/ros2_my_ws/install/letters_drawing_2/share/letters_drawing_2/local_setup.dsv
[1.856s] -- Installing: /home/ahmedmwafy/Test/Mwafy/ros2_my_ws/install/letters_drawing_2/share/letters_drawing_2/package.dsv
[1.856s] -- Up-to-date: /home/ahmedmwafy/Test/Mwafy/ros2_my_ws/install/letters_drawing_2/share/ament_index/resource_index/packages/letters_drawing_2
[1.857s] -- Up-to-date: /home/ahmedmwafy/Test/Mwafy/ros2_my_ws/install/letters_drawing_2/share/letters_drawing_2/cmake/export_letters_drawing_2__rosidl_generator_cExport.cmake
[1.857s] -- Up-to-date: /home/ahmedmwafy/Test/Mwafy/ros2_my_ws/install/letters_drawing_2/share/letters_drawing_2/cmake/export_letters_drawing_2__rosidl_generator_cExport-noconfig.cmake
[1.857s] -- Up-to-date: /home/ahmedmwafy/Test/Mwafy/ros2_my_ws/install/letters_drawing_2/share/letters_drawing_2/cmake/export_letters_drawing_2__rosidl_typesupport_fastrtps_cExport.cmake
[1.857s] -- Up-to-date: /home/ahmedmwafy/Test/Mwafy/ros2_my_ws/install/letters_drawing_2/share/letters_drawing_2/cmake/export_letters_drawing_2__rosidl_typesupport_fastrtps_cExport-noconfig.cmake
[1.857s] -- Up-to-date: /home/ahmedmwafy/Test/Mwafy/ros2_my_ws/install/letters_drawing_2/share/letters_drawing_2/cmake/letters_drawing_2__rosidl_typesupport_introspection_cExport.cmake
[1.857s] -- Up-to-date: /home/ahmedmwafy/Test/Mwafy/ros2_my_ws/install/letters_drawing_2/share/letters_drawing_2/cmake/letters_drawing_2__rosidl_typesupport_introspection_cExport-noconfig.cmake
[1.857s] -- Up-to-date: /home/ahmedmwafy/Test/Mwafy/ros2_my_ws/install/letters_drawing_2/share/letters_drawing_2/cmake/letters_drawing_2__rosidl_typesupport_cExport.cmake
[1.857s] -- Up-to-date: /home/ahmedmwafy/Test/Mwafy/ros2_my_ws/install/letters_drawing_2/share/letters_drawing_2/cmake/letters_drawing_2__rosidl_typesupport_cExport-noconfig.cmake
[1.857s] -- Up-to-date: /home/ahmedmwafy/Test/Mwafy/ros2_my_ws/install/letters_drawing_2/share/letters_drawing_2/cmake/export_letters_drawing_2__rosidl_generator_cppExport.cmake
[1.857s] -- Up-to-date: /home/ahmedmwafy/Test/Mwafy/ros2_my_ws/install/letters_drawing_2/share/letters_drawing_2/cmake/export_letters_drawing_2__rosidl_typesupport_fastrtps_cppExport.cmake
[1.857s] -- Up-to-date: /home/ahmedmwafy/Test/Mwafy/ros2_my_ws/install/letters_drawing_2/share/letters_drawing_2/cmake/export_letters_drawing_2__rosidl_typesupport_fastrtps_cppExport-noconfig.cmake
[1.857s] -- Up-to-date: /home/ahmedmwafy/Test/Mwafy/ros2_my_ws/install/letters_drawing_2/share/letters_drawing_2/cmake/letters_drawing_2__rosidl_typesupport_introspection_cppExport.cmake
[1.857s] -- Up-to-date: /home/ahmedmwafy/Test/Mwafy/ros2_my_ws/install/letters_drawing_2/share/letters_drawing_2/cmake/letters_drawing_2__rosidl_typesupport_introspection_cppExport-noconfig.cmake
[1.857s] -- Up-to-date: /home/ahmedmwafy/Test/Mwafy/ros2_my_ws/install/letters_drawing_2/share/letters_drawing_2/cmake/letters_drawing_2__rosidl_typesupport_cppExport.cmake
[1.857s] -- Up-to-date: /home/ahmedmwafy/Test/Mwafy/ros2_my_ws/install/letters_drawing_2/share/letters_drawing_2/cmake/letters_drawing_2__rosidl_typesupport_cppExport-noconfig.cmake
[1.858s] -- Up-to-date: /home/ahmedmwafy/Test/Mwafy/ros2_my_ws/install/letters_drawing_2/share/letters_drawing_2/cmake/export_letters_drawing_2__rosidl_generator_pyExport.cmake
[1.858s] -- Up-to-date: /home/ahmedmwafy/Test/Mwafy/ros2_my_ws/install/letters_drawing_2/share/letters_drawing_2/cmake/export_letters_drawing_2__rosidl_generator_pyExport-noconfig.cmake
[1.858s] -- Up-to-date: /home/ahmedmwafy/Test/Mwafy/ros2_my_ws/install/letters_drawing_2/share/letters_drawing_2/cmake/rosidl_cmake-extras.cmake
[1.858s] -- Up-to-date: /home/ahmedmwafy/Test/Mwafy/ros2_my_ws/install/letters_drawing_2/share/letters_drawing_2/cmake/ament_cmake_export_dependencies-extras.cmake
[1.858s] -- Up-to-date: /home/ahmedmwafy/Test/Mwafy/ros2_my_ws/install/letters_drawing_2/share/letters_drawing_2/cmake/ament_cmake_export_include_directories-extras.cmake
[1.858s] -- Up-to-date: /home/ahmedmwafy/Test/Mwafy/ros2_my_ws/install/letters_drawing_2/share/letters_drawing_2/cmake/ament_cmake_export_libraries-extras.cmake
[1.858s] -- Up-to-date: /home/ahmedmwafy/Test/Mwafy/ros2_my_ws/install/letters_drawing_2/share/letters_drawing_2/cmake/ament_cmake_export_targets-extras.cmake
[1.858s] -- Up-to-date: /home/ahmedmwafy/Test/Mwafy/ros2_my_ws/install/letters_drawing_2/share/letters_drawing_2/cmake/rosidl_cmake_export_typesupport_targets-extras.cmake
[1.858s] -- Up-to-date: /home/ahmedmwafy/Test/Mwafy/ros2_my_ws/install/letters_drawing_2/share/letters_drawing_2/cmake/rosidl_cmake_export_typesupport_libraries-extras.cmake
[1.858s] -- Up-to-date: /home/ahmedmwafy/Test/Mwafy/ros2_my_ws/install/letters_drawing_2/share/letters_drawing_2/cmake/letters_drawing_2Config.cmake
[1.858s] -- Up-to-date: /home/ahmedmwafy/Test/Mwafy/ros2_my_ws/install/letters_drawing_2/share/letters_drawing_2/cmake/letters_drawing_2Config-version.cmake
[1.858s] -- Up-to-date: /home/ahmedmwafy/Test/Mwafy/ros2_my_ws/install/letters_drawing_2/share/letters_drawing_2/package.xml
[1.860s] Invoked command in '/home/ahmedmwafy/Test/Mwafy/ros2_my_ws/build/letters_drawing_2' returned '0': CMAKE_PREFIX_PATH=${CMAKE_PREFIX_PATH}:/home/ahmedmwafy/Test/Mwafy/ros2_my_ws/install/turtle_control_1:/opt/ros/humble /usr/bin/cmake --install /home/ahmedmwafy/Test/Mwafy/ros2_my_ws/build/letters_drawing_2
