-- The C compiler identification is GNU 11.4.0
-- The CXX compiler identification is GNU 11.4.0
-- Detecting C compiler ABI info
-- Detecting C compiler ABI info - done
-- Check for working C compiler: /usr/bin/cc - skipped
-- Detecting C compile features
-- Detecting C compile features - done
-- Detecting CXX compiler ABI info
-- Detecting CXX compiler ABI info - done
-- Check for working CXX compiler: /usr/bin/c++ - skipped
-- Detecting CXX compile features
-- Detecting CXX compile features - done
-- Found ament_cmake: 1.3.11 (/opt/ros/humble/share/ament_cmake/cmake)
-- Found Python3: /usr/bin/python3 (found version "3.10.12") found components: Interpreter 
-- Found rclpy: 3.3.15 (/opt/ros/humble/share/rclpy/cmake)
-- Found ament_lint_auto: 0.12.11 (/opt/ros/humble/share/ament_lint_auto/cmake)
-- Added test 'lint_cmake' to check CMake code style
-- Added test 'xmllint' to check XML markup files
-- Configuring done
-- Generating done
-- Build files have been written to: /home/ahmedmwafy/Test/Mwafy/ros2_my_ws/build/Letters_Drawing_2
-- Install configuration: ""
-- Installing: /home/ahmedmwafy/Test/Mwafy/ros2_my_ws/install/Letters_Drawing_2/share/ament_index/resource_index/package_run_dependencies/Letters_Drawing_2
-- Installing: /home/ahmedmwafy/Test/Mwafy/ros2_my_ws/install/Letters_Drawing_2/share/ament_index/resource_index/parent_prefix_path/Letters_Drawing_2
-- Installing: /home/ahmedmwafy/Test/Mwafy/ros2_my_ws/install/Letters_Drawing_2/share/Letters_Drawing_2/environment/ament_prefix_path.sh
-- Installing: /home/ahmedmwafy/Test/Mwafy/ros2_my_ws/install/Letters_Drawing_2/share/Letters_Drawing_2/environment/ament_prefix_path.dsv
-- Installing: /home/ahmedmwafy/Test/Mwafy/ros2_my_ws/install/Letters_Drawing_2/share/Letters_Drawing_2/environment/path.sh
-- Installing: /home/ahmedmwafy/Test/Mwafy/ros2_my_ws/install/Letters_Drawing_2/share/Letters_Drawing_2/environment/path.dsv
-- Installing: /home/ahmedmwafy/Test/Mwafy/ros2_my_ws/install/Letters_Drawing_2/share/Letters_Drawing_2/local_setup.bash
-- Installing: /home/ahmedmwafy/Test/Mwafy/ros2_my_ws/install/Letters_Drawing_2/share/Letters_Drawing_2/local_setup.sh
-- Installing: /home/ahmedmwafy/Test/Mwafy/ros2_my_ws/install/Letters_Drawing_2/share/Letters_Drawing_2/local_setup.zsh
-- Installing: /home/ahmedmwafy/Test/Mwafy/ros2_my_ws/install/Letters_Drawing_2/share/Letters_Drawing_2/local_setup.dsv
-- Installing: /home/ahmedmwafy/Test/Mwafy/ros2_my_ws/install/Letters_Drawing_2/share/Letters_Drawing_2/package.dsv
-- Installing: /home/ahmedmwafy/Test/Mwafy/ros2_my_ws/install/Letters_Drawing_2/share/ament_index/resource_index/packages/Letters_Drawing_2
-- Installing: /home/ahmedmwafy/Test/Mwafy/ros2_my_ws/install/Letters_Drawing_2/share/Letters_Drawing_2/cmake/Letters_Drawing_2Config.cmake
-- Installing: /home/ahmedmwafy/Test/Mwafy/ros2_my_ws/install/Letters_Drawing_2/share/Letters_Drawing_2/cmake/Letters_Drawing_2Config-version.cmake
-- Installing: /home/ahmedmwafy/Test/Mwafy/ros2_my_ws/install/Letters_Drawing_2/share/Letters_Drawing_2/package.xml
