[0.123s] DEBUG:colcon:Command line arguments: ['/usr/bin/colcon', 'build']
[0.123s] DEBUG:colcon:Parsed command line arguments: Namespace(log_base=None, log_level=None, verb_name='build', build_base='build', install_base='install', merge_install=False, symlink_install=False, test_result_base=None, continue_on_error=False, executor='parallel', parallel_workers=16, event_handlers=None, ignore_user_meta=False, metas=['./colcon.meta'], base_paths=['.'], packages_ignore=None, packages_ignore_regex=None, paths=None, packages_up_to=None, packages_up_to_regex=None, packages_above=None, packages_above_and_dependencies=None, packages_above_depth=None, packages_select_by_dep=None, packages_skip_by_dep=None, packages_skip_up_to=None, packages_select_build_failed=False, packages_skip_build_finished=False, packages_select_test_failures=False, packages_skip_test_passed=False, packages_select=None, packages_skip=None, packages_select_regex=None, packages_skip_regex=None, packages_start=None, packages_end=None, allow_overriding=[], cmake_args=None, cmake_target=None, cmake_target_skip_unavailable=False, cmake_clean_cache=False, cmake_clean_first=False, cmake_force_configure=False, ament_cmake_args=None, catkin_cmake_args=None, catkin_skip_building_tests=False, verb_parser=<colcon_defaults.argument_parser.defaults.DefaultArgumentsDecorator object at 0x7513e2c2ae00>, verb_extension=<colcon_core.verb.build.BuildVerb object at 0x7513e2c2a8f0>, main=<bound method BuildVerb.main of <colcon_core.verb.build.BuildVerb object at 0x7513e2c2a8f0>>)
[0.225s] Level 1:colcon.colcon_core.package_discovery:discover_packages(colcon_meta) check parameters
[0.225s] Level 1:colcon.colcon_core.package_discovery:discover_packages(recursive) check parameters
[0.225s] Level 1:colcon.colcon_core.package_discovery:discover_packages(ignore) check parameters
[0.225s] Level 1:colcon.colcon_core.package_discovery:discover_packages(path) check parameters
[0.225s] Level 1:colcon.colcon_core.package_discovery:discover_packages(colcon_meta) discover
[0.225s] Level 1:colcon.colcon_core.package_discovery:discover_packages(recursive) discover
[0.225s] INFO:colcon.colcon_core.package_discovery:Crawling recursively for packages in '/home/ahmedmwafy/Test/Mwafy/ros2_my_ws'
[0.225s] Level 1:colcon.colcon_core.package_identification:_identify(.) by extensions ['ignore', 'ignore_ament_install']
[0.225s] Level 1:colcon.colcon_core.package_identification:_identify(.) by extension 'ignore'
[0.225s] Level 1:colcon.colcon_core.package_identification:_identify(.) by extension 'ignore_ament_install'
[0.225s] Level 1:colcon.colcon_core.package_identification:_identify(.) by extensions ['colcon_pkg']
[0.226s] Level 1:colcon.colcon_core.package_identification:_identify(.) by extension 'colcon_pkg'
[0.226s] Level 1:colcon.colcon_core.package_identification:_identify(.) by extensions ['colcon_meta']
[0.226s] Level 1:colcon.colcon_core.package_identification:_identify(.) by extension 'colcon_meta'
[0.226s] Level 1:colcon.colcon_core.package_identification:_identify(.) by extensions ['ros']
[0.226s] Level 1:colcon.colcon_core.package_identification:_identify(.) by extension 'ros'
[0.233s] Level 1:colcon.colcon_core.package_identification:_identify(.) by extensions ['cmake', 'python']
[0.233s] Level 1:colcon.colcon_core.package_identification:_identify(.) by extension 'cmake'
[0.233s] Level 1:colcon.colcon_core.package_identification:_identify(.) by extension 'python'
[0.233s] Level 1:colcon.colcon_core.package_identification:_identify(.) by extensions ['python_setup_py']
[0.233s] Level 1:colcon.colcon_core.package_identification:_identify(.) by extension 'python_setup_py'
[0.234s] Level 1:colcon.colcon_core.package_identification:_identify(build) by extensions ['ignore', 'ignore_ament_install']
[0.234s] Level 1:colcon.colcon_core.package_identification:_identify(build) by extension 'ignore'
[0.234s] Level 1:colcon.colcon_core.package_identification:_identify(build) ignored
[0.234s] Level 1:colcon.colcon_core.package_identification:_identify(install) by extensions ['ignore', 'ignore_ament_install']
[0.234s] Level 1:colcon.colcon_core.package_identification:_identify(install) by extension 'ignore'
[0.234s] Level 1:colcon.colcon_core.package_identification:_identify(install) ignored
[0.234s] Level 1:colcon.colcon_core.package_identification:_identify(log) by extensions ['ignore', 'ignore_ament_install']
[0.234s] Level 1:colcon.colcon_core.package_identification:_identify(log) by extension 'ignore'
[0.234s] Level 1:colcon.colcon_core.package_identification:_identify(log) ignored
[0.234s] Level 1:colcon.colcon_core.package_identification:_identify(src) by extensions ['ignore', 'ignore_ament_install']
[0.234s] Level 1:colcon.colcon_core.package_identification:_identify(src) by extension 'ignore'
[0.234s] Level 1:colcon.colcon_core.package_identification:_identify(src) by extension 'ignore_ament_install'
[0.234s] Level 1:colcon.colcon_core.package_identification:_identify(src) by extensions ['colcon_pkg']
[0.234s] Level 1:colcon.colcon_core.package_identification:_identify(src) by extension 'colcon_pkg'
[0.234s] Level 1:colcon.colcon_core.package_identification:_identify(src) by extensions ['colcon_meta']
[0.234s] Level 1:colcon.colcon_core.package_identification:_identify(src) by extension 'colcon_meta'
[0.234s] Level 1:colcon.colcon_core.package_identification:_identify(src) by extensions ['ros']
[0.234s] Level 1:colcon.colcon_core.package_identification:_identify(src) by extension 'ros'
[0.234s] Level 1:colcon.colcon_core.package_identification:_identify(src) by extensions ['cmake', 'python']
[0.234s] Level 1:colcon.colcon_core.package_identification:_identify(src) by extension 'cmake'
[0.234s] Level 1:colcon.colcon_core.package_identification:_identify(src) by extension 'python'
[0.234s] Level 1:colcon.colcon_core.package_identification:_identify(src) by extensions ['python_setup_py']
[0.234s] Level 1:colcon.colcon_core.package_identification:_identify(src) by extension 'python_setup_py'
[0.234s] Level 1:colcon.colcon_core.package_identification:_identify(src/letters_drawing_2) by extensions ['ignore', 'ignore_ament_install']
[0.234s] Level 1:colcon.colcon_core.package_identification:_identify(src/letters_drawing_2) by extension 'ignore'
[0.234s] Level 1:colcon.colcon_core.package_identification:_identify(src/letters_drawing_2) by extension 'ignore_ament_install'
[0.235s] Level 1:colcon.colcon_core.package_identification:_identify(src/letters_drawing_2) by extensions ['colcon_pkg']
[0.235s] Level 1:colcon.colcon_core.package_identification:_identify(src/letters_drawing_2) by extension 'colcon_pkg'
[0.235s] Level 1:colcon.colcon_core.package_identification:_identify(src/letters_drawing_2) by extensions ['colcon_meta']
[0.235s] Level 1:colcon.colcon_core.package_identification:_identify(src/letters_drawing_2) by extension 'colcon_meta'
[0.235s] Level 1:colcon.colcon_core.package_identification:_identify(src/letters_drawing_2) by extensions ['ros']
[0.235s] Level 1:colcon.colcon_core.package_identification:_identify(src/letters_drawing_2) by extension 'ros'
[0.236s] DEBUG:colcon.colcon_core.package_identification:Package 'src/letters_drawing_2' with type 'ros.ament_cmake' and name 'letters_drawing_2'
[0.237s] Level 1:colcon.colcon_core.package_identification:_identify(src/turtle_control_1) by extensions ['ignore', 'ignore_ament_install']
[0.237s] Level 1:colcon.colcon_core.package_identification:_identify(src/turtle_control_1) by extension 'ignore'
[0.237s] Level 1:colcon.colcon_core.package_identification:_identify(src/turtle_control_1) by extension 'ignore_ament_install'
[0.237s] Level 1:colcon.colcon_core.package_identification:_identify(src/turtle_control_1) by extensions ['colcon_pkg']
[0.237s] Level 1:colcon.colcon_core.package_identification:_identify(src/turtle_control_1) by extension 'colcon_pkg'
[0.237s] Level 1:colcon.colcon_core.package_identification:_identify(src/turtle_control_1) by extensions ['colcon_meta']
[0.237s] Level 1:colcon.colcon_core.package_identification:_identify(src/turtle_control_1) by extension 'colcon_meta'
[0.237s] Level 1:colcon.colcon_core.package_identification:_identify(src/turtle_control_1) by extensions ['ros']
[0.237s] Level 1:colcon.colcon_core.package_identification:_identify(src/turtle_control_1) by extension 'ros'
[0.237s] DEBUG:colcon.colcon_core.package_identification:Package 'src/turtle_control_1' with type 'ros.ament_python' and name 'turtle_control_1'
[0.237s] Level 1:colcon.colcon_core.package_discovery:discover_packages(recursive) using defaults
[0.237s] Level 1:colcon.colcon_core.package_discovery:discover_packages(ignore) discover
[0.237s] Level 1:colcon.colcon_core.package_discovery:discover_packages(ignore) using defaults
[0.237s] Level 1:colcon.colcon_core.package_discovery:discover_packages(path) discover
[0.237s] Level 1:colcon.colcon_core.package_discovery:discover_packages(path) using defaults
[0.251s] Level 1:colcon.colcon_core.package_discovery:discover_packages(prefix_path) check parameters
[0.251s] Level 1:colcon.colcon_core.package_discovery:discover_packages(prefix_path) discover
[0.252s] DEBUG:colcon.colcon_installed_package_information.package_discovery:Found 3 installed packages in /home/ahmedmwafy/Test/Mwafy/ros2_my_ws/install
[0.252s] DEBUG:colcon.colcon_installed_package_information.package_discovery:Found 271 installed packages in /opt/ros/humble
[0.259s] Level 1:colcon.colcon_core.package_discovery:discover_packages(prefix_path) using defaults
[0.292s] Level 5:colcon.colcon_core.verb:set package 'letters_drawing_2' build argument 'cmake_args' from command line to 'None'
[0.292s] Level 5:colcon.colcon_core.verb:set package 'letters_drawing_2' build argument 'cmake_target' from command line to 'None'
[0.292s] Level 5:colcon.colcon_core.verb:set package 'letters_drawing_2' build argument 'cmake_target_skip_unavailable' from command line to 'False'
[0.292s] Level 5:colcon.colcon_core.verb:set package 'letters_drawing_2' build argument 'cmake_clean_cache' from command line to 'False'
[0.292s] Level 5:colcon.colcon_core.verb:set package 'letters_drawing_2' build argument 'cmake_clean_first' from command line to 'False'
[0.292s] Level 5:colcon.colcon_core.verb:set package 'letters_drawing_2' build argument 'cmake_force_configure' from command line to 'False'
[0.292s] Level 5:colcon.colcon_core.verb:set package 'letters_drawing_2' build argument 'ament_cmake_args' from command line to 'None'
[0.292s] Level 5:colcon.colcon_core.verb:set package 'letters_drawing_2' build argument 'catkin_cmake_args' from command line to 'None'
[0.292s] Level 5:colcon.colcon_core.verb:set package 'letters_drawing_2' build argument 'catkin_skip_building_tests' from command line to 'False'
[0.292s] DEBUG:colcon.colcon_core.verb:Building package 'letters_drawing_2' with the following arguments: {'ament_cmake_args': None, 'build_base': '/home/ahmedmwafy/Test/Mwafy/ros2_my_ws/build/letters_drawing_2', 'catkin_cmake_args': None, 'catkin_skip_building_tests': False, 'cmake_args': None, 'cmake_clean_cache': False, 'cmake_clean_first': False, 'cmake_force_configure': False, 'cmake_target': None, 'cmake_target_skip_unavailable': False, 'install_base': '/home/ahmedmwafy/Test/Mwafy/ros2_my_ws/install/letters_drawing_2', 'merge_install': False, 'path': '/home/ahmedmwafy/Test/Mwafy/ros2_my_ws/src/letters_drawing_2', 'symlink_install': False, 'test_result_base': None}
[0.293s] Level 5:colcon.colcon_core.verb:set package 'turtle_control_1' build argument 'cmake_args' from command line to 'None'
[0.293s] Level 5:colcon.colcon_core.verb:set package 'turtle_control_1' build argument 'cmake_target' from command line to 'None'
[0.293s] Level 5:colcon.colcon_core.verb:set package 'turtle_control_1' build argument 'cmake_target_skip_unavailable' from command line to 'False'
[0.293s] Level 5:colcon.colcon_core.verb:set package 'turtle_control_1' build argument 'cmake_clean_cache' from command line to 'False'
[0.293s] Level 5:colcon.colcon_core.verb:set package 'turtle_control_1' build argument 'cmake_clean_first' from command line to 'False'
[0.293s] Level 5:colcon.colcon_core.verb:set package 'turtle_control_1' build argument 'cmake_force_configure' from command line to 'False'
[0.293s] Level 5:colcon.colcon_core.verb:set package 'turtle_control_1' build argument 'ament_cmake_args' from command line to 'None'
[0.293s] Level 5:colcon.colcon_core.verb:set package 'turtle_control_1' build argument 'catkin_cmake_args' from command line to 'None'
[0.293s] Level 5:colcon.colcon_core.verb:set package 'turtle_control_1' build argument 'catkin_skip_building_tests' from command line to 'False'
[0.293s] DEBUG:colcon.colcon_core.verb:Building package 'turtle_control_1' with the following arguments: {'ament_cmake_args': None, 'build_base': '/home/ahmedmwafy/Test/Mwafy/ros2_my_ws/build/turtle_control_1', 'catkin_cmake_args': None, 'catkin_skip_building_tests': False, 'cmake_args': None, 'cmake_clean_cache': False, 'cmake_clean_first': False, 'cmake_force_configure': False, 'cmake_target': None, 'cmake_target_skip_unavailable': False, 'install_base': '/home/ahmedmwafy/Test/Mwafy/ros2_my_ws/install/turtle_control_1', 'merge_install': False, 'path': '/home/ahmedmwafy/Test/Mwafy/ros2_my_ws/src/turtle_control_1', 'symlink_install': False, 'test_result_base': None}
[0.293s] INFO:colcon.colcon_core.executor:Executing jobs using 'parallel' executor
[0.294s] DEBUG:colcon.colcon_parallel_executor.executor.parallel:run_until_complete
[0.295s] INFO:colcon.colcon_ros.task.ament_cmake.build:Building ROS package in '/home/ahmedmwafy/Test/Mwafy/ros2_my_ws/src/letters_drawing_2' with build type 'ament_cmake'
[0.295s] INFO:colcon.colcon_cmake.task.cmake.build:Building CMake package in '/home/ahmedmwafy/Test/Mwafy/ros2_my_ws/src/letters_drawing_2'
[0.297s] INFO:colcon.colcon_core.plugin_system:Skipping extension 'colcon_core.shell.bat': Not used on non-Windows systems
[0.297s] INFO:colcon.colcon_core.shell:Skip shell extension 'powershell' for command environment: Not usable outside of PowerShell
[0.297s] DEBUG:colcon.colcon_core.shell:Skip shell extension 'dsv' for command environment
[0.300s] INFO:colcon.colcon_ros.task.ament_python.build:Building ROS package in '/home/ahmedmwafy/Test/Mwafy/ros2_my_ws/src/turtle_control_1' with build type 'ament_python'
[0.300s] Level 1:colcon.colcon_core.shell:create_environment_hook('turtle_control_1', 'ament_prefix_path')
[0.300s] INFO:colcon.colcon_core.shell:Creating environment hook '/home/ahmedmwafy/Test/Mwafy/ros2_my_ws/install/turtle_control_1/share/turtle_control_1/hook/ament_prefix_path.ps1'
[0.301s] INFO:colcon.colcon_core.shell:Creating environment descriptor '/home/ahmedmwafy/Test/Mwafy/ros2_my_ws/install/turtle_control_1/share/turtle_control_1/hook/ament_prefix_path.dsv'
[0.302s] INFO:colcon.colcon_core.shell:Creating environment hook '/home/ahmedmwafy/Test/Mwafy/ros2_my_ws/install/turtle_control_1/share/turtle_control_1/hook/ament_prefix_path.sh'
[0.303s] INFO:colcon.colcon_core.shell:Skip shell extension 'powershell' for command environment: Not usable outside of PowerShell
[0.303s] DEBUG:colcon.colcon_core.shell:Skip shell extension 'dsv' for command environment
[0.311s] DEBUG:colcon.colcon_core.event_handler.log_command:Invoking command in '/home/ahmedmwafy/Test/Mwafy/ros2_my_ws/build/letters_drawing_2': CMAKE_PREFIX_PATH=${CMAKE_PREFIX_PATH}:/home/ahmedmwafy/Test/Mwafy/ros2_my_ws/install/turtle_control_1:/opt/ros/humble /usr/bin/cmake --build /home/ahmedmwafy/Test/Mwafy/ros2_my_ws/build/letters_drawing_2 -- -j16 -l16
[0.607s] INFO:colcon.colcon_core.task.python.build:Building Python package in '/home/ahmedmwafy/Test/Mwafy/ros2_my_ws/src/turtle_control_1'
[0.607s] INFO:colcon.colcon_core.shell:Skip shell extension 'powershell' for command environment: Not usable outside of PowerShell
[0.607s] DEBUG:colcon.colcon_core.shell:Skip shell extension 'dsv' for command environment
[0.692s] DEBUG:colcon.colcon_core.event_handler.log_command:Invoked command in '/home/ahmedmwafy/Test/Mwafy/ros2_my_ws/build/letters_drawing_2' returned '0': CMAKE_PREFIX_PATH=${CMAKE_PREFIX_PATH}:/home/ahmedmwafy/Test/Mwafy/ros2_my_ws/install/turtle_control_1:/opt/ros/humble /usr/bin/cmake --build /home/ahmedmwafy/Test/Mwafy/ros2_my_ws/build/letters_drawing_2 -- -j16 -l16
[0.703s] DEBUG:colcon.colcon_core.event_handler.log_command:Invoking command in '/home/ahmedmwafy/Test/Mwafy/ros2_my_ws/build/letters_drawing_2': CMAKE_PREFIX_PATH=${CMAKE_PREFIX_PATH}:/home/ahmedmwafy/Test/Mwafy/ros2_my_ws/install/turtle_control_1:/opt/ros/humble /usr/bin/cmake --install /home/ahmedmwafy/Test/Mwafy/ros2_my_ws/build/letters_drawing_2
[0.763s] Level 1:colcon.colcon_core.environment:create_environment_scripts_only(letters_drawing_2)
[0.764s] DEBUG:colcon.colcon_core.event_handler.log_command:Invoked command in '/home/ahmedmwafy/Test/Mwafy/ros2_my_ws/build/letters_drawing_2' returned '0': CMAKE_PREFIX_PATH=${CMAKE_PREFIX_PATH}:/home/ahmedmwafy/Test/Mwafy/ros2_my_ws/install/turtle_control_1:/opt/ros/humble /usr/bin/cmake --install /home/ahmedmwafy/Test/Mwafy/ros2_my_ws/build/letters_drawing_2
[0.765s] Level 1:colcon.colcon_core.environment:checking '/home/ahmedmwafy/Test/Mwafy/ros2_my_ws/install/letters_drawing_2' for CMake module files
[0.766s] Level 1:colcon.colcon_core.environment:checking '/home/ahmedmwafy/Test/Mwafy/ros2_my_ws/install/letters_drawing_2' for CMake config files
[0.766s] Level 1:colcon.colcon_core.shell:create_environment_hook('letters_drawing_2', 'cmake_prefix_path')
[0.767s] INFO:colcon.colcon_core.shell:Creating environment hook '/home/ahmedmwafy/Test/Mwafy/ros2_my_ws/install/letters_drawing_2/share/letters_drawing_2/hook/cmake_prefix_path.ps1'
[0.767s] INFO:colcon.colcon_core.shell:Creating environment descriptor '/home/ahmedmwafy/Test/Mwafy/ros2_my_ws/install/letters_drawing_2/share/letters_drawing_2/hook/cmake_prefix_path.dsv'
[0.767s] INFO:colcon.colcon_core.shell:Creating environment hook '/home/ahmedmwafy/Test/Mwafy/ros2_my_ws/install/letters_drawing_2/share/letters_drawing_2/hook/cmake_prefix_path.sh'
[0.768s] Level 1:colcon.colcon_core.environment:checking '/home/ahmedmwafy/Test/Mwafy/ros2_my_ws/install/letters_drawing_2/lib'
[0.768s] Level 1:colcon.colcon_core.shell:create_environment_hook('letters_drawing_2', 'ld_library_path_lib')
[0.769s] INFO:colcon.colcon_core.shell:Creating environment hook '/home/ahmedmwafy/Test/Mwafy/ros2_my_ws/install/letters_drawing_2/share/letters_drawing_2/hook/ld_library_path_lib.ps1'
[0.769s] INFO:colcon.colcon_core.shell:Creating environment descriptor '/home/ahmedmwafy/Test/Mwafy/ros2_my_ws/install/letters_drawing_2/share/letters_drawing_2/hook/ld_library_path_lib.dsv'
[0.769s] INFO:colcon.colcon_core.shell:Creating environment hook '/home/ahmedmwafy/Test/Mwafy/ros2_my_ws/install/letters_drawing_2/share/letters_drawing_2/hook/ld_library_path_lib.sh'
[0.770s] Level 1:colcon.colcon_core.environment:checking '/home/ahmedmwafy/Test/Mwafy/ros2_my_ws/install/letters_drawing_2/bin'
[0.770s] Level 1:colcon.colcon_core.environment:checking '/home/ahmedmwafy/Test/Mwafy/ros2_my_ws/install/letters_drawing_2/lib/pkgconfig/letters_drawing_2.pc'
[0.770s] Level 1:colcon.colcon_core.environment:checking '/home/ahmedmwafy/Test/Mwafy/ros2_my_ws/install/letters_drawing_2/lib/python3.10/site-packages'
[0.770s] Level 1:colcon.colcon_core.environment:checking '/home/ahmedmwafy/Test/Mwafy/ros2_my_ws/install/letters_drawing_2/bin'
[0.770s] INFO:colcon.colcon_core.shell:Creating package script '/home/ahmedmwafy/Test/Mwafy/ros2_my_ws/install/letters_drawing_2/share/letters_drawing_2/package.ps1'
[0.772s] INFO:colcon.colcon_core.shell:Creating package descriptor '/home/ahmedmwafy/Test/Mwafy/ros2_my_ws/install/letters_drawing_2/share/letters_drawing_2/package.dsv'
[0.772s] INFO:colcon.colcon_core.shell:Creating package script '/home/ahmedmwafy/Test/Mwafy/ros2_my_ws/install/letters_drawing_2/share/letters_drawing_2/package.sh'
[0.773s] INFO:colcon.colcon_core.shell:Creating package script '/home/ahmedmwafy/Test/Mwafy/ros2_my_ws/install/letters_drawing_2/share/letters_drawing_2/package.bash'
[0.774s] INFO:colcon.colcon_core.shell:Creating package script '/home/ahmedmwafy/Test/Mwafy/ros2_my_ws/install/letters_drawing_2/share/letters_drawing_2/package.zsh'
[0.774s] Level 1:colcon.colcon_core.environment:create_file_with_runtime_dependencies(/home/ahmedmwafy/Test/Mwafy/ros2_my_ws/install/letters_drawing_2/share/colcon-core/packages/letters_drawing_2)
[0.775s] Level 1:colcon.colcon_core.environment:create_environment_scripts_only(letters_drawing_2)
[0.775s] Level 1:colcon.colcon_core.environment:checking '/home/ahmedmwafy/Test/Mwafy/ros2_my_ws/install/letters_drawing_2' for CMake module files
[0.776s] Level 1:colcon.colcon_core.environment:checking '/home/ahmedmwafy/Test/Mwafy/ros2_my_ws/install/letters_drawing_2' for CMake config files
[0.776s] Level 1:colcon.colcon_core.shell:create_environment_hook('letters_drawing_2', 'cmake_prefix_path')
[0.776s] INFO:colcon.colcon_core.shell:Creating environment hook '/home/ahmedmwafy/Test/Mwafy/ros2_my_ws/install/letters_drawing_2/share/letters_drawing_2/hook/cmake_prefix_path.ps1'
[0.776s] INFO:colcon.colcon_core.shell:Creating environment descriptor '/home/ahmedmwafy/Test/Mwafy/ros2_my_ws/install/letters_drawing_2/share/letters_drawing_2/hook/cmake_prefix_path.dsv'
[0.777s] INFO:colcon.colcon_core.shell:Creating environment hook '/home/ahmedmwafy/Test/Mwafy/ros2_my_ws/install/letters_drawing_2/share/letters_drawing_2/hook/cmake_prefix_path.sh'
[0.777s] Level 1:colcon.colcon_core.environment:checking '/home/ahmedmwafy/Test/Mwafy/ros2_my_ws/install/letters_drawing_2/lib'
[0.777s] Level 1:colcon.colcon_core.shell:create_environment_hook('letters_drawing_2', 'ld_library_path_lib')
[0.778s] INFO:colcon.colcon_core.shell:Creating environment hook '/home/ahmedmwafy/Test/Mwafy/ros2_my_ws/install/letters_drawing_2/share/letters_drawing_2/hook/ld_library_path_lib.ps1'
[0.778s] INFO:colcon.colcon_core.shell:Creating environment descriptor '/home/ahmedmwafy/Test/Mwafy/ros2_my_ws/install/letters_drawing_2/share/letters_drawing_2/hook/ld_library_path_lib.dsv'
[0.778s] INFO:colcon.colcon_core.shell:Creating environment hook '/home/ahmedmwafy/Test/Mwafy/ros2_my_ws/install/letters_drawing_2/share/letters_drawing_2/hook/ld_library_path_lib.sh'
[0.779s] Level 1:colcon.colcon_core.environment:checking '/home/ahmedmwafy/Test/Mwafy/ros2_my_ws/install/letters_drawing_2/bin'
[0.779s] Level 1:colcon.colcon_core.environment:checking '/home/ahmedmwafy/Test/Mwafy/ros2_my_ws/install/letters_drawing_2/lib/pkgconfig/letters_drawing_2.pc'
[0.779s] Level 1:colcon.colcon_core.environment:checking '/home/ahmedmwafy/Test/Mwafy/ros2_my_ws/install/letters_drawing_2/lib/python3.10/site-packages'
[0.779s] Level 1:colcon.colcon_core.environment:checking '/home/ahmedmwafy/Test/Mwafy/ros2_my_ws/install/letters_drawing_2/bin'
[0.780s] INFO:colcon.colcon_core.shell:Creating package script '/home/ahmedmwafy/Test/Mwafy/ros2_my_ws/install/letters_drawing_2/share/letters_drawing_2/package.ps1'
[0.780s] INFO:colcon.colcon_core.shell:Creating package descriptor '/home/ahmedmwafy/Test/Mwafy/ros2_my_ws/install/letters_drawing_2/share/letters_drawing_2/package.dsv'
[0.781s] INFO:colcon.colcon_core.shell:Creating package script '/home/ahmedmwafy/Test/Mwafy/ros2_my_ws/install/letters_drawing_2/share/letters_drawing_2/package.sh'
[0.781s] INFO:colcon.colcon_core.shell:Creating package script '/home/ahmedmwafy/Test/Mwafy/ros2_my_ws/install/letters_drawing_2/share/letters_drawing_2/package.bash'
[0.781s] INFO:colcon.colcon_core.shell:Creating package script '/home/ahmedmwafy/Test/Mwafy/ros2_my_ws/install/letters_drawing_2/share/letters_drawing_2/package.zsh'
[0.782s] Level 1:colcon.colcon_core.environment:create_file_with_runtime_dependencies(/home/ahmedmwafy/Test/Mwafy/ros2_my_ws/install/letters_drawing_2/share/colcon-core/packages/letters_drawing_2)
[0.939s] DEBUG:colcon.colcon_core.event_handler.log_command:Invoking command in '/home/ahmedmwafy/Test/Mwafy/ros2_my_ws/src/turtle_control_1': PYTHONPATH=/home/ahmedmwafy/Test/Mwafy/ros2_my_ws/build/turtle_control_1/prefix_override:/usr/lib/python3/dist-packages/colcon_core/task/python/colcon_distutils_commands:/home/ahmedmwafy/Test/Mwafy/ros2_my_ws/install/turtle_control_1/lib/python3.10/site-packages:${PYTHONPATH} /usr/bin/python3 -W ignore:setup.py install is deprecated -W ignore:easy_install command is deprecated setup.py egg_info --egg-base ../../build/turtle_control_1 build --build-base /home/ahmedmwafy/Test/Mwafy/ros2_my_ws/build/turtle_control_1/build install --record /home/ahmedmwafy/Test/Mwafy/ros2_my_ws/build/turtle_control_1/install.log --single-version-externally-managed install_data
[1.196s] Level 1:colcon.colcon_core.environment:checking '/home/ahmedmwafy/Test/Mwafy/ros2_my_ws/install/turtle_control_1' for CMake module files
[1.197s] DEBUG:colcon.colcon_core.event_handler.log_command:Invoked command in '/home/ahmedmwafy/Test/Mwafy/ros2_my_ws/src/turtle_control_1' returned '0': PYTHONPATH=/home/ahmedmwafy/Test/Mwafy/ros2_my_ws/build/turtle_control_1/prefix_override:/usr/lib/python3/dist-packages/colcon_core/task/python/colcon_distutils_commands:/home/ahmedmwafy/Test/Mwafy/ros2_my_ws/install/turtle_control_1/lib/python3.10/site-packages:${PYTHONPATH} /usr/bin/python3 -W ignore:setup.py install is deprecated -W ignore:easy_install command is deprecated setup.py egg_info --egg-base ../../build/turtle_control_1 build --build-base /home/ahmedmwafy/Test/Mwafy/ros2_my_ws/build/turtle_control_1/build install --record /home/ahmedmwafy/Test/Mwafy/ros2_my_ws/build/turtle_control_1/install.log --single-version-externally-managed install_data
[1.198s] Level 1:colcon.colcon_core.environment:checking '/home/ahmedmwafy/Test/Mwafy/ros2_my_ws/install/turtle_control_1' for CMake config files
[1.198s] Level 1:colcon.colcon_core.environment:checking '/home/ahmedmwafy/Test/Mwafy/ros2_my_ws/install/turtle_control_1/lib'
[1.198s] Level 1:colcon.colcon_core.environment:checking '/home/ahmedmwafy/Test/Mwafy/ros2_my_ws/install/turtle_control_1/bin'
[1.198s] Level 1:colcon.colcon_core.environment:checking '/home/ahmedmwafy/Test/Mwafy/ros2_my_ws/install/turtle_control_1/lib/pkgconfig/turtle_control_1.pc'
[1.198s] Level 1:colcon.colcon_core.environment:checking '/home/ahmedmwafy/Test/Mwafy/ros2_my_ws/install/turtle_control_1/lib/python3.10/site-packages'
[1.199s] Level 1:colcon.colcon_core.shell:create_environment_hook('turtle_control_1', 'pythonpath')
[1.199s] INFO:colcon.colcon_core.shell:Creating environment hook '/home/ahmedmwafy/Test/Mwafy/ros2_my_ws/install/turtle_control_1/share/turtle_control_1/hook/pythonpath.ps1'
[1.199s] INFO:colcon.colcon_core.shell:Creating environment descriptor '/home/ahmedmwafy/Test/Mwafy/ros2_my_ws/install/turtle_control_1/share/turtle_control_1/hook/pythonpath.dsv'
[1.200s] INFO:colcon.colcon_core.shell:Creating environment hook '/home/ahmedmwafy/Test/Mwafy/ros2_my_ws/install/turtle_control_1/share/turtle_control_1/hook/pythonpath.sh'
[1.200s] Level 1:colcon.colcon_core.environment:checking '/home/ahmedmwafy/Test/Mwafy/ros2_my_ws/install/turtle_control_1/bin'
[1.200s] Level 1:colcon.colcon_core.environment:create_environment_scripts_only(turtle_control_1)
[1.200s] INFO:colcon.colcon_core.shell:Creating package script '/home/ahmedmwafy/Test/Mwafy/ros2_my_ws/install/turtle_control_1/share/turtle_control_1/package.ps1'
[1.201s] INFO:colcon.colcon_core.shell:Creating package descriptor '/home/ahmedmwafy/Test/Mwafy/ros2_my_ws/install/turtle_control_1/share/turtle_control_1/package.dsv'
[1.201s] INFO:colcon.colcon_core.shell:Creating package script '/home/ahmedmwafy/Test/Mwafy/ros2_my_ws/install/turtle_control_1/share/turtle_control_1/package.sh'
[1.202s] INFO:colcon.colcon_core.shell:Creating package script '/home/ahmedmwafy/Test/Mwafy/ros2_my_ws/install/turtle_control_1/share/turtle_control_1/package.bash'
[1.202s] INFO:colcon.colcon_core.shell:Creating package script '/home/ahmedmwafy/Test/Mwafy/ros2_my_ws/install/turtle_control_1/share/turtle_control_1/package.zsh'
[1.202s] Level 1:colcon.colcon_core.environment:create_file_with_runtime_dependencies(/home/ahmedmwafy/Test/Mwafy/ros2_my_ws/install/turtle_control_1/share/colcon-core/packages/turtle_control_1)
[1.202s] DEBUG:colcon.colcon_parallel_executor.executor.parallel:closing loop
[1.203s] DEBUG:colcon.colcon_parallel_executor.executor.parallel:loop closed
[1.203s] DEBUG:colcon.colcon_parallel_executor.executor.parallel:run_until_complete finished with '0'
[1.203s] DEBUG:colcon.colcon_core.event_reactor:joining thread
[1.208s] INFO:colcon.colcon_core.plugin_system:Skipping extension 'colcon_notification.desktop_notification.terminal_notifier': Not used on non-Darwin systems
[1.208s] INFO:colcon.colcon_core.plugin_system:Skipping extension 'colcon_notification.desktop_notification.win32': Not used on non-Windows systems
[1.208s] INFO:colcon.colcon_notification.desktop_notification:Sending desktop notification using 'notify2'
[1.223s] DEBUG:colcon.colcon_core.event_reactor:joined thread
[1.224s] INFO:colcon.colcon_core.shell:Creating prefix script '/home/ahmedmwafy/Test/Mwafy/ros2_my_ws/install/local_setup.ps1'
[1.225s] INFO:colcon.colcon_core.shell:Creating prefix util module '/home/ahmedmwafy/Test/Mwafy/ros2_my_ws/install/_local_setup_util_ps1.py'
[1.227s] INFO:colcon.colcon_core.shell:Creating prefix chain script '/home/ahmedmwafy/Test/Mwafy/ros2_my_ws/install/setup.ps1'
[1.228s] INFO:colcon.colcon_core.shell:Creating prefix script '/home/ahmedmwafy/Test/Mwafy/ros2_my_ws/install/local_setup.sh'
[1.228s] INFO:colcon.colcon_core.shell:Creating prefix util module '/home/ahmedmwafy/Test/Mwafy/ros2_my_ws/install/_local_setup_util_sh.py'
[1.228s] INFO:colcon.colcon_core.shell:Creating prefix chain script '/home/ahmedmwafy/Test/Mwafy/ros2_my_ws/install/setup.sh'
[1.229s] INFO:colcon.colcon_core.shell:Creating prefix script '/home/ahmedmwafy/Test/Mwafy/ros2_my_ws/install/local_setup.bash'
[1.230s] INFO:colcon.colcon_core.shell:Creating prefix chain script '/home/ahmedmwafy/Test/Mwafy/ros2_my_ws/install/setup.bash'
[1.231s] INFO:colcon.colcon_core.shell:Creating prefix script '/home/ahmedmwafy/Test/Mwafy/ros2_my_ws/install/local_setup.zsh'
[1.231s] INFO:colcon.colcon_core.shell:Creating prefix chain script '/home/ahmedmwafy/Test/Mwafy/ros2_my_ws/install/setup.zsh'
