running develop
Removing /home/osama/my_tasks/Test/Osama/1st_task_ws/install/write_my_name/lib/python3.10/site-packages/write-my-name.egg-link (link to .)
running egg_info
writing ../../build/write_my_name/write_my_name.egg-info/PKG-INFO
writing dependency_links to ../../build/write_my_name/write_my_name.egg-info/dependency_links.txt
writing entry points to ../../build/write_my_name/write_my_name.egg-info/entry_points.txt
writing requirements to ../../build/write_my_name/write_my_name.egg-info/requires.txt
writing top-level names to ../../build/write_my_name/write_my_name.egg-info/top_level.txt
reading manifest file '../../build/write_my_name/write_my_name.egg-info/SOURCES.txt'
writing manifest file '../../build/write_my_name/write_my_name.egg-info/SOURCES.txt'
running build
running build_py
creating /home/osama/my_tasks/Test/Osama/1st_task_ws/build/write_my_name/build
creating /home/osama/my_tasks/Test/Osama/1st_task_ws/build/write_my_name/build/lib
creating /home/osama/my_tasks/Test/Osama/1st_task_ws/build/write_my_name/build/lib/write_my_name
copying write_my_name/__init__.py -> /home/osama/my_tasks/Test/Osama/1st_task_ws/build/write_my_name/build/lib/write_my_name
copying write_my_name/osama_pub.py -> /home/osama/my_tasks/Test/Osama/1st_task_ws/build/write_my_name/build/lib/write_my_name
running install
running install_lib
creating /home/osama/my_tasks/Test/Osama/1st_task_ws/install/write_my_name/lib/python3.10/site-packages/write_my_name
copying /home/osama/my_tasks/Test/Osama/1st_task_ws/build/write_my_name/build/lib/write_my_name/__init__.py -> /home/osama/my_tasks/Test/Osama/1st_task_ws/install/write_my_name/lib/python3.10/site-packages/write_my_name
copying /home/osama/my_tasks/Test/Osama/1st_task_ws/build/write_my_name/build/lib/write_my_name/osama_pub.py -> /home/osama/my_tasks/Test/Osama/1st_task_ws/install/write_my_name/lib/python3.10/site-packages/write_my_name
byte-compiling /home/osama/my_tasks/Test/Osama/1st_task_ws/install/write_my_name/lib/python3.10/site-packages/write_my_name/__init__.py to __init__.cpython-310.pyc
byte-compiling /home/osama/my_tasks/Test/Osama/1st_task_ws/install/write_my_name/lib/python3.10/site-packages/write_my_name/osama_pub.py to osama_pub.cpython-310.pyc
running install_data
copying resource/write_my_name -> /home/osama/my_tasks/Test/Osama/1st_task_ws/install/write_my_name/share/ament_index/resource_index/packages
copying package.xml -> /home/osama/my_tasks/Test/Osama/1st_task_ws/install/write_my_name/share/write_my_name
running install_egg_info
Copying ../../build/write_my_name/write_my_name.egg-info to /home/osama/my_tasks/Test/Osama/1st_task_ws/install/write_my_name/lib/python3.10/site-packages/write_my_name-0.0.0-py3.10.egg-info
running install_scripts
Installing name_drawer script to /home/osama/my_tasks/Test/Osama/1st_task_ws/install/write_my_name/lib/write_my_name
writing list of installed files to '/home/osama/my_tasks/Test/Osama/1st_task_ws/build/write_my_name/install.log'
