[0.702s] Invoking command in '/home/zahaby/Test/Elzahaby/ws/src/zahaby_pkg': PYTHONPATH=/home/zahaby/Test/Elzahaby/ws/build/zahaby_pkg/prefix_override:/usr/lib/python3/dist-packages/colcon_core/task/python/colcon_distutils_commands:/home/zahaby/Test/Elzahaby/ws/install/zahaby_pkg/lib/python3.10/site-packages:${PYTHONPATH} /usr/bin/python3 -W ignore:setup.py install is deprecated -W ignore:easy_install command is deprecated setup.py egg_info --egg-base ../../build/zahaby_pkg build --build-base /home/zahaby/Test/Elzahaby/ws/build/zahaby_pkg/build install --record /home/zahaby/Test/Elzahaby/ws/build/zahaby_pkg/install.log --single-version-externally-managed install_data
[0.985s] running egg_info
[0.986s] writing ../../build/zahaby_pkg/zahaby_pkg.egg-info/PKG-INFO
[0.986s] writing dependency_links to ../../build/zahaby_pkg/zahaby_pkg.egg-info/dependency_links.txt
[0.987s] writing entry points to ../../build/zahaby_pkg/zahaby_pkg.egg-info/entry_points.txt
[0.987s] writing requirements to ../../build/zahaby_pkg/zahaby_pkg.egg-info/requires.txt
[0.987s] writing top-level names to ../../build/zahaby_pkg/zahaby_pkg.egg-info/top_level.txt
[0.990s] reading manifest file '../../build/zahaby_pkg/zahaby_pkg.egg-info/SOURCES.txt'
[0.991s] writing manifest file '../../build/zahaby_pkg/zahaby_pkg.egg-info/SOURCES.txt'
[0.991s] running build
[0.991s] running build_py
[0.991s] copying zahaby_pkg/turt_cont.py -> /home/zahaby/Test/Elzahaby/ws/build/zahaby_pkg/build/lib/zahaby_pkg
[0.991s] running install
[0.991s] running install_lib
[0.992s] copying /home/zahaby/Test/Elzahaby/ws/build/zahaby_pkg/build/lib/zahaby_pkg/turt_cont.py -> /home/zahaby/Test/Elzahaby/ws/install/zahaby_pkg/lib/python3.10/site-packages/zahaby_pkg
[0.993s] byte-compiling /home/zahaby/Test/Elzahaby/ws/install/zahaby_pkg/lib/python3.10/site-packages/zahaby_pkg/turt_cont.py to turt_cont.cpython-310.pyc
[0.994s] running install_data
[0.994s] running install_egg_info
[0.996s] removing '/home/zahaby/Test/Elzahaby/ws/install/zahaby_pkg/lib/python3.10/site-packages/zahaby_pkg-0.0.0-py3.10.egg-info' (and everything under it)
[0.996s] Copying ../../build/zahaby_pkg/zahaby_pkg.egg-info to /home/zahaby/Test/Elzahaby/ws/install/zahaby_pkg/lib/python3.10/site-packages/zahaby_pkg-0.0.0-py3.10.egg-info
[0.997s] running install_scripts
[1.019s] Installing turtle_cont script to /home/zahaby/Test/Elzahaby/ws/install/zahaby_pkg/lib/zahaby_pkg
[1.019s] writing list of installed files to '/home/zahaby/Test/Elzahaby/ws/build/zahaby_pkg/install.log'
[1.051s] Invoked command in '/home/zahaby/Test/Elzahaby/ws/src/zahaby_pkg' returned '0': PYTHONPATH=/home/zahaby/Test/Elzahaby/ws/build/zahaby_pkg/prefix_override:/usr/lib/python3/dist-packages/colcon_core/task/python/colcon_distutils_commands:/home/zahaby/Test/Elzahaby/ws/install/zahaby_pkg/lib/python3.10/site-packages:${PYTHONPATH} /usr/bin/python3 -W ignore:setup.py install is deprecated -W ignore:easy_install command is deprecated setup.py egg_info --egg-base ../../build/zahaby_pkg build --build-base /home/zahaby/Test/Elzahaby/ws/build/zahaby_pkg/build install --record /home/zahaby/Test/Elzahaby/ws/build/zahaby_pkg/install.log --single-version-externally-managed install_data
