[0.124s] DEBUG:colcon:Command line arguments: ['/usr/bin/colcon', 'list', '-p', '--base-paths', '/home/ahmedmwafy/Test/Mwafy/ros2_my_ws']
[0.124s] DEBUG:colcon:Parsed command line arguments: Namespace(log_base=None, log_level=None, verb_name='list', build_base='build', ignore_user_meta=False, metas=['./colcon.meta'], base_paths=['/home/ahmedmwafy/Test/Mwafy/ros2_my_ws'], packages_ignore=None, packages_ignore_regex=None, paths=None, packages_up_to=None, packages_up_to_regex=None, packages_above=None, packages_above_and_dependencies=None, packages_above_depth=None, packages_select_by_dep=None, packages_skip_by_dep=None, packages_skip_up_to=None, packages_select_build_failed=False, packages_skip_build_finished=False, packages_select_test_failures=False, packages_skip_test_passed=False, packages_select=None, packages_skip=None, packages_select_regex=None, packages_skip_regex=None, packages_start=None, packages_end=None, allow_overriding=[], topological_order=False, names_only=False, paths_only=True, topological_graph=False, topological_graph_dot=False, topological_graph_density=False, topological_graph_legend=False, topological_graph_dot_cluster=False, topological_graph_dot_include_skipped=False, verb_parser=<colcon_defaults.argument_parser.defaults.DefaultArgumentsDecorator object at 0x74efb7d2fb20>, verb_extension=<colcon_package_information.verb.list.ListVerb object at 0x74efb7d2ec80>, main=<bound method ListVerb.main of <colcon_package_information.verb.list.ListVerb object at 0x74efb7d2ec80>>)
[0.329s] Level 1:colcon.colcon_core.package_discovery:discover_packages(colcon_meta) check parameters
[0.330s] Level 1:colcon.colcon_core.package_discovery:discover_packages(recursive) check parameters
[0.330s] Level 1:colcon.colcon_core.package_discovery:discover_packages(ignore) check parameters
[0.330s] Level 1:colcon.colcon_core.package_discovery:discover_packages(path) check parameters
[0.330s] Level 1:colcon.colcon_core.package_discovery:discover_packages(recursive) discover
[0.330s] INFO:colcon.colcon_core.package_discovery:Crawling recursively for packages in '/home/ahmedmwafy/Test/Mwafy/ros2_my_ws'
[0.330s] Level 1:colcon.colcon_core.package_identification:_identify(/home/ahmedmwafy/Test/Mwafy/ros2_my_ws) by extensions ['ignore', 'ignore_ament_install']
[0.330s] Level 1:colcon.colcon_core.package_identification:_identify(/home/ahmedmwafy/Test/Mwafy/ros2_my_ws) by extension 'ignore'
[0.330s] Level 1:colcon.colcon_core.package_identification:_identify(/home/ahmedmwafy/Test/Mwafy/ros2_my_ws) by extension 'ignore_ament_install'
[0.330s] Level 1:colcon.colcon_core.package_identification:_identify(/home/ahmedmwafy/Test/Mwafy/ros2_my_ws) by extensions ['colcon_pkg']
[0.330s] Level 1:colcon.colcon_core.package_identification:_identify(/home/ahmedmwafy/Test/Mwafy/ros2_my_ws) by extension 'colcon_pkg'
[0.330s] Level 1:colcon.colcon_core.package_identification:_identify(/home/ahmedmwafy/Test/Mwafy/ros2_my_ws) by extensions ['colcon_meta']
[0.330s] Level 1:colcon.colcon_core.package_identification:_identify(/home/ahmedmwafy/Test/Mwafy/ros2_my_ws) by extension 'colcon_meta'
[0.331s] Level 1:colcon.colcon_core.package_identification:_identify(/home/ahmedmwafy/Test/Mwafy/ros2_my_ws) by extensions ['ros']
[0.331s] Level 1:colcon.colcon_core.package_identification:_identify(/home/ahmedmwafy/Test/Mwafy/ros2_my_ws) by extension 'ros'
[0.349s] Level 1:colcon.colcon_core.package_identification:_identify(/home/ahmedmwafy/Test/Mwafy/ros2_my_ws) by extensions ['cmake', 'python']
[0.349s] Level 1:colcon.colcon_core.package_identification:_identify(/home/ahmedmwafy/Test/Mwafy/ros2_my_ws) by extension 'cmake'
[0.349s] Level 1:colcon.colcon_core.package_identification:_identify(/home/ahmedmwafy/Test/Mwafy/ros2_my_ws) by extension 'python'
[0.349s] Level 1:colcon.colcon_core.package_identification:_identify(/home/ahmedmwafy/Test/Mwafy/ros2_my_ws) by extensions ['python_setup_py']
[0.349s] Level 1:colcon.colcon_core.package_identification:_identify(/home/ahmedmwafy/Test/Mwafy/ros2_my_ws) by extension 'python_setup_py'
[0.349s] Level 1:colcon.colcon_core.package_identification:_identify(/home/ahmedmwafy/Test/Mwafy/ros2_my_ws/build) by extensions ['ignore', 'ignore_ament_install']
[0.349s] Level 1:colcon.colcon_core.package_identification:_identify(/home/ahmedmwafy/Test/Mwafy/ros2_my_ws/build) by extension 'ignore'
[0.350s] Level 1:colcon.colcon_core.package_identification:_identify(/home/ahmedmwafy/Test/Mwafy/ros2_my_ws/build) ignored
[0.350s] Level 1:colcon.colcon_core.package_identification:_identify(/home/ahmedmwafy/Test/Mwafy/ros2_my_ws/install) by extensions ['ignore', 'ignore_ament_install']
[0.350s] Level 1:colcon.colcon_core.package_identification:_identify(/home/ahmedmwafy/Test/Mwafy/ros2_my_ws/install) by extension 'ignore'
[0.350s] Level 1:colcon.colcon_core.package_identification:_identify(/home/ahmedmwafy/Test/Mwafy/ros2_my_ws/install) ignored
[0.350s] Level 1:colcon.colcon_core.package_identification:_identify(/home/ahmedmwafy/Test/Mwafy/ros2_my_ws/log) by extensions ['ignore', 'ignore_ament_install']
[0.351s] Level 1:colcon.colcon_core.package_identification:_identify(/home/ahmedmwafy/Test/Mwafy/ros2_my_ws/log) by extension 'ignore'
[0.351s] Level 1:colcon.colcon_core.package_identification:_identify(/home/ahmedmwafy/Test/Mwafy/ros2_my_ws/log) ignored
[0.351s] Level 1:colcon.colcon_core.package_identification:_identify(/home/ahmedmwafy/Test/Mwafy/ros2_my_ws/src) by extensions ['ignore', 'ignore_ament_install']
[0.351s] Level 1:colcon.colcon_core.package_identification:_identify(/home/ahmedmwafy/Test/Mwafy/ros2_my_ws/src) by extension 'ignore'
[0.351s] Level 1:colcon.colcon_core.package_identification:_identify(/home/ahmedmwafy/Test/Mwafy/ros2_my_ws/src) by extension 'ignore_ament_install'
[0.351s] Level 1:colcon.colcon_core.package_identification:_identify(/home/ahmedmwafy/Test/Mwafy/ros2_my_ws/src) by extensions ['colcon_pkg']
[0.351s] Level 1:colcon.colcon_core.package_identification:_identify(/home/ahmedmwafy/Test/Mwafy/ros2_my_ws/src) by extension 'colcon_pkg'
[0.351s] Level 1:colcon.colcon_core.package_identification:_identify(/home/ahmedmwafy/Test/Mwafy/ros2_my_ws/src) by extensions ['colcon_meta']
[0.351s] Level 1:colcon.colcon_core.package_identification:_identify(/home/ahmedmwafy/Test/Mwafy/ros2_my_ws/src) by extension 'colcon_meta'
[0.352s] Level 1:colcon.colcon_core.package_identification:_identify(/home/ahmedmwafy/Test/Mwafy/ros2_my_ws/src) by extensions ['ros']
[0.352s] Level 1:colcon.colcon_core.package_identification:_identify(/home/ahmedmwafy/Test/Mwafy/ros2_my_ws/src) by extension 'ros'
[0.352s] Level 1:colcon.colcon_core.package_identification:_identify(/home/ahmedmwafy/Test/Mwafy/ros2_my_ws/src) by extensions ['cmake', 'python']
[0.352s] Level 1:colcon.colcon_core.package_identification:_identify(/home/ahmedmwafy/Test/Mwafy/ros2_my_ws/src) by extension 'cmake'
[0.352s] Level 1:colcon.colcon_core.package_identification:_identify(/home/ahmedmwafy/Test/Mwafy/ros2_my_ws/src) by extension 'python'
[0.352s] Level 1:colcon.colcon_core.package_identification:_identify(/home/ahmedmwafy/Test/Mwafy/ros2_my_ws/src) by extensions ['python_setup_py']
[0.352s] Level 1:colcon.colcon_core.package_identification:_identify(/home/ahmedmwafy/Test/Mwafy/ros2_my_ws/src) by extension 'python_setup_py'
[0.352s] Level 1:colcon.colcon_core.package_identification:_identify(/home/ahmedmwafy/Test/Mwafy/ros2_my_ws/src/turtle_control_1) by extensions ['ignore', 'ignore_ament_install']
[0.352s] Level 1:colcon.colcon_core.package_identification:_identify(/home/ahmedmwafy/Test/Mwafy/ros2_my_ws/src/turtle_control_1) by extension 'ignore'
[0.352s] Level 1:colcon.colcon_core.package_identification:_identify(/home/ahmedmwafy/Test/Mwafy/ros2_my_ws/src/turtle_control_1) by extension 'ignore_ament_install'
[0.352s] Level 1:colcon.colcon_core.package_identification:_identify(/home/ahmedmwafy/Test/Mwafy/ros2_my_ws/src/turtle_control_1) by extensions ['colcon_pkg']
[0.352s] Level 1:colcon.colcon_core.package_identification:_identify(/home/ahmedmwafy/Test/Mwafy/ros2_my_ws/src/turtle_control_1) by extension 'colcon_pkg'
[0.352s] Level 1:colcon.colcon_core.package_identification:_identify(/home/ahmedmwafy/Test/Mwafy/ros2_my_ws/src/turtle_control_1) by extensions ['colcon_meta']
[0.352s] Level 1:colcon.colcon_core.package_identification:_identify(/home/ahmedmwafy/Test/Mwafy/ros2_my_ws/src/turtle_control_1) by extension 'colcon_meta'
[0.353s] Level 1:colcon.colcon_core.package_identification:_identify(/home/ahmedmwafy/Test/Mwafy/ros2_my_ws/src/turtle_control_1) by extensions ['ros']
[0.353s] Level 1:colcon.colcon_core.package_identification:_identify(/home/ahmedmwafy/Test/Mwafy/ros2_my_ws/src/turtle_control_1) by extension 'ros'
[0.356s] DEBUG:colcon.colcon_core.package_identification:Package '/home/ahmedmwafy/Test/Mwafy/ros2_my_ws/src/turtle_control_1' with type 'ros.ament_python' and name 'turtle_control_1'
[0.356s] Level 1:colcon.colcon_core.package_discovery:discover_packages(recursive) using defaults
