[0.010s] Invoking command in '/home/ahmedmwafy/Test/Mwafy/ros2_my_ws/build/letters_drawing_2': CMAKE_PREFIX_PATH=/opt/ros/humble /usr/bin/cmake /home/ahmedmwafy/Test/Mwafy/ros2_my_ws/src/letters_drawing_2 -DCMAKE_INSTALL_PREFIX=/home/ahmedmwafy/Test/Mwafy/ros2_my_ws/install/letters_drawing_2
[0.071s] -- The C compiler identification is GNU 11.4.0
[0.154s] -- The CXX compiler identification is GNU 11.4.0
[0.162s] -- Detecting C compiler ABI info
[0.224s] -- Detecting C compiler ABI info - done
[0.232s] -- Check for working C compiler: /usr/bin/cc - skipped
[0.233s] -- Detecting C compile features
[0.233s] -- Detecting C compile features - done
[0.236s] -- Detecting CXX compiler ABI info
[0.323s] -- Detecting CXX compiler ABI info - done
[0.335s] -- Check for working CXX compiler: /usr/bin/c++ - skipped
[0.335s] -- Detecting CXX compile features
[0.336s] -- Detecting CXX compile features - done
[0.339s] -- Found ament_cmake: 1.3.11 (/opt/ros/humble/share/ament_cmake/cmake)
[0.500s] -- Found Python3: /usr/bin/python3 (found version "3.10.12") found components: Interpreter 
[0.570s] -- Found rosidl_default_generators: 1.2.0 (/opt/ros/humble/share/rosidl_default_generators/cmake)
[0.572s] -- Using all available rosidl_typesupport_c: rosidl_typesupport_fastrtps_c;rosidl_typesupport_introspection_c
[0.576s] -- Found rosidl_adapter: 3.1.6 (/opt/ros/humble/share/rosidl_adapter/cmake)
[0.613s] -- Using all available rosidl_typesupport_cpp: rosidl_typesupport_fastrtps_cpp;rosidl_typesupport_introspection_cpp
[0.661s] -- Found std_msgs: 4.2.4 (/opt/ros/humble/share/std_msgs/cmake)
[0.696s] -- Found geometry_msgs: 4.2.4 (/opt/ros/humble/share/geometry_msgs/cmake)
[0.958s] -- Found ament_cmake_ros: 0.10.0 (/opt/ros/humble/share/ament_cmake_ros/cmake)
[1.333s] -- Using all available rosidl_typesupport_c: rosidl_typesupport_fastrtps_c;rosidl_typesupport_introspection_c
[1.830s] -- Using all available rosidl_typesupport_cpp: rosidl_typesupport_fastrtps_cpp;rosidl_typesupport_introspection_cpp
[1.866s] -- Found PythonInterp: /usr/bin/python3 (found suitable version "3.10.12", minimum required is "3.6") 
[1.868s] -- Found python_cmake_module: 0.10.0 (/opt/ros/humble/share/python_cmake_module/cmake)
[1.908s] -- Found PythonLibs: /usr/lib/x86_64-linux-gnu/libpython3.10.so (found suitable version "3.10.12", minimum required is "3.5") 
[1.908s] -- Using PYTHON_EXECUTABLE: /usr/bin/python3
[1.909s] -- Using PYTHON_INCLUDE_DIRS: /usr/include/python3.10
[1.909s] -- Using PYTHON_LIBRARIES: /usr/lib/x86_64-linux-gnu/libpython3.10.so
[1.942s] -- Found PythonExtra: .so  
[2.045s] -- Configuring done
[2.095s] -- Generating done
[2.113s] -- Build files have been written to: /home/ahmedmwafy/Test/Mwafy/ros2_my_ws/build/letters_drawing_2
[2.123s] Invoked command in '/home/ahmedmwafy/Test/Mwafy/ros2_my_ws/build/letters_drawing_2' returned '0': CMAKE_PREFIX_PATH=/opt/ros/humble /usr/bin/cmake /home/ahmedmwafy/Test/Mwafy/ros2_my_ws/src/letters_drawing_2 -DCMAKE_INSTALL_PREFIX=/home/ahmedmwafy/Test/Mwafy/ros2_my_ws/install/letters_drawing_2
[2.126s] Invoking command in '/home/ahmedmwafy/Test/Mwafy/ros2_my_ws/build/letters_drawing_2': CMAKE_PREFIX_PATH=/opt/ros/humble /usr/bin/cmake --build /home/ahmedmwafy/Test/Mwafy/ros2_my_ws/build/letters_drawing_2 -- -j16 -l16
[2.185s] [  3%] [34m[1mGenerating C code for ROS interfaces[0m
[2.199s] [  6%] [34m[1mGenerating C++ code for ROS interfaces[0m
[2.210s] [  6%] Built target ament_cmake_python_copy_letters_drawing_2
[2.471s] running egg_info
[2.472s] creating letters_drawing_2.egg-info
[2.472s] writing letters_drawing_2.egg-info/PKG-INFO
[2.473s] writing dependency_links to letters_drawing_2.egg-info/dependency_links.txt
[2.473s] writing top-level names to letters_drawing_2.egg-info/top_level.txt
[2.473s] writing manifest file 'letters_drawing_2.egg-info/SOURCES.txt'
[2.475s] reading manifest file 'letters_drawing_2.egg-info/SOURCES.txt'
[2.475s] writing manifest file 'letters_drawing_2.egg-info/SOURCES.txt'
[2.495s] [  6%] Built target letters_drawing_2__cpp
[2.500s] [  6%] Built target ament_cmake_python_build_letters_drawing_2_egg
[2.505s] [  9%] [34m[1mGenerating C++ type support dispatch for ROS interfaces[0m
[2.505s] [ 12%] [34m[1mGenerating C++ type support for eProsima Fast-RTPS[0m
[2.505s] [ 16%] [34m[1mGenerating C++ introspection for ROS interfaces[0m
[2.506s] [ 19%] [32mBuilding C object CMakeFiles/letters_drawing_2__rosidl_generator_c.dir/rosidl_generator_c/letters_drawing_2/msg/detail/turtle_info__functions.c.o[0m
[2.572s] [ 22%] [32m[1mLinking C shared library libletters_drawing_2__rosidl_generator_c.so[0m
[2.612s] [ 22%] Built target letters_drawing_2__rosidl_generator_c
[2.622s] [ 25%] [34m[1mGenerating C type support for eProsima Fast-RTPS[0m
[2.622s] [ 29%] [34m[1mGenerating C introspection for ROS interfaces[0m
[2.622s] [ 32%] [34m[1mGenerating C type support dispatch for ROS interfaces[0m
[2.752s] [ 35%] [32mBuilding CXX object CMakeFiles/letters_drawing_2__rosidl_typesupport_cpp.dir/rosidl_typesupport_cpp/letters_drawing_2/msg/turtle_info__type_support.cpp.o[0m
[2.769s] [ 38%] [32mBuilding CXX object CMakeFiles/letters_drawing_2__rosidl_typesupport_introspection_cpp.dir/rosidl_typesupport_introspection_cpp/letters_drawing_2/msg/detail/turtle_info__type_support.cpp.o[0m
[2.783s] [ 41%] [32mBuilding CXX object CMakeFiles/letters_drawing_2__rosidl_typesupport_fastrtps_cpp.dir/rosidl_typesupport_fastrtps_cpp/letters_drawing_2/msg/detail/dds_fastrtps/turtle_info__type_support.cpp.o[0m
[2.876s] [ 45%] [32mBuilding CXX object CMakeFiles/letters_drawing_2__rosidl_typesupport_c.dir/rosidl_typesupport_c/letters_drawing_2/msg/turtle_info__type_support.cpp.o[0m
[2.901s] [ 48%] [32mBuilding CXX object CMakeFiles/letters_drawing_2__rosidl_typesupport_fastrtps_c.dir/rosidl_typesupport_fastrtps_c/letters_drawing_2/msg/detail/turtle_info__type_support_c.cpp.o[0m
[2.905s] [ 51%] [32mBuilding C object CMakeFiles/letters_drawing_2__rosidl_typesupport_introspection_c.dir/rosidl_typesupport_introspection_c/letters_drawing_2/msg/detail/turtle_info__type_support.c.o[0m
[2.911s] [ 54%] [32m[1mLinking CXX shared library libletters_drawing_2__rosidl_typesupport_c.so[0m
[2.946s] [ 58%] [32m[1mLinking C shared library libletters_drawing_2__rosidl_typesupport_introspection_c.so[0m
[2.958s] [ 58%] Built target letters_drawing_2__rosidl_typesupport_c
[2.983s] [ 58%] Built target letters_drawing_2__rosidl_typesupport_introspection_c
[3.055s] [ 61%] [32m[1mLinking CXX shared library libletters_drawing_2__rosidl_typesupport_cpp.so[0m
[3.098s] [ 61%] Built target letters_drawing_2__rosidl_typesupport_cpp
[3.173s] [ 64%] [32m[1mLinking CXX shared library libletters_drawing_2__rosidl_typesupport_introspection_cpp.so[0m
[3.186s] [ 67%] [32m[1mLinking CXX shared library libletters_drawing_2__rosidl_typesupport_fastrtps_cpp.so[0m
[3.223s] [ 70%] [32m[1mLinking CXX shared library libletters_drawing_2__rosidl_typesupport_fastrtps_c.so[0m
[3.234s] [ 70%] Built target letters_drawing_2__rosidl_typesupport_introspection_cpp
[3.267s] [ 70%] Built target letters_drawing_2__rosidl_typesupport_fastrtps_cpp
[3.329s] [ 70%] Built target letters_drawing_2__rosidl_typesupport_fastrtps_c
[3.359s] [ 70%] Built target letters_drawing_2
[3.387s] [ 74%] [34m[1mGenerating Python code for ROS interfaces[0m
[3.680s] [ 74%] Built target letters_drawing_2__py
[3.696s] [ 77%] [32mBuilding C object CMakeFiles/letters_drawing_2__rosidl_generator_py.dir/rosidl_generator_py/letters_drawing_2/msg/_turtle_info_s.c.o[0m
[3.866s] [ 80%] [32m[1mLinking C shared library rosidl_generator_py/letters_drawing_2/libletters_drawing_2__rosidl_generator_py.so[0m
[3.934s] [ 80%] Built target letters_drawing_2__rosidl_generator_py
[3.963s] [ 83%] [32mBuilding C object CMakeFiles/letters_drawing_2__rosidl_typesupport_fastrtps_c__pyext.dir/rosidl_generator_py/letters_drawing_2/_letters_drawing_2_s.ep.rosidl_typesupport_fastrtps_c.c.o[0m
[3.963s] [ 87%] [32mBuilding C object CMakeFiles/letters_drawing_2__rosidl_typesupport_introspection_c__pyext.dir/rosidl_generator_py/letters_drawing_2/_letters_drawing_2_s.ep.rosidl_typesupport_introspection_c.c.o[0m
[3.963s] [ 90%] [32mBuilding C object CMakeFiles/letters_drawing_2__rosidl_typesupport_c__pyext.dir/rosidl_generator_py/letters_drawing_2/_letters_drawing_2_s.ep.rosidl_typesupport_c.c.o[0m
[4.109s] [ 93%] [32m[1mLinking C shared library rosidl_generator_py/letters_drawing_2/letters_drawing_2_s__rosidl_typesupport_introspection_c.cpython-310-x86_64-linux-gnu.so[0m
[4.109s] [100%] [32m[1mLinking C shared library rosidl_generator_py/letters_drawing_2/letters_drawing_2_s__rosidl_typesupport_fastrtps_c.cpython-310-x86_64-linux-gnu.so[0m
[4.109s] [100%] [32m[1mLinking C shared library rosidl_generator_py/letters_drawing_2/letters_drawing_2_s__rosidl_typesupport_c.cpython-310-x86_64-linux-gnu.so[0m
[4.161s] [100%] Built target letters_drawing_2__rosidl_typesupport_introspection_c__pyext
[4.162s] [100%] Built target letters_drawing_2__rosidl_typesupport_fastrtps_c__pyext
[4.162s] [100%] Built target letters_drawing_2__rosidl_typesupport_c__pyext
[4.178s] Invoked command in '/home/ahmedmwafy/Test/Mwafy/ros2_my_ws/build/letters_drawing_2' returned '0': CMAKE_PREFIX_PATH=/opt/ros/humble /usr/bin/cmake --build /home/ahmedmwafy/Test/Mwafy/ros2_my_ws/build/letters_drawing_2 -- -j16 -l16
[4.192s] Invoking command in '/home/ahmedmwafy/Test/Mwafy/ros2_my_ws/build/letters_drawing_2': CMAKE_PREFIX_PATH=/opt/ros/humble /usr/bin/cmake --install /home/ahmedmwafy/Test/Mwafy/ros2_my_ws/build/letters_drawing_2
[4.202s] -- Install configuration: ""
[4.202s] -- Installing: /home/ahmedmwafy/Test/Mwafy/ros2_my_ws/install/letters_drawing_2/share/ament_index/resource_index/rosidl_interfaces/letters_drawing_2
[4.203s] -- Installing: /home/ahmedmwafy/Test/Mwafy/ros2_my_ws/install/letters_drawing_2/include/letters_drawing_2/letters_drawing_2
[4.203s] -- Installing: /home/ahmedmwafy/Test/Mwafy/ros2_my_ws/install/letters_drawing_2/include/letters_drawing_2/letters_drawing_2/msg
[4.203s] -- Installing: /home/ahmedmwafy/Test/Mwafy/ros2_my_ws/install/letters_drawing_2/include/letters_drawing_2/letters_drawing_2/msg/detail
[4.203s] -- Installing: /home/ahmedmwafy/Test/Mwafy/ros2_my_ws/install/letters_drawing_2/include/letters_drawing_2/letters_drawing_2/msg/detail/turtle_info__type_support.h
[4.203s] -- Installing: /home/ahmedmwafy/Test/Mwafy/ros2_my_ws/install/letters_drawing_2/include/letters_drawing_2/letters_drawing_2/msg/detail/turtle_info__functions.c
[4.203s] -- Installing: /home/ahmedmwafy/Test/Mwafy/ros2_my_ws/install/letters_drawing_2/include/letters_drawing_2/letters_drawing_2/msg/detail/turtle_info__struct.h
[4.203s] -- Installing: /home/ahmedmwafy/Test/Mwafy/ros2_my_ws/install/letters_drawing_2/include/letters_drawing_2/letters_drawing_2/msg/detail/turtle_info__functions.h
[4.204s] -- Installing: /home/ahmedmwafy/Test/Mwafy/ros2_my_ws/install/letters_drawing_2/include/letters_drawing_2/letters_drawing_2/msg/turtle_info.h
[4.204s] -- Installing: /home/ahmedmwafy/Test/Mwafy/ros2_my_ws/install/letters_drawing_2/include/letters_drawing_2/letters_drawing_2/msg/rosidl_generator_c__visibility_control.h
[4.204s] -- Installing: /home/ahmedmwafy/Test/Mwafy/ros2_my_ws/install/letters_drawing_2/share/letters_drawing_2/environment/library_path.sh
[4.204s] -- Installing: /home/ahmedmwafy/Test/Mwafy/ros2_my_ws/install/letters_drawing_2/share/letters_drawing_2/environment/library_path.dsv
[4.205s] -- Installing: /home/ahmedmwafy/Test/Mwafy/ros2_my_ws/install/letters_drawing_2/lib/libletters_drawing_2__rosidl_generator_c.so
[4.205s] -- Set runtime path of "/home/ahmedmwafy/Test/Mwafy/ros2_my_ws/install/letters_drawing_2/lib/libletters_drawing_2__rosidl_generator_c.so" to ""
[4.205s] -- Up-to-date: /home/ahmedmwafy/Test/Mwafy/ros2_my_ws/install/letters_drawing_2/include/letters_drawing_2/letters_drawing_2
[4.205s] -- Up-to-date: /home/ahmedmwafy/Test/Mwafy/ros2_my_ws/install/letters_drawing_2/include/letters_drawing_2/letters_drawing_2/msg
[4.205s] -- Up-to-date: /home/ahmedmwafy/Test/Mwafy/ros2_my_ws/install/letters_drawing_2/include/letters_drawing_2/letters_drawing_2/msg/detail
[4.206s] -- Installing: /home/ahmedmwafy/Test/Mwafy/ros2_my_ws/install/letters_drawing_2/include/letters_drawing_2/letters_drawing_2/msg/detail/turtle_info__rosidl_typesupport_fastrtps_c.h
[4.206s] -- Installing: /home/ahmedmwafy/Test/Mwafy/ros2_my_ws/install/letters_drawing_2/include/letters_drawing_2/letters_drawing_2/msg/rosidl_typesupport_fastrtps_c__visibility_control.h
[4.206s] -- Installing: /home/ahmedmwafy/Test/Mwafy/ros2_my_ws/install/letters_drawing_2/lib/libletters_drawing_2__rosidl_typesupport_fastrtps_c.so
[4.206s] -- Set runtime path of "/home/ahmedmwafy/Test/Mwafy/ros2_my_ws/install/letters_drawing_2/lib/libletters_drawing_2__rosidl_typesupport_fastrtps_c.so" to ""
[4.206s] -- Up-to-date: /home/ahmedmwafy/Test/Mwafy/ros2_my_ws/install/letters_drawing_2/include/letters_drawing_2/letters_drawing_2
[4.206s] -- Up-to-date: /home/ahmedmwafy/Test/Mwafy/ros2_my_ws/install/letters_drawing_2/include/letters_drawing_2/letters_drawing_2/msg
[4.207s] -- Up-to-date: /home/ahmedmwafy/Test/Mwafy/ros2_my_ws/install/letters_drawing_2/include/letters_drawing_2/letters_drawing_2/msg/detail
[4.207s] -- Installing: /home/ahmedmwafy/Test/Mwafy/ros2_my_ws/install/letters_drawing_2/include/letters_drawing_2/letters_drawing_2/msg/detail/turtle_info__rosidl_typesupport_introspection_c.h
[4.207s] -- Installing: /home/ahmedmwafy/Test/Mwafy/ros2_my_ws/install/letters_drawing_2/include/letters_drawing_2/letters_drawing_2/msg/detail/turtle_info__type_support.c
[4.207s] -- Installing: /home/ahmedmwafy/Test/Mwafy/ros2_my_ws/install/letters_drawing_2/include/letters_drawing_2/letters_drawing_2/msg/rosidl_typesupport_introspection_c__visibility_control.h
[4.207s] -- Installing: /home/ahmedmwafy/Test/Mwafy/ros2_my_ws/install/letters_drawing_2/lib/libletters_drawing_2__rosidl_typesupport_introspection_c.so
[4.208s] -- Set runtime path of "/home/ahmedmwafy/Test/Mwafy/ros2_my_ws/install/letters_drawing_2/lib/libletters_drawing_2__rosidl_typesupport_introspection_c.so" to ""
[4.208s] -- Installing: /home/ahmedmwafy/Test/Mwafy/ros2_my_ws/install/letters_drawing_2/lib/libletters_drawing_2__rosidl_typesupport_c.so
[4.208s] -- Set runtime path of "/home/ahmedmwafy/Test/Mwafy/ros2_my_ws/install/letters_drawing_2/lib/libletters_drawing_2__rosidl_typesupport_c.so" to ""
[4.208s] -- Up-to-date: /home/ahmedmwafy/Test/Mwafy/ros2_my_ws/install/letters_drawing_2/include/letters_drawing_2/letters_drawing_2
[4.208s] -- Up-to-date: /home/ahmedmwafy/Test/Mwafy/ros2_my_ws/install/letters_drawing_2/include/letters_drawing_2/letters_drawing_2/msg
[4.208s] -- Up-to-date: /home/ahmedmwafy/Test/Mwafy/ros2_my_ws/install/letters_drawing_2/include/letters_drawing_2/letters_drawing_2/msg/detail
[4.208s] -- Installing: /home/ahmedmwafy/Test/Mwafy/ros2_my_ws/install/letters_drawing_2/include/letters_drawing_2/letters_drawing_2/msg/detail/turtle_info__traits.hpp
[4.208s] -- Installing: /home/ahmedmwafy/Test/Mwafy/ros2_my_ws/install/letters_drawing_2/include/letters_drawing_2/letters_drawing_2/msg/detail/turtle_info__type_support.hpp
[4.209s] -- Installing: /home/ahmedmwafy/Test/Mwafy/ros2_my_ws/install/letters_drawing_2/include/letters_drawing_2/letters_drawing_2/msg/detail/turtle_info__builder.hpp
[4.209s] -- Installing: /home/ahmedmwafy/Test/Mwafy/ros2_my_ws/install/letters_drawing_2/include/letters_drawing_2/letters_drawing_2/msg/detail/turtle_info__struct.hpp
[4.209s] -- Installing: /home/ahmedmwafy/Test/Mwafy/ros2_my_ws/install/letters_drawing_2/include/letters_drawing_2/letters_drawing_2/msg/rosidl_generator_cpp__visibility_control.hpp
[4.209s] -- Installing: /home/ahmedmwafy/Test/Mwafy/ros2_my_ws/install/letters_drawing_2/include/letters_drawing_2/letters_drawing_2/msg/turtle_info.hpp
[4.209s] -- Up-to-date: /home/ahmedmwafy/Test/Mwafy/ros2_my_ws/install/letters_drawing_2/include/letters_drawing_2/letters_drawing_2
[4.209s] -- Up-to-date: /home/ahmedmwafy/Test/Mwafy/ros2_my_ws/install/letters_drawing_2/include/letters_drawing_2/letters_drawing_2/msg
[4.209s] -- Up-to-date: /home/ahmedmwafy/Test/Mwafy/ros2_my_ws/install/letters_drawing_2/include/letters_drawing_2/letters_drawing_2/msg/detail
[4.209s] -- Installing: /home/ahmedmwafy/Test/Mwafy/ros2_my_ws/install/letters_drawing_2/include/letters_drawing_2/letters_drawing_2/msg/detail/dds_fastrtps
[4.209s] -- Installing: /home/ahmedmwafy/Test/Mwafy/ros2_my_ws/install/letters_drawing_2/include/letters_drawing_2/letters_drawing_2/msg/detail/turtle_info__rosidl_typesupport_fastrtps_cpp.hpp
[4.209s] -- Installing: /home/ahmedmwafy/Test/Mwafy/ros2_my_ws/install/letters_drawing_2/include/letters_drawing_2/letters_drawing_2/msg/rosidl_typesupport_fastrtps_cpp__visibility_control.h
[4.209s] -- Installing: /home/ahmedmwafy/Test/Mwafy/ros2_my_ws/install/letters_drawing_2/lib/libletters_drawing_2__rosidl_typesupport_fastrtps_cpp.so
[4.209s] -- Set runtime path of "/home/ahmedmwafy/Test/Mwafy/ros2_my_ws/install/letters_drawing_2/lib/libletters_drawing_2__rosidl_typesupport_fastrtps_cpp.so" to ""
[4.209s] -- Up-to-date: /home/ahmedmwafy/Test/Mwafy/ros2_my_ws/install/letters_drawing_2/include/letters_drawing_2/letters_drawing_2
[4.210s] -- Up-to-date: /home/ahmedmwafy/Test/Mwafy/ros2_my_ws/install/letters_drawing_2/include/letters_drawing_2/letters_drawing_2/msg
[4.210s] -- Up-to-date: /home/ahmedmwafy/Test/Mwafy/ros2_my_ws/install/letters_drawing_2/include/letters_drawing_2/letters_drawing_2/msg/detail
[4.210s] -- Installing: /home/ahmedmwafy/Test/Mwafy/ros2_my_ws/install/letters_drawing_2/include/letters_drawing_2/letters_drawing_2/msg/detail/turtle_info__rosidl_typesupport_introspection_cpp.hpp
[4.211s] -- Installing: /home/ahmedmwafy/Test/Mwafy/ros2_my_ws/install/letters_drawing_2/include/letters_drawing_2/letters_drawing_2/msg/detail/turtle_info__type_support.cpp
[4.211s] -- Installing: /home/ahmedmwafy/Test/Mwafy/ros2_my_ws/install/letters_drawing_2/lib/libletters_drawing_2__rosidl_typesupport_introspection_cpp.so
[4.211s] -- Set runtime path of "/home/ahmedmwafy/Test/Mwafy/ros2_my_ws/install/letters_drawing_2/lib/libletters_drawing_2__rosidl_typesupport_introspection_cpp.so" to ""
[4.211s] -- Installing: /home/ahmedmwafy/Test/Mwafy/ros2_my_ws/install/letters_drawing_2/lib/libletters_drawing_2__rosidl_typesupport_cpp.so
[4.211s] -- Set runtime path of "/home/ahmedmwafy/Test/Mwafy/ros2_my_ws/install/letters_drawing_2/lib/libletters_drawing_2__rosidl_typesupport_cpp.so" to ""
[4.211s] -- Installing: /home/ahmedmwafy/Test/Mwafy/ros2_my_ws/install/letters_drawing_2/share/letters_drawing_2/environment/pythonpath.sh
[4.211s] -- Installing: /home/ahmedmwafy/Test/Mwafy/ros2_my_ws/install/letters_drawing_2/share/letters_drawing_2/environment/pythonpath.dsv
[4.211s] -- Installing: /home/ahmedmwafy/Test/Mwafy/ros2_my_ws/install/letters_drawing_2/local/lib/python3.10/dist-packages/letters_drawing_2-0.0.0-py3.10.egg-info
[4.211s] -- Installing: /home/ahmedmwafy/Test/Mwafy/ros2_my_ws/install/letters_drawing_2/local/lib/python3.10/dist-packages/letters_drawing_2-0.0.0-py3.10.egg-info/PKG-INFO
[4.211s] -- Installing: /home/ahmedmwafy/Test/Mwafy/ros2_my_ws/install/letters_drawing_2/local/lib/python3.10/dist-packages/letters_drawing_2-0.0.0-py3.10.egg-info/SOURCES.txt
[4.211s] -- Installing: /home/ahmedmwafy/Test/Mwafy/ros2_my_ws/install/letters_drawing_2/local/lib/python3.10/dist-packages/letters_drawing_2-0.0.0-py3.10.egg-info/top_level.txt
[4.212s] -- Installing: /home/ahmedmwafy/Test/Mwafy/ros2_my_ws/install/letters_drawing_2/local/lib/python3.10/dist-packages/letters_drawing_2-0.0.0-py3.10.egg-info/dependency_links.txt
[4.212s] -- Installing: /home/ahmedmwafy/Test/Mwafy/ros2_my_ws/install/letters_drawing_2/local/lib/python3.10/dist-packages/letters_drawing_2
[4.212s] -- Installing: /home/ahmedmwafy/Test/Mwafy/ros2_my_ws/install/letters_drawing_2/local/lib/python3.10/dist-packages/letters_drawing_2/_letters_drawing_2_s.ep.rosidl_typesupport_introspection_c.c
[4.212s] -- Installing: /home/ahmedmwafy/Test/Mwafy/ros2_my_ws/install/letters_drawing_2/local/lib/python3.10/dist-packages/letters_drawing_2/letters_drawing_2_s__rosidl_typesupport_introspection_c.cpython-310-x86_64-linux-gnu.so
[4.212s] -- Installing: /home/ahmedmwafy/Test/Mwafy/ros2_my_ws/install/letters_drawing_2/local/lib/python3.10/dist-packages/letters_drawing_2/_letters_drawing_2_s.ep.rosidl_typesupport_fastrtps_c.c
[4.212s] -- Installing: /home/ahmedmwafy/Test/Mwafy/ros2_my_ws/install/letters_drawing_2/local/lib/python3.10/dist-packages/letters_drawing_2/letters_drawing_2_s__rosidl_typesupport_fastrtps_c.cpython-310-x86_64-linux-gnu.so
[4.212s] -- Installing: /home/ahmedmwafy/Test/Mwafy/ros2_my_ws/install/letters_drawing_2/local/lib/python3.10/dist-packages/letters_drawing_2/_letters_drawing_2_s.ep.rosidl_typesupport_c.c
[4.212s] -- Installing: /home/ahmedmwafy/Test/Mwafy/ros2_my_ws/install/letters_drawing_2/local/lib/python3.10/dist-packages/letters_drawing_2/libletters_drawing_2__rosidl_generator_py.so
[4.212s] -- Installing: /home/ahmedmwafy/Test/Mwafy/ros2_my_ws/install/letters_drawing_2/local/lib/python3.10/dist-packages/letters_drawing_2/msg
[4.212s] -- Installing: /home/ahmedmwafy/Test/Mwafy/ros2_my_ws/install/letters_drawing_2/local/lib/python3.10/dist-packages/letters_drawing_2/msg/_turtle_info.py
[4.212s] -- Installing: /home/ahmedmwafy/Test/Mwafy/ros2_my_ws/install/letters_drawing_2/local/lib/python3.10/dist-packages/letters_drawing_2/msg/__init__.py
[4.212s] -- Installing: /home/ahmedmwafy/Test/Mwafy/ros2_my_ws/install/letters_drawing_2/local/lib/python3.10/dist-packages/letters_drawing_2/msg/_turtle_info_s.c
[4.212s] -- Installing: /home/ahmedmwafy/Test/Mwafy/ros2_my_ws/install/letters_drawing_2/local/lib/python3.10/dist-packages/letters_drawing_2/__init__.py
[4.212s] -- Installing: /home/ahmedmwafy/Test/Mwafy/ros2_my_ws/install/letters_drawing_2/local/lib/python3.10/dist-packages/letters_drawing_2/letters_drawing_2_s__rosidl_typesupport_c.cpython-310-x86_64-linux-gnu.so
[4.246s] Listing '/home/ahmedmwafy/Test/Mwafy/ros2_my_ws/install/letters_drawing_2/local/lib/python3.10/dist-packages/letters_drawing_2'...
[4.246s] Compiling '/home/ahmedmwafy/Test/Mwafy/ros2_my_ws/install/letters_drawing_2/local/lib/python3.10/dist-packages/letters_drawing_2/__init__.py'...
[4.247s] Listing '/home/ahmedmwafy/Test/Mwafy/ros2_my_ws/install/letters_drawing_2/local/lib/python3.10/dist-packages/letters_drawing_2/msg'...
[4.247s] Compiling '/home/ahmedmwafy/Test/Mwafy/ros2_my_ws/install/letters_drawing_2/local/lib/python3.10/dist-packages/letters_drawing_2/msg/__init__.py'...
[4.247s] Compiling '/home/ahmedmwafy/Test/Mwafy/ros2_my_ws/install/letters_drawing_2/local/lib/python3.10/dist-packages/letters_drawing_2/msg/_turtle_info.py'...
[4.254s] -- Installing: /home/ahmedmwafy/Test/Mwafy/ros2_my_ws/install/letters_drawing_2/local/lib/python3.10/dist-packages/letters_drawing_2/letters_drawing_2_s__rosidl_typesupport_fastrtps_c.cpython-310-x86_64-linux-gnu.so
[4.255s] -- Set runtime path of "/home/ahmedmwafy/Test/Mwafy/ros2_my_ws/install/letters_drawing_2/local/lib/python3.10/dist-packages/letters_drawing_2/letters_drawing_2_s__rosidl_typesupport_fastrtps_c.cpython-310-x86_64-linux-gnu.so" to ""
[4.255s] -- Installing: /home/ahmedmwafy/Test/Mwafy/ros2_my_ws/install/letters_drawing_2/local/lib/python3.10/dist-packages/letters_drawing_2/letters_drawing_2_s__rosidl_typesupport_introspection_c.cpython-310-x86_64-linux-gnu.so
[4.255s] -- Set runtime path of "/home/ahmedmwafy/Test/Mwafy/ros2_my_ws/install/letters_drawing_2/local/lib/python3.10/dist-packages/letters_drawing_2/letters_drawing_2_s__rosidl_typesupport_introspection_c.cpython-310-x86_64-linux-gnu.so" to ""
[4.255s] -- Installing: /home/ahmedmwafy/Test/Mwafy/ros2_my_ws/install/letters_drawing_2/local/lib/python3.10/dist-packages/letters_drawing_2/letters_drawing_2_s__rosidl_typesupport_c.cpython-310-x86_64-linux-gnu.so
[4.256s] -- Set runtime path of "/home/ahmedmwafy/Test/Mwafy/ros2_my_ws/install/letters_drawing_2/local/lib/python3.10/dist-packages/letters_drawing_2/letters_drawing_2_s__rosidl_typesupport_c.cpython-310-x86_64-linux-gnu.so" to ""
[4.256s] -- Installing: /home/ahmedmwafy/Test/Mwafy/ros2_my_ws/install/letters_drawing_2/lib/libletters_drawing_2__rosidl_generator_py.so
[4.256s] -- Set runtime path of "/home/ahmedmwafy/Test/Mwafy/ros2_my_ws/install/letters_drawing_2/lib/libletters_drawing_2__rosidl_generator_py.so" to ""
[4.256s] -- Installing: /home/ahmedmwafy/Test/Mwafy/ros2_my_ws/install/letters_drawing_2/share/letters_drawing_2/msg/TurtleInfo.idl
[4.257s] -- Installing: /home/ahmedmwafy/Test/Mwafy/ros2_my_ws/install/letters_drawing_2/share/letters_drawing_2/msg/TurtleInfo.msg
[4.257s] -- Installing: /home/ahmedmwafy/Test/Mwafy/ros2_my_ws/install/letters_drawing_2/share/ament_index/resource_index/package_run_dependencies/letters_drawing_2
[4.257s] -- Installing: /home/ahmedmwafy/Test/Mwafy/ros2_my_ws/install/letters_drawing_2/share/ament_index/resource_index/parent_prefix_path/letters_drawing_2
[4.257s] -- Installing: /home/ahmedmwafy/Test/Mwafy/ros2_my_ws/install/letters_drawing_2/share/letters_drawing_2/environment/ament_prefix_path.sh
[4.257s] -- Installing: /home/ahmedmwafy/Test/Mwafy/ros2_my_ws/install/letters_drawing_2/share/letters_drawing_2/environment/ament_prefix_path.dsv
[4.257s] -- Installing: /home/ahmedmwafy/Test/Mwafy/ros2_my_ws/install/letters_drawing_2/share/letters_drawing_2/environment/path.sh
[4.257s] -- Installing: /home/ahmedmwafy/Test/Mwafy/ros2_my_ws/install/letters_drawing_2/share/letters_drawing_2/environment/path.dsv
[4.258s] -- Installing: /home/ahmedmwafy/Test/Mwafy/ros2_my_ws/install/letters_drawing_2/share/letters_drawing_2/local_setup.bash
[4.258s] -- Installing: /home/ahmedmwafy/Test/Mwafy/ros2_my_ws/install/letters_drawing_2/share/letters_drawing_2/local_setup.sh
[4.258s] -- Installing: /home/ahmedmwafy/Test/Mwafy/ros2_my_ws/install/letters_drawing_2/share/letters_drawing_2/local_setup.zsh
[4.258s] -- Installing: /home/ahmedmwafy/Test/Mwafy/ros2_my_ws/install/letters_drawing_2/share/letters_drawing_2/local_setup.dsv
[4.258s] -- Installing: /home/ahmedmwafy/Test/Mwafy/ros2_my_ws/install/letters_drawing_2/share/letters_drawing_2/package.dsv
[4.258s] -- Installing: /home/ahmedmwafy/Test/Mwafy/ros2_my_ws/install/letters_drawing_2/share/ament_index/resource_index/packages/letters_drawing_2
[4.259s] -- Installing: /home/ahmedmwafy/Test/Mwafy/ros2_my_ws/install/letters_drawing_2/share/letters_drawing_2/cmake/export_letters_drawing_2__rosidl_generator_cExport.cmake
[4.259s] -- Installing: /home/ahmedmwafy/Test/Mwafy/ros2_my_ws/install/letters_drawing_2/share/letters_drawing_2/cmake/export_letters_drawing_2__rosidl_generator_cExport-noconfig.cmake
[4.259s] -- Installing: /home/ahmedmwafy/Test/Mwafy/ros2_my_ws/install/letters_drawing_2/share/letters_drawing_2/cmake/export_letters_drawing_2__rosidl_typesupport_fastrtps_cExport.cmake
[4.259s] -- Installing: /home/ahmedmwafy/Test/Mwafy/ros2_my_ws/install/letters_drawing_2/share/letters_drawing_2/cmake/export_letters_drawing_2__rosidl_typesupport_fastrtps_cExport-noconfig.cmake
[4.259s] -- Installing: /home/ahmedmwafy/Test/Mwafy/ros2_my_ws/install/letters_drawing_2/share/letters_drawing_2/cmake/letters_drawing_2__rosidl_typesupport_introspection_cExport.cmake
[4.260s] -- Installing: /home/ahmedmwafy/Test/Mwafy/ros2_my_ws/install/letters_drawing_2/share/letters_drawing_2/cmake/letters_drawing_2__rosidl_typesupport_introspection_cExport-noconfig.cmake
[4.260s] -- Installing: /home/ahmedmwafy/Test/Mwafy/ros2_my_ws/install/letters_drawing_2/share/letters_drawing_2/cmake/letters_drawing_2__rosidl_typesupport_cExport.cmake
[4.260s] -- Installing: /home/ahmedmwafy/Test/Mwafy/ros2_my_ws/install/letters_drawing_2/share/letters_drawing_2/cmake/letters_drawing_2__rosidl_typesupport_cExport-noconfig.cmake
[4.260s] -- Installing: /home/ahmedmwafy/Test/Mwafy/ros2_my_ws/install/letters_drawing_2/share/letters_drawing_2/cmake/export_letters_drawing_2__rosidl_generator_cppExport.cmake
[4.260s] -- Installing: /home/ahmedmwafy/Test/Mwafy/ros2_my_ws/install/letters_drawing_2/share/letters_drawing_2/cmake/export_letters_drawing_2__rosidl_typesupport_fastrtps_cppExport.cmake
[4.260s] -- Installing: /home/ahmedmwafy/Test/Mwafy/ros2_my_ws/install/letters_drawing_2/share/letters_drawing_2/cmake/export_letters_drawing_2__rosidl_typesupport_fastrtps_cppExport-noconfig.cmake
[4.260s] -- Installing: /home/ahmedmwafy/Test/Mwafy/ros2_my_ws/install/letters_drawing_2/share/letters_drawing_2/cmake/letters_drawing_2__rosidl_typesupport_introspection_cppExport.cmake
[4.261s] -- Installing: /home/ahmedmwafy/Test/Mwafy/ros2_my_ws/install/letters_drawing_2/share/letters_drawing_2/cmake/letters_drawing_2__rosidl_typesupport_introspection_cppExport-noconfig.cmake
[4.261s] -- Installing: /home/ahmedmwafy/Test/Mwafy/ros2_my_ws/install/letters_drawing_2/share/letters_drawing_2/cmake/letters_drawing_2__rosidl_typesupport_cppExport.cmake
[4.261s] -- Installing: /home/ahmedmwafy/Test/Mwafy/ros2_my_ws/install/letters_drawing_2/share/letters_drawing_2/cmake/letters_drawing_2__rosidl_typesupport_cppExport-noconfig.cmake
[4.261s] -- Installing: /home/ahmedmwafy/Test/Mwafy/ros2_my_ws/install/letters_drawing_2/share/letters_drawing_2/cmake/export_letters_drawing_2__rosidl_generator_pyExport.cmake
[4.261s] -- Installing: /home/ahmedmwafy/Test/Mwafy/ros2_my_ws/install/letters_drawing_2/share/letters_drawing_2/cmake/export_letters_drawing_2__rosidl_generator_pyExport-noconfig.cmake
[4.261s] -- Installing: /home/ahmedmwafy/Test/Mwafy/ros2_my_ws/install/letters_drawing_2/share/letters_drawing_2/cmake/rosidl_cmake-extras.cmake
[4.261s] -- Installing: /home/ahmedmwafy/Test/Mwafy/ros2_my_ws/install/letters_drawing_2/share/letters_drawing_2/cmake/ament_cmake_export_dependencies-extras.cmake
[4.261s] -- Installing: /home/ahmedmwafy/Test/Mwafy/ros2_my_ws/install/letters_drawing_2/share/letters_drawing_2/cmake/ament_cmake_export_include_directories-extras.cmake
[4.261s] -- Installing: /home/ahmedmwafy/Test/Mwafy/ros2_my_ws/install/letters_drawing_2/share/letters_drawing_2/cmake/ament_cmake_export_libraries-extras.cmake
[4.261s] -- Installing: /home/ahmedmwafy/Test/Mwafy/ros2_my_ws/install/letters_drawing_2/share/letters_drawing_2/cmake/ament_cmake_export_targets-extras.cmake
[4.261s] -- Installing: /home/ahmedmwafy/Test/Mwafy/ros2_my_ws/install/letters_drawing_2/share/letters_drawing_2/cmake/rosidl_cmake_export_typesupport_targets-extras.cmake
[4.262s] -- Installing: /home/ahmedmwafy/Test/Mwafy/ros2_my_ws/install/letters_drawing_2/share/letters_drawing_2/cmake/rosidl_cmake_export_typesupport_libraries-extras.cmake
[4.262s] -- Installing: /home/ahmedmwafy/Test/Mwafy/ros2_my_ws/install/letters_drawing_2/share/letters_drawing_2/cmake/letters_drawing_2Config.cmake
[4.262s] -- Installing: /home/ahmedmwafy/Test/Mwafy/ros2_my_ws/install/letters_drawing_2/share/letters_drawing_2/cmake/letters_drawing_2Config-version.cmake
[4.262s] -- Installing: /home/ahmedmwafy/Test/Mwafy/ros2_my_ws/install/letters_drawing_2/share/letters_drawing_2/package.xml
[4.264s] Invoked command in '/home/ahmedmwafy/Test/Mwafy/ros2_my_ws/build/letters_drawing_2' returned '0': CMAKE_PREFIX_PATH=/opt/ros/humble /usr/bin/cmake --install /home/ahmedmwafy/Test/Mwafy/ros2_my_ws/build/letters_drawing_2
